--------------------------------------------------------------------------------
CPU name:	Intel(R) Core(TM) i5-7500 CPU @ 3.40GHz
CPU type:	Intel Coffeelake processor
CPU clock:	3.41 GHz
--------------------------------------------------------------------------------
Tempo matriz vetor: 0.003020
Tempo matriz matriz: 0.226992
Tempo matriz matriz(V2): 0.160940
--------------------------------------------------------------------------------
Region tempoMatVet, Group 1: ENERGY
+-------------------+----------+
|    Region Info    |  Core 3  |
+-------------------+----------+
| RDTSC Runtime [s] | 0.000004 |
|     call count    |        1 |
+-------------------+----------+

+-----------------------+---------+--------+
|         Event         | Counter | Core 3 |
+-----------------------+---------+--------+
|   INSTR_RETIRED_ANY   |  FIXC0  |  31421 |
| CPU_CLK_UNHALTED_CORE |  FIXC1  |  28224 |
|  CPU_CLK_UNHALTED_REF |  FIXC2  |  25986 |
|       TEMP_CORE       |   TMP0  |    191 |
|     PWR_PKG_ENERGY    |   PWR0  |      0 |
|     PWR_PP0_ENERGY    |   PWR1  | 0.0011 |
|     PWR_PP1_ENERGY    |   PWR2  |      0 |
|    PWR_DRAM_ENERGY    |   PWR3  |      0 |
+-----------------------+---------+--------+

+----------------------+--------------+
|        Metric        |    Core 3    |
+----------------------+--------------+
|  Runtime (RDTSC) [s] | 4.212465e-06 |
| Runtime unhalted [s] | 8.284868e-06 |
|      Clock [MHz]     |    3700.0884 |
|          CPI         |       0.8983 |
|    Temperature [C]   |          191 |
|      Energy [J]      |            0 |
|       Power [W]      |            0 |
|    Energy PP0 [J]    |       0.0011 |
|     Power PP0 [W]    |     260.8053 |
|    Energy PP1 [J]    |            0 |
|     Power PP1 [W]    |            0 |
|    Energy DRAM [J]   |            0 |
|    Power DRAM [W]    |            0 |
+----------------------+--------------+

Region tempoMatVetOtimizado, Group 1: ENERGY
+-------------------+----------+
|    Region Info    |  Core 3  |
+-------------------+----------+
| RDTSC Runtime [s] | 0.000003 |
|     call count    |        1 |
+-------------------+----------+

+-----------------------+---------+--------+
|         Event         | Counter | Core 3 |
+-----------------------+---------+--------+
|   INSTR_RETIRED_ANY   |  FIXC0  |  25085 |
| CPU_CLK_UNHALTED_CORE |  FIXC1  |  20298 |
|  CPU_CLK_UNHALTED_REF |  FIXC2  |  18460 |
|       TEMP_CORE       |   TMP0  |    191 |
|     PWR_PKG_ENERGY    |   PWR0  |      0 |
|     PWR_PP0_ENERGY    |   PWR1  | 0.0010 |
|     PWR_PP1_ENERGY    |   PWR2  |      0 |
|    PWR_DRAM_ENERGY    |   PWR3  |      0 |
+-----------------------+---------+--------+

+----------------------+--------------+
|        Metric        |    Core 3    |
+----------------------+--------------+
|  Runtime (RDTSC) [s] | 2.857410e-06 |
| Runtime unhalted [s] | 5.958271e-06 |
|      Clock [MHz]     |    3745.8857 |
|          CPI         |       0.8092 |
|    Temperature [C]   |          191 |
|      Energy [J]      |            0 |
|       Power [W]      |            0 |
|    Energy PP0 [J]    |       0.0010 |
|     Power PP0 [W]    |     363.1253 |
|    Energy PP1 [J]    |            0 |
|     Power PP1 [W]    |            0 |
|    Energy DRAM [J]   |            0 |
|    Power DRAM [W]    |            0 |
+----------------------+--------------+

Region tempoMatMat, Group 1: ENERGY
+-------------------+----------+
|    Region Info    |  Core 3  |
+-------------------+----------+
| RDTSC Runtime [s] | 0.000227 |
|     call count    |        1 |
+-------------------+----------+

+-----------------------+---------+---------+
|         Event         | Counter |  Core 3 |
+-----------------------+---------+---------+
|   INSTR_RETIRED_ANY   |  FIXC0  | 1884887 |
| CPU_CLK_UNHALTED_CORE |  FIXC1  |  812929 |
|  CPU_CLK_UNHALTED_REF |  FIXC2  |  750328 |
|       TEMP_CORE       |   TMP0  |     192 |
|     PWR_PKG_ENERGY    |   PWR0  |       0 |
|     PWR_PP0_ENERGY    |   PWR1  |  0.0032 |
|     PWR_PP1_ENERGY    |   PWR2  |       0 |
|    PWR_DRAM_ENERGY    |   PWR3  |       0 |
+-----------------------+---------+---------+

+----------------------+-----------+
|        Metric        |   Core 3  |
+----------------------+-----------+
|  Runtime (RDTSC) [s] |    0.0002 |
| Runtime unhalted [s] |    0.0002 |
|      Clock [MHz]     | 3690.9183 |
|          CPI         |    0.4313 |
|    Temperature [C]   |       192 |
|      Energy [J]      |         0 |
|       Power [W]      |         0 |
|    Energy PP0 [J]    |    0.0032 |
|     Power PP0 [W]    |   13.9719 |
|    Energy PP1 [J]    |         0 |
|     Power PP1 [W]    |         0 |
|    Energy DRAM [J]   |         0 |
|    Power DRAM [W]    |         0 |
+----------------------+-----------+

Region tempoMatMatOtimizado, Group 1: ENERGY
+-------------------+----------+
|    Region Info    |  Core 3  |
+-------------------+----------+
| RDTSC Runtime [s] | 0.000161 |
|     call count    |        1 |
+-------------------+----------+

+-----------------------+---------+---------+
|         Event         | Counter |  Core 3 |
+-----------------------+---------+---------+
|   INSTR_RETIRED_ANY   |  FIXC0  | 1376746 |
| CPU_CLK_UNHALTED_CORE |  FIXC1  |  604706 |
|  CPU_CLK_UNHALTED_REF |  FIXC2  |  558060 |
|       TEMP_CORE       |   TMP0  |     192 |
|     PWR_PKG_ENERGY    |   PWR0  |       0 |
|     PWR_PP0_ENERGY    |   PWR1  |  0.0027 |
|     PWR_PP1_ENERGY    |   PWR2  |       0 |
|    PWR_DRAM_ENERGY    |   PWR3  |       0 |
+-----------------------+---------+---------+

+----------------------+-----------+
|        Metric        |   Core 3  |
+----------------------+-----------+
|  Runtime (RDTSC) [s] |    0.0002 |
| Runtime unhalted [s] |    0.0002 |
|      Clock [MHz]     | 3691.4446 |
|          CPI         |    0.4392 |
|    Temperature [C]   |       192 |
|      Energy [J]      |         0 |
|       Power [W]      |         0 |
|    Energy PP0 [J]    |    0.0027 |
|     Power PP0 [W]    |   16.6639 |
|    Energy PP1 [J]    |         0 |
|     Power PP1 [W]    |         0 |
|    Energy DRAM [J]   |         0 |
|    Power DRAM [W]    |         0 |
+----------------------+-----------+

--------------------------------------------------------------------------------
CPU name:	Intel(R) Core(TM) i5-7500 CPU @ 3.40GHz
CPU type:	Intel Coffeelake processor
CPU clock:	3.41 GHz
--------------------------------------------------------------------------------
Tempo matriz vetor: 0.019101
Tempo matriz matriz: 2.013438
Tempo matriz matriz(V2): 1.175472
--------------------------------------------------------------------------------
Region tempoMatVet, Group 1: ENERGY
+-------------------+----------+
|    Region Info    |  Core 3  |
+-------------------+----------+
| RDTSC Runtime [s] | 0.000022 |
|     call count    |        1 |
+-------------------+----------+

+-----------------------+---------+--------+
|         Event         | Counter | Core 3 |
+-----------------------+---------+--------+
|   INSTR_RETIRED_ANY   |  FIXC0  |  67097 |
| CPU_CLK_UNHALTED_CORE |  FIXC1  |  49321 |
|  CPU_CLK_UNHALTED_REF |  FIXC2  |  98974 |
|       TEMP_CORE       |   TMP0  |    189 |
|     PWR_PKG_ENERGY    |   PWR0  | 0.0022 |
|     PWR_PP0_ENERGY    |   PWR1  | 0.0005 |
|     PWR_PP1_ENERGY    |   PWR2  |      0 |
|    PWR_DRAM_ENERGY    |   PWR3  | 0.0005 |
+-----------------------+---------+--------+

+----------------------+--------------+
|        Metric        |    Core 3    |
+----------------------+--------------+
|  Runtime (RDTSC) [s] | 2.157766e-05 |
| Runtime unhalted [s] | 1.447240e-05 |
|      Clock [MHz]     |    1698.2513 |
|          CPI         |       0.7351 |
|    Temperature [C]   |          189 |
|      Energy [J]      |       0.0022 |
|       Power [W]      |     101.8306 |
|    Energy PP0 [J]    |       0.0005 |
|     Power PP0 [W]    |      25.4576 |
|    Energy PP1 [J]    |            0 |
|     Power PP1 [W]    |            0 |
|    Energy DRAM [J]   |       0.0005 |
|    Power DRAM [W]    |      22.6290 |
+----------------------+--------------+

Region tempoMatVetOtimizado, Group 1: ENERGY
+-------------------+----------+
|    Region Info    |  Core 3  |
+-------------------+----------+
| RDTSC Runtime [s] | 0.000015 |
|     call count    |        1 |
+-------------------+----------+

+-----------------------+---------+--------+
|         Event         | Counter | Core 3 |
+-----------------------+---------+--------+
|   INSTR_RETIRED_ANY   |  FIXC0  |  54794 |
| CPU_CLK_UNHALTED_CORE |  FIXC1  |  34675 |
|  CPU_CLK_UNHALTED_REF |  FIXC2  |  69864 |
|       TEMP_CORE       |   TMP0  |    189 |
|     PWR_PKG_ENERGY    |   PWR0  |      0 |
|     PWR_PP0_ENERGY    |   PWR1  | 0.0006 |
|     PWR_PP1_ENERGY    |   PWR2  |      0 |
|    PWR_DRAM_ENERGY    |   PWR3  |      0 |
+-----------------------+---------+--------+

+----------------------+--------------+
|        Metric        |    Core 3    |
+----------------------+--------------+
|  Runtime (RDTSC) [s] | 1.492854e-05 |
| Runtime unhalted [s] | 1.017479e-05 |
|      Clock [MHz]     |    1691.4307 |
|          CPI         |       0.6328 |
|    Temperature [C]   |          189 |
|      Energy [J]      |            0 |
|       Power [W]      |            0 |
|    Energy PP0 [J]    |       0.0006 |
|     Power PP0 [W]    |      40.8849 |
|    Energy PP1 [J]    |            0 |
|     Power PP1 [W]    |            0 |
|    Energy DRAM [J]   |            0 |
|    Power DRAM [W]    |            0 |
+----------------------+--------------+

Region tempoMatMat, Group 1: ENERGY
+-------------------+----------+
|    Region Info    |  Core 3  |
+-------------------+----------+
| RDTSC Runtime [s] | 0.002014 |
|     call count    |        1 |
+-------------------+----------+

+-----------------------+---------+---------+
|         Event         | Counter |  Core 3 |
+-----------------------+---------+---------+
|   INSTR_RETIRED_ANY   |  FIXC0  | 7115183 |
| CPU_CLK_UNHALTED_CORE |  FIXC1  | 3348197 |
|  CPU_CLK_UNHALTED_REF |  FIXC2  | 6728102 |
|       TEMP_CORE       |   TMP0  |     189 |
|     PWR_PKG_ENERGY    |   PWR0  |  0.0073 |
|     PWR_PP0_ENERGY    |   PWR1  |  0.0048 |
|     PWR_PP1_ENERGY    |   PWR2  |       0 |
|    PWR_DRAM_ENERGY    |   PWR3  |  0.0016 |
+-----------------------+---------+---------+

+----------------------+-----------+
|        Metric        |   Core 3  |
+----------------------+-----------+
|  Runtime (RDTSC) [s] |    0.0020 |
| Runtime unhalted [s] |    0.0010 |
|      Clock [MHz]     | 1695.9367 |
|          CPI         |    0.4706 |
|    Temperature [C]   |       189 |
|      Energy [J]      |    0.0073 |
|       Power [W]      |    3.6065 |
|    Energy PP0 [J]    |    0.0048 |
|     Power PP0 [W]    |    2.3639 |
|    Energy PP1 [J]    |         0 |
|     Power PP1 [W]    |         0 |
|    Energy DRAM [J]   |    0.0016 |
|    Power DRAM [W]    |    0.7880 |
+----------------------+-----------+

Region tempoMatMatOtimizado, Group 1: ENERGY
+-------------------+----------+
|    Region Info    |  Core 3  |
+-------------------+----------+
| RDTSC Runtime [s] | 0.001176 |
|     call count    |        1 |
+-------------------+----------+

+-----------------------+---------+---------+
|         Event         | Counter |  Core 3 |
+-----------------------+---------+---------+
|   INSTR_RETIRED_ANY   |  FIXC0  | 5275480 |
| CPU_CLK_UNHALTED_CORE |  FIXC1  | 2222854 |
|  CPU_CLK_UNHALTED_REF |  FIXC2  | 3967196 |
|       TEMP_CORE       |   TMP0  |     189 |
|     PWR_PKG_ENERGY    |   PWR0  |  0.0024 |
|     PWR_PP0_ENERGY    |   PWR1  |  0.0038 |
|     PWR_PP1_ENERGY    |   PWR2  |       0 |
|    PWR_DRAM_ENERGY    |   PWR3  |  0.0005 |
+-----------------------+---------+---------+

+----------------------+-----------+
|        Metric        |   Core 3  |
+----------------------+-----------+
|  Runtime (RDTSC) [s] |    0.0012 |
| Runtime unhalted [s] |    0.0007 |
|      Clock [MHz]     | 1909.4948 |
|          CPI         |    0.4214 |
|    Temperature [C]   |       189 |
|      Energy [J]      |    0.0024 |
|       Power [W]      |    2.0242 |
|    Energy PP0 [J]    |    0.0038 |
|     Power PP0 [W]    |    3.2180 |
|    Energy PP1 [J]    |         0 |
|     Power PP1 [W]    |         0 |
|    Energy DRAM [J]   |    0.0005 |
|    Power DRAM [W]    |    0.4152 |
+----------------------+-----------+

--------------------------------------------------------------------------------
CPU name:	Intel(R) Core(TM) i5-7500 CPU @ 3.40GHz
CPU type:	Intel Coffeelake processor
CPU clock:	3.41 GHz
--------------------------------------------------------------------------------
Tempo matriz vetor: 0.015936
Tempo matriz matriz: 2.559501
Tempo matriz matriz(V2): 1.576334
--------------------------------------------------------------------------------
Region tempoMatVet, Group 1: ENERGY
+-------------------+----------+
|    Region Info    |  Core 3  |
+-------------------+----------+
| RDTSC Runtime [s] | 0.000017 |
|     call count    |        1 |
+-------------------+----------+

+-----------------------+---------+--------+
|         Event         | Counter | Core 3 |
+-----------------------+---------+--------+
|   INSTR_RETIRED_ANY   |  FIXC0  | 105597 |
| CPU_CLK_UNHALTED_CORE |  FIXC1  |  73742 |
|  CPU_CLK_UNHALTED_REF |  FIXC2  |  71994 |
|       TEMP_CORE       |   TMP0  |    191 |
|     PWR_PKG_ENERGY    |   PWR0  |      0 |
|     PWR_PP0_ENERGY    |   PWR1  | 0.0009 |
|     PWR_PP1_ENERGY    |   PWR2  |      0 |
|    PWR_DRAM_ENERGY    |   PWR3  |      0 |
+-----------------------+---------+--------+

+----------------------+--------------+
|        Metric        |    Core 3    |
+----------------------+--------------+
|  Runtime (RDTSC) [s] | 1.724658e-05 |
| Runtime unhalted [s] | 2.163813e-05 |
|      Clock [MHz]     |    3490.7108 |
|          CPI         |       0.6983 |
|    Temperature [C]   |          191 |
|      Energy [J]      |            0 |
|       Power [W]      |            0 |
|    Energy PP0 [J]    |       0.0009 |
|     Power PP0 [W]    |      53.0846 |
|    Energy PP1 [J]    |            0 |
|     Power PP1 [W]    |            0 |
|    Energy DRAM [J]   |            0 |
|    Power DRAM [W]    |            0 |
+----------------------+--------------+

Region tempoMatVetOtimizado, Group 1: ENERGY
+-------------------+----------+
|    Region Info    |  Core 3  |
+-------------------+----------+
| RDTSC Runtime [s] | 0.000011 |
|     call count    |        1 |
+-------------------+----------+

+-----------------------+---------+--------+
|         Event         | Counter | Core 3 |
+-----------------------+---------+--------+
|   INSTR_RETIRED_ANY   |  FIXC0  |  86861 |
| CPU_CLK_UNHALTED_CORE |  FIXC1  |  50241 |
|  CPU_CLK_UNHALTED_REF |  FIXC2  |  48706 |
|       TEMP_CORE       |   TMP0  |    191 |
|     PWR_PKG_ENERGY    |   PWR0  |      0 |
|     PWR_PP0_ENERGY    |   PWR1  | 0.0009 |
|     PWR_PP1_ENERGY    |   PWR2  |      0 |
|    PWR_DRAM_ENERGY    |   PWR3  |      0 |
+-----------------------+---------+--------+

+----------------------+--------------+
|        Metric        |    Core 3    |
+----------------------+--------------+
|  Runtime (RDTSC) [s] | 1.147953e-05 |
| Runtime unhalted [s] | 1.474222e-05 |
|      Clock [MHz]     |    3515.3702 |
|          CPI         |       0.5784 |
|    Temperature [C]   |          191 |
|      Energy [J]      |            0 |
|       Power [W]      |            0 |
|    Energy PP0 [J]    |       0.0009 |
|     Power PP0 [W]    |      79.7530 |
|    Energy PP1 [J]    |            0 |
|     Power PP1 [W]    |            0 |
|    Energy DRAM [J]   |            0 |
|    Power DRAM [W]    |            0 |
+----------------------+--------------+

Region tempoMatMat, Group 1: ENERGY
+-------------------+----------+
|    Region Info    |  Core 3  |
+-------------------+----------+
| RDTSC Runtime [s] | 0.002560 |
|     call count    |        1 |
+-------------------+----------+

+-----------------------+---------+----------+
|         Event         | Counter |  Core 3  |
+-----------------------+---------+----------+
|   INSTR_RETIRED_ANY   |  FIXC0  | 14865810 |
| CPU_CLK_UNHALTED_CORE |  FIXC1  |  8744886 |
|  CPU_CLK_UNHALTED_REF |  FIXC2  |  8535336 |
|       TEMP_CORE       |   TMP0  |      193 |
|     PWR_PKG_ENERGY    |   PWR0  |   0.0259 |
|     PWR_PP0_ENERGY    |   PWR1  |   0.0214 |
|     PWR_PP1_ENERGY    |   PWR2  |        0 |
|    PWR_DRAM_ENERGY    |   PWR3  |   0.0015 |
+-----------------------+---------+----------+

+----------------------+-----------+
|        Metric        |   Core 3  |
+----------------------+-----------+
|  Runtime (RDTSC) [s] |    0.0026 |
| Runtime unhalted [s] |    0.0026 |
|      Clock [MHz]     | 3491.6346 |
|          CPI         |    0.5883 |
|    Temperature [C]   |       193 |
|      Energy [J]      |    0.0259 |
|       Power [W]      |   10.1335 |
|    Energy PP0 [J]    |    0.0214 |
|     Power PP0 [W]    |    8.3452 |
|    Energy PP1 [J]    |         0 |
|     Power PP1 [W]    |         0 |
|    Energy DRAM [J]   |    0.0015 |
|    Power DRAM [W]    |    0.5961 |
+----------------------+-----------+

Region tempoMatMatOtimizado, Group 1: ENERGY
+-------------------+----------+
|    Region Info    |  Core 3  |
+-------------------+----------+
| RDTSC Runtime [s] | 0.001577 |
|     call count    |        1 |
+-------------------+----------+

+-----------------------+---------+----------+
|         Event         | Counter |  Core 3  |
+-----------------------+---------+----------+
|   INSTR_RETIRED_ANY   |  FIXC0  | 10982120 |
| CPU_CLK_UNHALTED_CORE |  FIXC1  |  5371525 |
|  CPU_CLK_UNHALTED_REF |  FIXC2  |  5241930 |
|       TEMP_CORE       |   TMP0  |      195 |
|     PWR_PKG_ENERGY    |   PWR0  |   0.0159 |
|     PWR_PP0_ENERGY    |   PWR1  |   0.0132 |
|     PWR_PP1_ENERGY    |   PWR2  |        0 |
|    PWR_DRAM_ENERGY    |   PWR3  |   0.0010 |
+-----------------------+---------+----------+

+----------------------+-----------+
|        Metric        |   Core 3  |
+----------------------+-----------+
|  Runtime (RDTSC) [s] |    0.0016 |
| Runtime unhalted [s] |    0.0016 |
|      Clock [MHz]     | 3492.2204 |
|          CPI         |    0.4891 |
|    Temperature [C]   |       195 |
|      Energy [J]      |    0.0159 |
|       Power [W]      |   10.0653 |
|    Energy PP0 [J]    |    0.0132 |
|     Power PP0 [W]    |    8.3619 |
|    Energy PP1 [J]    |         0 |
|     Power PP1 [W]    |         0 |
|    Energy DRAM [J]   |    0.0010 |
|    Power DRAM [W]    |    0.6581 |
+----------------------+-----------+

--------------------------------------------------------------------------------
CPU name:	Intel(R) Core(TM) i5-7500 CPU @ 3.40GHz
CPU type:	Intel Coffeelake processor
CPU clock:	3.41 GHz
--------------------------------------------------------------------------------
Tempo matriz vetor: 0.039853
Tempo matriz matriz: 8.350438
Tempo matriz matriz(V2): 4.967309
--------------------------------------------------------------------------------
Region tempoMatVet, Group 1: ENERGY
+-------------------+----------+
|    Region Info    |  Core 3  |
+-------------------+----------+
| RDTSC Runtime [s] | 0.000041 |
|     call count    |        1 |
+-------------------+----------+

+-----------------------+---------+--------+
|         Event         | Counter | Core 3 |
+-----------------------+---------+--------+
|   INSTR_RETIRED_ANY   |  FIXC0  | 247797 |
| CPU_CLK_UNHALTED_CORE |  FIXC1  | 165878 |
|  CPU_CLK_UNHALTED_REF |  FIXC2  | 153076 |
|       TEMP_CORE       |   TMP0  |    193 |
|     PWR_PKG_ENERGY    |   PWR0  |      0 |
|     PWR_PP0_ENERGY    |   PWR1  | 0.0011 |
|     PWR_PP1_ENERGY    |   PWR2  |      0 |
|    PWR_DRAM_ENERGY    |   PWR3  |      0 |
+-----------------------+---------+--------+

+----------------------+--------------+
|        Metric        |    Core 3    |
+----------------------+--------------+
|  Runtime (RDTSC) [s] | 4.121496e-05 |
| Runtime unhalted [s] | 4.867863e-05 |
|      Clock [MHz]     |    3692.5985 |
|          CPI         |       0.6694 |
|    Temperature [C]   |          193 |
|      Energy [J]      |            0 |
|       Power [W]      |            0 |
|    Energy PP0 [J]    |       0.0011 |
|     Power PP0 [W]    |      26.6562 |
|    Energy PP1 [J]    |            0 |
|     Power PP1 [W]    |            0 |
|    Energy DRAM [J]   |            0 |
|    Power DRAM [W]    |            0 |
+----------------------+--------------+

Region tempoMatVetOtimizado, Group 1: ENERGY
+-------------------+----------+
|    Region Info    |  Core 3  |
+-------------------+----------+
| RDTSC Runtime [s] | 0.000026 |
|     call count    |        1 |
+-------------------+----------+

+-----------------------+---------+--------+
|         Event         | Counter | Core 3 |
+-----------------------+---------+--------+
|   INSTR_RETIRED_ANY   |  FIXC0  | 205319 |
| CPU_CLK_UNHALTED_CORE |  FIXC1  | 106998 |
|  CPU_CLK_UNHALTED_REF |  FIXC2  |  98832 |
|       TEMP_CORE       |   TMP0  |    193 |
|     PWR_PKG_ENERGY    |   PWR0  |      0 |
|     PWR_PP0_ENERGY    |   PWR1  | 0.0010 |
|     PWR_PP1_ENERGY    |   PWR2  |      0 |
|    PWR_DRAM_ENERGY    |   PWR3  |      0 |
+-----------------------+---------+--------+

+----------------------+--------------+
|        Metric        |    Core 3    |
+----------------------+--------------+
|  Runtime (RDTSC) [s] | 2.623191e-05 |
| Runtime unhalted [s] | 3.139968e-05 |
|      Clock [MHz]     |    3689.1684 |
|          CPI         |       0.5211 |
|    Temperature [C]   |          193 |
|      Energy [J]      |            0 |
|       Power [W]      |            0 |
|    Energy PP0 [J]    |       0.0010 |
|     Power PP0 [W]    |      39.5548 |
|    Energy PP1 [J]    |            0 |
|     Power PP1 [W]    |            0 |
|    Energy DRAM [J]   |            0 |
|    Power DRAM [W]    |            0 |
+----------------------+--------------+

Region tempoMatMat, Group 1: ENERGY
+-------------------+----------+
|    Region Info    |  Core 3  |
+-------------------+----------+
| RDTSC Runtime [s] | 0.008351 |
|     call count    |        1 |
+-------------------+----------+

+-----------------------+---------+----------+
|         Event         | Counter |  Core 3  |
+-----------------------+---------+----------+
|   INSTR_RETIRED_ANY   |  FIXC0  | 56446340 |
| CPU_CLK_UNHALTED_CORE |  FIXC1  | 30222780 |
|  CPU_CLK_UNHALTED_REF |  FIXC2  | 27902010 |
|       TEMP_CORE       |   TMP0  |      197 |
|     PWR_PKG_ENERGY    |   PWR0  |   0.0743 |
|     PWR_PP0_ENERGY    |   PWR1  |   0.0753 |
|     PWR_PP1_ENERGY    |   PWR2  |        0 |
|    PWR_DRAM_ENERGY    |   PWR3  |   0.0043 |
+-----------------------+---------+----------+

+----------------------+-----------+
|        Metric        |   Core 3  |
+----------------------+-----------+
|  Runtime (RDTSC) [s] |    0.0084 |
| Runtime unhalted [s] |    0.0089 |
|      Clock [MHz]     | 3691.0449 |
|          CPI         |    0.5354 |
|    Temperature [C]   |       197 |
|      Energy [J]      |    0.0743 |
|       Power [W]      |    8.8949 |
|    Energy PP0 [J]    |    0.0753 |
|     Power PP0 [W]    |    9.0118 |
|    Energy PP1 [J]    |         0 |
|     Power PP1 [W]    |         0 |
|    Energy DRAM [J]   |    0.0043 |
|    Power DRAM [W]    |    0.5189 |
+----------------------+-----------+

Region tempoMatMatOtimizado, Group 1: ENERGY
+-------------------+----------+
|    Region Info    |  Core 3  |
+-------------------+----------+
| RDTSC Runtime [s] | 0.004968 |
|     call count    |        1 |
+-------------------+----------+

+-----------------------+---------+----------+
|         Event         | Counter |  Core 3  |
+-----------------------+---------+----------+
|   INSTR_RETIRED_ANY   |  FIXC0  | 41977350 |
| CPU_CLK_UNHALTED_CORE |  FIXC1  | 18002320 |
|  CPU_CLK_UNHALTED_REF |  FIXC2  | 16620250 |
|       TEMP_CORE       |   TMP0  |      198 |
|     PWR_PKG_ENERGY    |   PWR0  |   0.0576 |
|     PWR_PP0_ENERGY    |   PWR1  |   0.0471 |
|     PWR_PP1_ENERGY    |   PWR2  |        0 |
|    PWR_DRAM_ENERGY    |   PWR3  |   0.0031 |
+-----------------------+---------+----------+

+----------------------+-----------+
|        Metric        |   Core 3  |
+----------------------+-----------+
|  Runtime (RDTSC) [s] |    0.0050 |
| Runtime unhalted [s] |    0.0053 |
|      Clock [MHz]     | 3690.9769 |
|          CPI         |    0.4289 |
|    Temperature [C]   |       198 |
|      Energy [J]      |    0.0576 |
|       Power [W]      |   11.5862 |
|    Energy PP0 [J]    |    0.0471 |
|     Power PP0 [W]    |    9.4852 |
|    Energy PP1 [J]    |         0 |
|     Power PP1 [W]    |         0 |
|    Energy DRAM [J]   |    0.0031 |
|    Power DRAM [W]    |    0.6266 |
+----------------------+-----------+

