--------------------------------------------------------------------------------
CPU name:	Intel(R) Core(TM) i5-7500 CPU @ 3.40GHz
CPU type:	Intel Coffeelake processor
CPU clock:	3.41 GHz
--------------------------------------------------------------------------------
[4.60447675e+04, 4.60447816e+04] [-4.87162827e+01, -4.87162779e+01] [1.28889187e-02, 1.28889199e-02] 
[-5.70661317e+00, -5.73419699e+00] [2.80045899e+00, 2.77270338e+00] [4.57326852e+00, 4.54541711e+00] [7.38553637e+00, 7.35749263e+00] [-2.71333071e+00, -2.74156779e+00] [-6.22943986e+00, -6.25777398e+00] [-4.72333274e+00, -4.75176415e+00] [-1.19500935e+00, -1.22353831e+00] [2.75553030e+00, 2.72690355e+00] [2.83378371e+00, 2.80504909e+00] [3.74603580e-01, 3.45819835e-01] 
--------------------------------------------------------------------------------
Region GerarSistema, Group 1: FLOPS_DP
+-------------------+----------+
|    Region Info    |  Core 3  |
+-------------------+----------+
| RDTSC Runtime [s] | 0.000015 |
|     call count    |        1 |
+-------------------+----------+

+------------------------------------------+---------+--------+
|                   Event                  | Counter | Core 3 |
+------------------------------------------+---------+--------+
|             INSTR_RETIRED_ANY            |  FIXC0  |  40886 |
|           CPU_CLK_UNHALTED_CORE          |  FIXC1  |  42827 |
|           CPU_CLK_UNHALTED_REF           |  FIXC2  |  38482 |
| FP_ARITH_INST_RETIRED_128B_PACKED_DOUBLE |   PMC0  |    132 |
|    FP_ARITH_INST_RETIRED_SCALAR_DOUBLE   |   PMC1  |  13694 |
| FP_ARITH_INST_RETIRED_256B_PACKED_DOUBLE |   PMC2  |      0 |
+------------------------------------------+---------+--------+

+----------------------+--------------+
|        Metric        |    Core 3    |
+----------------------+--------------+
|  Runtime (RDTSC) [s] | 1.483262e-05 |
| Runtime unhalted [s] | 1.256649e-05 |
|      Clock [MHz]     |    3792.8325 |
|          CPI         |       1.0475 |
|      DP MFLOP/s      |     941.0340 |
|    AVX DP MFLOP/s    |            0 |
|    Packed MUOPS/s    |       8.8993 |
|    Scalar MUOPS/s    |     923.2354 |
|  Vectorization ratio |       0.9547 |
+----------------------+--------------+

Region ResolverSistema, Group 1: FLOPS_DP
+-------------------+----------+
|    Region Info    |  Core 3  |
+-------------------+----------+
| RDTSC Runtime [s] | 0.000001 |
|     call count    |        1 |
+-------------------+----------+

+------------------------------------------+---------+--------+
|                   Event                  | Counter | Core 3 |
+------------------------------------------+---------+--------+
|             INSTR_RETIRED_ANY            |  FIXC0  |   5142 |
|           CPU_CLK_UNHALTED_CORE          |  FIXC1  |  11837 |
|           CPU_CLK_UNHALTED_REF           |  FIXC2  |  10650 |
| FP_ARITH_INST_RETIRED_128B_PACKED_DOUBLE |   PMC0  |     11 |
|    FP_ARITH_INST_RETIRED_SCALAR_DOUBLE   |   PMC1  |    161 |
| FP_ARITH_INST_RETIRED_256B_PACKED_DOUBLE |   PMC2  |      0 |
+------------------------------------------+---------+--------+

+----------------------+--------------+
|        Metric        |    Core 3    |
+----------------------+--------------+
|  Runtime (RDTSC) [s] | 6.918957e-07 |
| Runtime unhalted [s] | 3.473266e-06 |
|      Clock [MHz]     |    3787.8754 |
|          CPI         |       2.3020 |
|      DP MFLOP/s      |     264.4907 |
|    AVX DP MFLOP/s    |            0 |
|    Packed MUOPS/s    |      15.8983 |
|    Scalar MUOPS/s    |     232.6940 |
|  Vectorization ratio |       6.3953 |
+----------------------+--------------+

