--------------------------------------------------------------------------------
CPU name:	Intel(R) Core(TM) i5-7500 CPU @ 3.40GHz
CPU type:	Intel Coffeelake processor
CPU clock:	3.41 GHz
--------------------------------------------------------------------------------
Tempo matriz vetor: 0.002963
Tempo matriz matriz: 0.211267
Tempo matriz matriz(V2): 0.156829
--------------------------------------------------------------------------------
Region tempoMatVet, Group 1: ENERGY
+-------------------+----------+
|    Region Info    |  Core 3  |
+-------------------+----------+
| RDTSC Runtime [s] | 0.000004 |
|     call count    |        1 |
+-------------------+----------+

+-----------------------+---------+--------+
|         Event         | Counter | Core 3 |
+-----------------------+---------+--------+
|   INSTR_RETIRED_ANY   |  FIXC0  |  31421 |
| CPU_CLK_UNHALTED_CORE |  FIXC1  |  29790 |
|  CPU_CLK_UNHALTED_REF |  FIXC2  |  26554 |
|       TEMP_CORE       |   TMP0  |    209 |
|     PWR_PKG_ENERGY    |   PWR0  |      0 |
|     PWR_PP0_ENERGY    |   PWR1  | 0.0013 |
|     PWR_PP1_ENERGY    |   PWR2  |      0 |
|    PWR_DRAM_ENERGY    |   PWR3  |      0 |
+-----------------------+---------+--------+

+----------------------+--------------+
|        Metric        |    Core 3    |
+----------------------+--------------+
|  Runtime (RDTSC) [s] | 4.280551e-06 |
| Runtime unhalted [s] | 8.741272e-06 |
|      Clock [MHz]     |    3823.2830 |
|          CPI         |       0.9481 |
|    Temperature [C]   |          209 |
|      Energy [J]      |            0 |
|       Power [W]      |            0 |
|    Energy PP0 [J]    |       0.0013 |
|     Power PP0 [W]    |     313.6916 |
|    Energy PP1 [J]    |            0 |
|     Power PP1 [W]    |            0 |
|    Energy DRAM [J]   |            0 |
|    Power DRAM [W]    |            0 |
+----------------------+--------------+

Region tempoMatVetOtimizado, Group 1: ENERGY
+-------------------+----------+
|    Region Info    |  Core 3  |
+-------------------+----------+
| RDTSC Runtime [s] | 0.000003 |
|     call count    |        1 |
+-------------------+----------+

+-----------------------+---------+--------+
|         Event         | Counter | Core 3 |
+-----------------------+---------+--------+
|   INSTR_RETIRED_ANY   |  FIXC0  |  25085 |
| CPU_CLK_UNHALTED_CORE |  FIXC1  |  21094 |
|  CPU_CLK_UNHALTED_REF |  FIXC2  |  18744 |
|       TEMP_CORE       |   TMP0  |    210 |
|     PWR_PKG_ENERGY    |   PWR0  | 0.0117 |
|     PWR_PP0_ENERGY    |   PWR1  | 0.0009 |
|     PWR_PP1_ENERGY    |   PWR2  |      0 |
|    PWR_DRAM_ENERGY    |   PWR3  | 0.0005 |
+-----------------------+---------+--------+

+----------------------+--------------+
|        Metric        |    Core 3    |
+----------------------+--------------+
|  Runtime (RDTSC) [s] | 2.786994e-06 |
| Runtime unhalted [s] | 6.189607e-06 |
|      Clock [MHz]     |    3835.2401 |
|          CPI         |       0.8409 |
|    Temperature [C]   |          210 |
|      Energy [J]      |       0.0117 |
|       Power [W]      |    4182.8974 |
|    Energy PP0 [J]    |       0.0009 |
|     Power PP0 [W]    |     328.4999 |
|    Energy PP1 [J]    |            0 |
|     Power PP1 [W]    |            0 |
|    Energy DRAM [J]   |       0.0005 |
|    Power DRAM [W]    |     197.1000 |
+----------------------+--------------+

Region tempoMatMat, Group 1: ENERGY
+-------------------+----------+
|    Region Info    |  Core 3  |
+-------------------+----------+
| RDTSC Runtime [s] | 0.000211 |
|     call count    |        1 |
+-------------------+----------+

+-----------------------+---------+---------+
|         Event         | Counter |  Core 3 |
+-----------------------+---------+---------+
|   INSTR_RETIRED_ANY   |  FIXC0  | 1884886 |
| CPU_CLK_UNHALTED_CORE |  FIXC1  |  811588 |
|  CPU_CLK_UNHALTED_REF |  FIXC2  |  729596 |
|       TEMP_CORE       |   TMP0  |     210 |
|     PWR_PKG_ENERGY    |   PWR0  |       0 |
|     PWR_PP0_ENERGY    |   PWR1  |  0.0040 |
|     PWR_PP1_ENERGY    |   PWR2  |       0 |
|    PWR_DRAM_ENERGY    |   PWR3  |       0 |
+-----------------------+---------+---------+

+----------------------+-----------+
|        Metric        |   Core 3  |
+----------------------+-----------+
|  Runtime (RDTSC) [s] |    0.0002 |
| Runtime unhalted [s] |    0.0002 |
|      Clock [MHz]     | 3790.9588 |
|          CPI         |    0.4306 |
|    Temperature [C]   |       210 |
|      Energy [J]      |         0 |
|       Power [W]      |         0 |
|    Energy PP0 [J]    |    0.0040 |
|     Power PP0 [W]    |   18.7624 |
|    Energy PP1 [J]    |         0 |
|     Power PP1 [W]    |         0 |
|    Energy DRAM [J]   |         0 |
|    Power DRAM [W]    |         0 |
+----------------------+-----------+

Region tempoMatMatOtimizado, Group 1: ENERGY
+-------------------+----------+
|    Region Info    |  Core 3  |
+-------------------+----------+
| RDTSC Runtime [s] | 0.000157 |
|     call count    |        1 |
+-------------------+----------+

+-----------------------+---------+---------+
|         Event         | Counter |  Core 3 |
+-----------------------+---------+---------+
|   INSTR_RETIRED_ANY   |  FIXC0  | 1376746 |
| CPU_CLK_UNHALTED_CORE |  FIXC1  |  604326 |
|  CPU_CLK_UNHALTED_REF |  FIXC2  |  543150 |
|       TEMP_CORE       |   TMP0  |     211 |
|     PWR_PKG_ENERGY    |   PWR0  |       0 |
|     PWR_PP0_ENERGY    |   PWR1  |  0.0027 |
|     PWR_PP1_ENERGY    |   PWR2  |       0 |
|    PWR_DRAM_ENERGY    |   PWR3  |       0 |
+-----------------------+---------+---------+

+----------------------+-----------+
|        Metric        |   Core 3  |
+----------------------+-----------+
|  Runtime (RDTSC) [s] |    0.0002 |
| Runtime unhalted [s] |    0.0002 |
|      Clock [MHz]     | 3791.8171 |
|          CPI         |    0.4390 |
|    Temperature [C]   |       211 |
|      Energy [J]      |         0 |
|       Power [W]      |         0 |
|    Energy PP0 [J]    |    0.0027 |
|     Power PP0 [W]    |   17.1046 |
|    Energy PP1 [J]    |         0 |
|     Power PP1 [W]    |         0 |
|    Energy DRAM [J]   |         0 |
|    Power DRAM [W]    |         0 |
+----------------------+-----------+

--------------------------------------------------------------------------------
CPU name:	Intel(R) Core(TM) i5-7500 CPU @ 3.40GHz
CPU type:	Intel Coffeelake processor
CPU clock:	3.41 GHz
--------------------------------------------------------------------------------
Tempo matriz vetor: 0.008516
Tempo matriz matriz: 0.879719
Tempo matriz matriz(V2): 0.631191
--------------------------------------------------------------------------------
Region tempoMatVet, Group 1: ENERGY
+-------------------+----------+
|    Region Info    |  Core 3  |
+-------------------+----------+
| RDTSC Runtime [s] | 0.000010 |
|     call count    |        1 |
+-------------------+----------+

+-----------------------+---------+--------+
|         Event         | Counter | Core 3 |
+-----------------------+---------+--------+
|   INSTR_RETIRED_ANY   |  FIXC0  |  67097 |
| CPU_CLK_UNHALTED_CORE |  FIXC1  |  50257 |
|  CPU_CLK_UNHALTED_REF |  FIXC2  |  44588 |
|       TEMP_CORE       |   TMP0  |    209 |
|     PWR_PKG_ENERGY    |   PWR0  |      0 |
|     PWR_PP0_ENERGY    |   PWR1  | 0.0021 |
|     PWR_PP1_ENERGY    |   PWR2  |      0 |
|    PWR_DRAM_ENERGY    |   PWR3  |      0 |
+-----------------------+---------+--------+

+----------------------+--------------+
|        Metric        |    Core 3    |
+----------------------+--------------+
|  Runtime (RDTSC) [s] | 9.791165e-06 |
| Runtime unhalted [s] | 1.474691e-05 |
|      Clock [MHz]     |    3841.2645 |
|          CPI         |       0.7490 |
|    Temperature [C]   |          209 |
|      Energy [J]      |            0 |
|       Power [W]      |            0 |
|    Energy PP0 [J]    |       0.0021 |
|     Power PP0 [W]    |     211.9457 |
|    Energy PP1 [J]    |            0 |
|     Power PP1 [W]    |            0 |
|    Energy DRAM [J]   |            0 |
|    Power DRAM [W]    |            0 |
+----------------------+--------------+

Region tempoMatVetOtimizado, Group 1: ENERGY
+-------------------+----------+
|    Region Info    |  Core 3  |
+-------------------+----------+
| RDTSC Runtime [s] | 0.000007 |
|     call count    |        1 |
+-------------------+----------+

+-----------------------+---------+--------+
|         Event         | Counter | Core 3 |
+-----------------------+---------+--------+
|   INSTR_RETIRED_ANY   |  FIXC0  |  54794 |
| CPU_CLK_UNHALTED_CORE |  FIXC1  |  34599 |
|  CPU_CLK_UNHALTED_REF |  FIXC2  |  30956 |
|       TEMP_CORE       |   TMP0  |    209 |
|     PWR_PKG_ENERGY    |   PWR0  |      0 |
|     PWR_PP0_ENERGY    |   PWR1  | 0.0013 |
|     PWR_PP1_ENERGY    |   PWR2  |      0 |
|    PWR_DRAM_ENERGY    |   PWR3  |      0 |
+-----------------------+---------+--------+

+----------------------+--------------+
|        Metric        |    Core 3    |
+----------------------+--------------+
|  Runtime (RDTSC) [s] | 6.598062e-06 |
| Runtime unhalted [s] | 1.015238e-05 |
|      Clock [MHz]     |    3809.0297 |
|          CPI         |       0.6314 |
|    Temperature [C]   |          209 |
|      Energy [J]      |            0 |
|       Power [W]      |            0 |
|    Energy PP0 [J]    |       0.0013 |
|     Power PP0 [W]    |     194.2598 |
|    Energy PP1 [J]    |            0 |
|     Power PP1 [W]    |            0 |
|    Energy DRAM [J]   |            0 |
|    Power DRAM [W]    |            0 |
+----------------------+--------------+

Region tempoMatMat, Group 1: ENERGY
+-------------------+----------+
|    Region Info    |  Core 3  |
+-------------------+----------+
| RDTSC Runtime [s] | 0.000880 |
|     call count    |        1 |
+-------------------+----------+

+-----------------------+---------+---------+
|         Event         | Counter |  Core 3 |
+-----------------------+---------+---------+
|   INSTR_RETIRED_ANY   |  FIXC0  | 7115182 |
| CPU_CLK_UNHALTED_CORE |  FIXC1  | 3345386 |
|  CPU_CLK_UNHALTED_REF |  FIXC2  | 3007134 |
|       TEMP_CORE       |   TMP0  |     211 |
|     PWR_PKG_ENERGY    |   PWR0  |  0.0110 |
|     PWR_PP0_ENERGY    |   PWR1  |  0.0109 |
|     PWR_PP1_ENERGY    |   PWR2  |       0 |
|    PWR_DRAM_ENERGY    |   PWR3  |  0.0005 |
+-----------------------+---------+---------+

+----------------------+-----------+
|        Metric        |   Core 3  |
+----------------------+-----------+
|  Runtime (RDTSC) [s] |    0.0009 |
| Runtime unhalted [s] |    0.0010 |
|      Clock [MHz]     | 3791.3083 |
|          CPI         |    0.4702 |
|    Temperature [C]   |       211 |
|      Energy [J]      |    0.0110 |
|       Power [W]      |   12.4859 |
|    Energy PP0 [J]    |    0.0109 |
|     Power PP0 [W]    |   12.4165 |
|    Energy PP1 [J]    |         0 |
|     Power PP1 [W]    |         0 |
|    Energy DRAM [J]   |    0.0005 |
|    Power DRAM [W]    |    0.6243 |
+----------------------+-----------+

Region tempoMatMatOtimizado, Group 1: ENERGY
+-------------------+----------+
|    Region Info    |  Core 3  |
+-------------------+----------+
| RDTSC Runtime [s] | 0.000631 |
|     call count    |        1 |
+-------------------+----------+

+-----------------------+---------+---------+
|         Event         | Counter |  Core 3 |
+-----------------------+---------+---------+
|   INSTR_RETIRED_ANY   |  FIXC0  | 5275481 |
| CPU_CLK_UNHALTED_CORE |  FIXC1  | 2229754 |
|  CPU_CLK_UNHALTED_REF |  FIXC2  | 2006318 |
|       TEMP_CORE       |   TMP0  |     212 |
|     PWR_PKG_ENERGY    |   PWR0  |  0.0113 |
|     PWR_PP0_ENERGY    |   PWR1  |  0.0088 |
|     PWR_PP1_ENERGY    |   PWR2  |       0 |
|    PWR_DRAM_ENERGY    |   PWR3  |       0 |
+-----------------------+---------+---------+

+----------------------+-----------+
|        Metric        |   Core 3  |
+----------------------+-----------+
|  Runtime (RDTSC) [s] |    0.0006 |
| Runtime unhalted [s] |    0.0007 |
|      Clock [MHz]     | 3787.5016 |
|          CPI         |    0.4227 |
|    Temperature [C]   |       212 |
|      Energy [J]      |    0.0113 |
|       Power [W]      |   17.8839 |
|    Energy PP0 [J]    |    0.0088 |
|     Power PP0 [W]    |   13.9205 |
|    Energy PP1 [J]    |         0 |
|     Power PP1 [W]    |         0 |
|    Energy DRAM [J]   |         0 |
|    Power DRAM [W]    |         0 |
+----------------------+-----------+

--------------------------------------------------------------------------------
CPU name:	Intel(R) Core(TM) i5-7500 CPU @ 3.40GHz
CPU type:	Intel Coffeelake processor
CPU clock:	3.41 GHz
--------------------------------------------------------------------------------
Tempo matriz vetor: 0.014682
Tempo matriz matriz: 2.356130
Tempo matriz matriz(V2): 1.477673
--------------------------------------------------------------------------------
Region tempoMatVet, Group 1: ENERGY
+-------------------+----------+
|    Region Info    |  Core 3  |
+-------------------+----------+
| RDTSC Runtime [s] | 0.000016 |
|     call count    |        1 |
+-------------------+----------+

+-----------------------+---------+--------+
|         Event         | Counter | Core 3 |
+-----------------------+---------+--------+
|   INSTR_RETIRED_ANY   |  FIXC0  | 105597 |
| CPU_CLK_UNHALTED_CORE |  FIXC1  |  74669 |
|  CPU_CLK_UNHALTED_REF |  FIXC2  |  67166 |
|       TEMP_CORE       |   TMP0  |    210 |
|     PWR_PKG_ENERGY    |   PWR0  | 0.0125 |
|     PWR_PP0_ENERGY    |   PWR1  | 0.0010 |
|     PWR_PP1_ENERGY    |   PWR2  |      0 |
|    PWR_DRAM_ENERGY    |   PWR3  | 0.0005 |
+-----------------------+---------+--------+

+----------------------+--------------+
|        Metric        |    Core 3    |
+----------------------+--------------+
|  Runtime (RDTSC) [s] | 1.598959e-05 |
| Runtime unhalted [s] | 2.191027e-05 |
|      Clock [MHz]     |    3788.6403 |
|          CPI         |       0.7071 |
|    Temperature [C]   |          210 |
|      Energy [J]      |       0.0125 |
|       Power [W]      |     778.7048 |
|    Energy PP0 [J]    |       0.0010 |
|     Power PP0 [W]    |      61.0749 |
|    Energy PP1 [J]    |            0 |
|     Power PP1 [W]    |            0 |
|    Energy DRAM [J]   |       0.0005 |
|    Power DRAM [W]    |      34.3546 |
+----------------------+--------------+

Region tempoMatVetOtimizado, Group 1: ENERGY
+-------------------+----------+
|    Region Info    |  Core 3  |
+-------------------+----------+
| RDTSC Runtime [s] | 0.000011 |
|     call count    |        1 |
+-------------------+----------+

+-----------------------+---------+--------+
|         Event         | Counter | Core 3 |
+-----------------------+---------+--------+
|   INSTR_RETIRED_ANY   |  FIXC0  |  86861 |
| CPU_CLK_UNHALTED_CORE |  FIXC1  |  50400 |
|  CPU_CLK_UNHALTED_REF |  FIXC2  |  45298 |
|       TEMP_CORE       |   TMP0  |    210 |
|     PWR_PKG_ENERGY    |   PWR0  |      0 |
|     PWR_PP0_ENERGY    |   PWR1  | 0.0020 |
|     PWR_PP1_ENERGY    |   PWR2  |      0 |
|    PWR_DRAM_ENERGY    |   PWR3  |      0 |
+-----------------------+---------+--------+

+----------------------+--------------+
|        Metric        |    Core 3    |
+----------------------+--------------+
|  Runtime (RDTSC) [s] | 1.069846e-05 |
| Runtime unhalted [s] | 1.478897e-05 |
|      Clock [MHz]     |    3791.7878 |
|          CPI         |       0.5802 |
|    Temperature [C]   |          210 |
|      Energy [J]      |            0 |
|       Power [W]      |            0 |
|    Energy PP0 [J]    |       0.0020 |
|     Power PP0 [W]    |     182.5613 |
|    Energy PP1 [J]    |            0 |
|     Power PP1 [W]    |            0 |
|    Energy DRAM [J]   |            0 |
|    Power DRAM [W]    |            0 |
+----------------------+--------------+

Region tempoMatMat, Group 1: ENERGY
+-------------------+----------+
|    Region Info    |  Core 3  |
+-------------------+----------+
| RDTSC Runtime [s] | 0.002356 |
|     call count    |        1 |
+-------------------+----------+

+-----------------------+---------+----------+
|         Event         | Counter |  Core 3  |
+-----------------------+---------+----------+
|   INSTR_RETIRED_ANY   |  FIXC0  | 14865810 |
| CPU_CLK_UNHALTED_CORE |  FIXC1  |  8737188 |
|  CPU_CLK_UNHALTED_REF |  FIXC2  |  7853878 |
|       TEMP_CORE       |   TMP0  |      213 |
|     PWR_PKG_ENERGY    |   PWR0  |   0.0222 |
|     PWR_PP0_ENERGY    |   PWR1  |   0.0273 |
|     PWR_PP1_ENERGY    |   PWR2  |        0 |
|    PWR_DRAM_ENERGY    |   PWR3  |   0.0010 |
+-----------------------+---------+----------+

+----------------------+-----------+
|        Metric        |   Core 3  |
+----------------------+-----------+
|  Runtime (RDTSC) [s] |    0.0024 |
| Runtime unhalted [s] |    0.0026 |
|      Clock [MHz]     | 3791.2293 |
|          CPI         |    0.5877 |
|    Temperature [C]   |       213 |
|      Energy [J]      |    0.0222 |
|       Power [W]      |    9.4285 |
|    Energy PP0 [J]    |    0.0273 |
|     Power PP0 [W]    |   11.6043 |
|    Energy PP1 [J]    |         0 |
|     Power PP1 [W]    |         0 |
|    Energy DRAM [J]   |    0.0010 |
|    Power DRAM [W]    |    0.4403 |
+----------------------+-----------+

Region tempoMatMatOtimizado, Group 1: ENERGY
+-------------------+----------+
|    Region Info    |  Core 3  |
+-------------------+----------+
| RDTSC Runtime [s] | 0.001478 |
|     call count    |        1 |
+-------------------+----------+

+-----------------------+---------+----------+
|         Event         | Counter |  Core 3  |
+-----------------------+---------+----------+
|   INSTR_RETIRED_ANY   |  FIXC0  | 10982120 |
| CPU_CLK_UNHALTED_CORE |  FIXC1  |  5367313 |
|  CPU_CLK_UNHALTED_REF |  FIXC2  |  4825870 |
|       TEMP_CORE       |   TMP0  |      213 |
|     PWR_PKG_ENERGY    |   PWR0  |   0.0108 |
|     PWR_PP0_ENERGY    |   PWR1  |   0.0172 |
|     PWR_PP1_ENERGY    |   PWR2  |        0 |
|    PWR_DRAM_ENERGY    |   PWR3  |   0.0005 |
+-----------------------+---------+----------+

+----------------------+-----------+
|        Metric        |   Core 3  |
+----------------------+-----------+
|  Runtime (RDTSC) [s] |    0.0015 |
| Runtime unhalted [s] |    0.0016 |
|      Clock [MHz]     | 3790.3021 |
|          CPI         |    0.4887 |
|    Temperature [C]   |       213 |
|      Energy [J]      |    0.0108 |
|       Power [W]      |    7.3099 |
|    Energy PP0 [J]    |    0.0172 |
|     Power PP0 [W]    |   11.6463 |
|    Energy PP1 [J]    |         0 |
|     Power PP1 [W]    |         0 |
|    Energy DRAM [J]   |    0.0005 |
|    Power DRAM [W]    |    0.3304 |
+----------------------+-----------+

--------------------------------------------------------------------------------
CPU name:	Intel(R) Core(TM) i5-7500 CPU @ 3.40GHz
CPU type:	Intel Coffeelake processor
CPU clock:	3.41 GHz
--------------------------------------------------------------------------------
Tempo matriz vetor: 0.038523
Tempo matriz matriz: 8.194463
Tempo matriz matriz(V2): 4.853892
--------------------------------------------------------------------------------
Region tempoMatVet, Group 1: ENERGY
+-------------------+----------+
|    Region Info    |  Core 3  |
+-------------------+----------+
| RDTSC Runtime [s] | 0.000040 |
|     call count    |        1 |
+-------------------+----------+

+-----------------------+---------+--------+
|         Event         | Counter | Core 3 |
+-----------------------+---------+--------+
|   INSTR_RETIRED_ANY   |  FIXC0  | 247797 |
| CPU_CLK_UNHALTED_CORE |  FIXC1  | 164344 |
|  CPU_CLK_UNHALTED_REF |  FIXC2  | 147680 |
|       TEMP_CORE       |   TMP0  |    209 |
|     PWR_PKG_ENERGY    |   PWR0  |      0 |
|     PWR_PP0_ENERGY    |   PWR1  | 0.0024 |
|     PWR_PP1_ENERGY    |   PWR2  |      0 |
|    PWR_DRAM_ENERGY    |   PWR3  |      0 |
+-----------------------+---------+--------+

+----------------------+--------------+
|        Metric        |    Core 3    |
+----------------------+--------------+
|  Runtime (RDTSC) [s] | 3.982809e-05 |
| Runtime unhalted [s] | 4.823850e-05 |
|      Clock [MHz]     |    3791.3360 |
|          CPI         |       0.6632 |
|    Temperature [C]   |          209 |
|      Energy [J]      |            0 |
|       Power [W]      |            0 |
|    Energy PP0 [J]    |       0.0024 |
|     Power PP0 [W]    |      59.7661 |
|    Energy PP1 [J]    |            0 |
|     Power PP1 [W]    |            0 |
|    Energy DRAM [J]   |            0 |
|    Power DRAM [W]    |            0 |
+----------------------+--------------+

Region tempoMatVetOtimizado, Group 1: ENERGY
+-------------------+----------+
|    Region Info    |  Core 3  |
+-------------------+----------+
| RDTSC Runtime [s] | 0.000026 |
|     call count    |        1 |
+-------------------+----------+

+-----------------------+---------+--------+
|         Event         | Counter | Core 3 |
+-----------------------+---------+--------+
|   INSTR_RETIRED_ANY   |  FIXC0  | 205319 |
| CPU_CLK_UNHALTED_CORE |  FIXC1  | 107222 |
|  CPU_CLK_UNHALTED_REF |  FIXC2  |  96418 |
|       TEMP_CORE       |   TMP0  |    209 |
|     PWR_PKG_ENERGY    |   PWR0  |      0 |
|     PWR_PP0_ENERGY    |   PWR1  | 0.0020 |
|     PWR_PP1_ENERGY    |   PWR2  |      0 |
|    PWR_DRAM_ENERGY    |   PWR3  |      0 |
+-----------------------+---------+--------+

+----------------------+--------------+
|        Metric        |    Core 3    |
+----------------------+--------------+
|  Runtime (RDTSC) [s] | 2.555496e-05 |
| Runtime unhalted [s] | 3.147196e-05 |
|      Clock [MHz]     |    3788.6622 |
|          CPI         |       0.5222 |
|    Temperature [C]   |          209 |
|      Energy [J]      |            0 |
|       Power [W]      |            0 |
|    Energy PP0 [J]    |       0.0020 |
|     Power PP0 [W]    |      76.4284 |
|    Energy PP1 [J]    |            0 |
|     Power PP1 [W]    |            0 |
|    Energy DRAM [J]   |            0 |
|    Power DRAM [W]    |            0 |
+----------------------+--------------+

Region tempoMatMat, Group 1: ENERGY
+-------------------+----------+
|    Region Info    |  Core 3  |
+-------------------+----------+
| RDTSC Runtime [s] | 0.008198 |
|     call count    |        1 |
+-------------------+----------+

+-----------------------+---------+----------+
|         Event         | Counter |  Core 3  |
+-----------------------+---------+----------+
|   INSTR_RETIRED_ANY   |  FIXC0  | 56446340 |
| CPU_CLK_UNHALTED_CORE |  FIXC1  | 30242070 |
|  CPU_CLK_UNHALTED_REF |  FIXC2  | 27194140 |
|       TEMP_CORE       |   TMP0  |      215 |
|     PWR_PKG_ENERGY    |   PWR0  |   0.0903 |
|     PWR_PP0_ENERGY    |   PWR1  |   0.0902 |
|     PWR_PP1_ENERGY    |   PWR2  |        0 |
|    PWR_DRAM_ENERGY    |   PWR3  |   0.0041 |
+-----------------------+---------+----------+

+----------------------+-----------+
|        Metric        |   Core 3  |
+----------------------+-----------+
|  Runtime (RDTSC) [s] |    0.0082 |
| Runtime unhalted [s] |    0.0089 |
|      Clock [MHz]     | 3788.7530 |
|          CPI         |    0.5358 |
|    Temperature [C]   |       215 |
|      Energy [J]      |    0.0903 |
|       Power [W]      |   11.0112 |
|    Energy PP0 [J]    |    0.0902 |
|     Power PP0 [W]    |   11.0038 |
|    Energy PP1 [J]    |         0 |
|     Power PP1 [W]    |         0 |
|    Energy DRAM [J]   |    0.0041 |
|    Power DRAM [W]    |    0.4988 |
+----------------------+-----------+

Region tempoMatMatOtimizado, Group 1: ENERGY
+-------------------+----------+
|    Region Info    |  Core 3  |
+-------------------+----------+
| RDTSC Runtime [s] | 0.004856 |
|     call count    |        1 |
+-------------------+----------+

+-----------------------+---------+----------+
|         Event         | Counter |  Core 3  |
+-----------------------+---------+----------+
|   INSTR_RETIRED_ANY   |  FIXC0  | 41977340 |
| CPU_CLK_UNHALTED_CORE |  FIXC1  | 17999360 |
|  CPU_CLK_UNHALTED_REF |  FIXC2  | 16181470 |
|       TEMP_CORE       |   TMP0  |      217 |
|     PWR_PKG_ENERGY    |   PWR0  |   0.0593 |
|     PWR_PP0_ENERGY    |   PWR1  |   0.0576 |
|     PWR_PP1_ENERGY    |   PWR2  |        0 |
|    PWR_DRAM_ENERGY    |   PWR3  |   0.0025 |
+-----------------------+---------+----------+

+----------------------+-----------+
|        Metric        |   Core 3  |
+----------------------+-----------+
|  Runtime (RDTSC) [s] |    0.0049 |
| Runtime unhalted [s] |    0.0053 |
|      Clock [MHz]     | 3789.6508 |
|          CPI         |    0.4288 |
|    Temperature [C]   |       217 |
|      Energy [J]      |    0.0593 |
|       Power [W]      |   12.2043 |
|    Energy PP0 [J]    |    0.0576 |
|     Power PP0 [W]    |   11.8524 |
|    Energy PP1 [J]    |         0 |
|     Power PP1 [W]    |         0 |
|    Energy DRAM [J]   |    0.0025 |
|    Power DRAM [W]    |    0.5153 |
+----------------------+-----------+

--------------------------------------------------------------------------------
CPU name:	Intel(R) Core(TM) i5-7500 CPU @ 3.40GHz
CPU type:	Intel Coffeelake processor
CPU clock:	3.41 GHz
--------------------------------------------------------------------------------
Tempo matriz vetor: 0.064224
Tempo matriz matriz: 29.644401
Tempo matriz matriz(V2): 14.212708
--------------------------------------------------------------------------------
Region tempoMatVet, Group 1: ENERGY
+-------------------+----------+
|    Region Info    |  Core 3  |
+-------------------+----------+
| RDTSC Runtime [s] | 0.000066 |
|     call count    |        1 |
+-------------------+----------+

+-----------------------+---------+--------+
|         Event         | Counter | Core 3 |
+-----------------------+---------+--------+
|   INSTR_RETIRED_ANY   |  FIXC0  | 401405 |
| CPU_CLK_UNHALTED_CORE |  FIXC1  | 263386 |
|  CPU_CLK_UNHALTED_REF |  FIXC2  | 236004 |
|       TEMP_CORE       |   TMP0  |    212 |
|     PWR_PKG_ENERGY    |   PWR0  |      0 |
|     PWR_PP0_ENERGY    |   PWR1  | 0.0020 |
|     PWR_PP1_ENERGY    |   PWR2  |      0 |
|    PWR_DRAM_ENERGY    |   PWR3  |      0 |
+-----------------------+---------+--------+

+----------------------+-----------+
|        Metric        |   Core 3  |
+----------------------+-----------+
|  Runtime (RDTSC) [s] |    0.0001 |
| Runtime unhalted [s] |    0.0001 |
|      Clock [MHz]     | 3801.6719 |
|          CPI         |    0.6562 |
|    Temperature [C]   |       212 |
|      Energy [J]      |         0 |
|       Power [W]      |         0 |
|    Energy PP0 [J]    |    0.0020 |
|     Power PP0 [W]    |   30.6607 |
|    Energy PP1 [J]    |         0 |
|     Power PP1 [W]    |         0 |
|    Energy DRAM [J]   |         0 |
|    Power DRAM [W]    |         0 |
+----------------------+-----------+

Region tempoMatVetOtimizado, Group 1: ENERGY
+-------------------+----------+
|    Region Info    |  Core 3  |
+-------------------+----------+
| RDTSC Runtime [s] | 0.000042 |
|     call count    |        1 |
+-------------------+----------+

+-----------------------+---------+--------+
|         Event         | Counter | Core 3 |
+-----------------------+---------+--------+
|   INSTR_RETIRED_ANY   |  FIXC0  | 333293 |
| CPU_CLK_UNHALTED_CORE |  FIXC1  | 169543 |
|  CPU_CLK_UNHALTED_REF |  FIXC2  | 152508 |
|       TEMP_CORE       |   TMP0  |    212 |
|     PWR_PKG_ENERGY    |   PWR0  |      0 |
|     PWR_PP0_ENERGY    |   PWR1  | 0.0020 |
|     PWR_PP1_ENERGY    |   PWR2  |      0 |
|    PWR_DRAM_ENERGY    |   PWR3  |      0 |
+-----------------------+---------+--------+

+----------------------+--------------+
|        Metric        |    Core 3    |
+----------------------+--------------+
|  Runtime (RDTSC) [s] | 4.188415e-05 |
| Runtime unhalted [s] | 4.977125e-05 |
|      Clock [MHz]     |    3786.9411 |
|          CPI         |       0.5087 |
|    Temperature [C]   |          212 |
|      Energy [J]      |            0 |
|       Power [W]      |            0 |
|    Energy PP0 [J]    |       0.0020 |
|     Power PP0 [W]    |      46.6316 |
|    Energy PP1 [J]    |            0 |
|     Power PP1 [W]    |            0 |
|    Energy DRAM [J]   |            0 |
|    Power DRAM [W]    |            0 |
+----------------------+--------------+

Region tempoMatMat, Group 1: ENERGY
+-------------------+----------+
|    Region Info    |  Core 3  |
+-------------------+----------+
| RDTSC Runtime [s] | 0.029645 |
|     call count    |        1 |
+-------------------+----------+

+-----------------------+---------+-----------+
|         Event         | Counter |   Core 3  |
+-----------------------+---------+-----------+
|   INSTR_RETIRED_ANY   |  FIXC0  | 118168400 |
| CPU_CLK_UNHALTED_CORE |  FIXC1  | 110141400 |
|  CPU_CLK_UNHALTED_REF |  FIXC2  |  99022990 |
|       TEMP_CORE       |   TMP0  |       214 |
|     PWR_PKG_ENERGY    |   PWR0  |    0.3692 |
|     PWR_PP0_ENERGY    |   PWR1  |    0.3566 |
|     PWR_PP1_ENERGY    |   PWR2  |         0 |
|    PWR_DRAM_ENERGY    |   PWR3  |    0.0152 |
+-----------------------+---------+-----------+

+----------------------+-----------+
|        Metric        |   Core 3  |
+----------------------+-----------+
|  Runtime (RDTSC) [s] |    0.0296 |
| Runtime unhalted [s] |    0.0323 |
|      Clock [MHz]     | 3788.9237 |
|          CPI         |    0.9321 |
|    Temperature [C]   |       214 |
|      Energy [J]      |    0.3692 |
|       Power [W]      |   12.4543 |
|    Energy PP0 [J]    |    0.3566 |
|     Power PP0 [W]    |   12.0301 |
|    Energy PP1 [J]    |         0 |
|     Power PP1 [W]    |         0 |
|    Energy DRAM [J]   |    0.0152 |
|    Power DRAM [W]    |    0.5127 |
+----------------------+-----------+

Region tempoMatMatOtimizado, Group 1: ENERGY
+-------------------+----------+
|    Region Info    |  Core 3  |
+-------------------+----------+
| RDTSC Runtime [s] | 0.014213 |
|     call count    |        1 |
+-------------------+----------+

+-----------------------+---------+----------+
|         Event         | Counter |  Core 3  |
+-----------------------+---------+----------+
|   INSTR_RETIRED_ANY   |  FIXC0  | 87820260 |
| CPU_CLK_UNHALTED_CORE |  FIXC1  | 52992420 |
|  CPU_CLK_UNHALTED_REF |  FIXC2  | 47642700 |
|       TEMP_CORE       |   TMP0  |      217 |
|     PWR_PKG_ENERGY    |   PWR0  |   0.1706 |
|     PWR_PP0_ENERGY    |   PWR1  |   0.1575 |
|     PWR_PP1_ENERGY    |   PWR2  |        0 |
|    PWR_DRAM_ENERGY    |   PWR3  |   0.0076 |
+-----------------------+---------+----------+

+----------------------+-----------+
|        Metric        |   Core 3  |
+----------------------+-----------+
|  Runtime (RDTSC) [s] |    0.0142 |
| Runtime unhalted [s] |    0.0156 |
|      Clock [MHz]     | 3788.9484 |
|          CPI         |    0.6034 |
|    Temperature [C]   |       217 |
|      Energy [J]      |    0.1706 |
|       Power [W]      |   12.0027 |
|    Energy PP0 [J]    |    0.1575 |
|     Power PP0 [W]    |   11.0795 |
|    Energy PP1 [J]    |         0 |
|     Power PP1 [W]    |         0 |
|    Energy DRAM [J]   |    0.0076 |
|    Power DRAM [W]    |    0.5325 |
+----------------------+-----------+

--------------------------------------------------------------------------------
CPU name:	Intel(R) Core(TM) i5-7500 CPU @ 3.40GHz
CPU type:	Intel Coffeelake processor
CPU clock:	3.41 GHz
--------------------------------------------------------------------------------
Tempo matriz vetor: 0.287873
Tempo matriz matriz: 301.235427
Tempo matriz matriz(V2): 146.519253
--------------------------------------------------------------------------------
Region tempoMatVet, Group 1: ENERGY
+-------------------+----------+
|    Region Info    |  Core 3  |
+-------------------+----------+
| RDTSC Runtime [s] | 0.000290 |
|     call count    |        1 |
+-------------------+----------+

+-----------------------+---------+---------+
|         Event         | Counter |  Core 3 |
+-----------------------+---------+---------+
|   INSTR_RETIRED_ANY   |  FIXC0  | 1582845 |
| CPU_CLK_UNHALTED_CORE |  FIXC1  | 1086984 |
|  CPU_CLK_UNHALTED_REF |  FIXC2  | 1003656 |
|       TEMP_CORE       |   TMP0  |     215 |
|     PWR_PKG_ENERGY    |   PWR0  |  0.0166 |
|     PWR_PP0_ENERGY    |   PWR1  |  0.0068 |
|     PWR_PP1_ENERGY    |   PWR2  |       0 |
|    PWR_DRAM_ENERGY    |   PWR3  |  0.0016 |
+-----------------------+---------+---------+

+----------------------+-----------+
|        Metric        |   Core 3  |
+----------------------+-----------+
|  Runtime (RDTSC) [s] |    0.0003 |
| Runtime unhalted [s] |    0.0003 |
|      Clock [MHz]     | 3690.8665 |
|          CPI         |    0.6867 |
|    Temperature [C]   |       215 |
|      Energy [J]      |    0.0166 |
|       Power [W]      |   57.3074 |
|    Energy PP0 [J]    |    0.0068 |
|     Power PP0 [W]    |   23.5972 |
|    Energy PP1 [J]    |         0 |
|     Power PP1 [W]    |         0 |
|    Energy DRAM [J]   |    0.0016 |
|    Power DRAM [W]    |    5.4779 |
+----------------------+-----------+

Region tempoMatVetOtimizado, Group 1: ENERGY
+-------------------+----------+
|    Region Info    |  Core 3  |
+-------------------+----------+
| RDTSC Runtime [s] | 0.000209 |
|     call count    |        1 |
+-------------------+----------+

+-----------------------+---------+---------+
|         Event         | Counter |  Core 3 |
+-----------------------+---------+---------+
|   INSTR_RETIRED_ANY   |  FIXC0  | 1317677 |
| CPU_CLK_UNHALTED_CORE |  FIXC1  |  685045 |
|  CPU_CLK_UNHALTED_REF |  FIXC2  |  634740 |
|       TEMP_CORE       |   TMP0  |     215 |
|     PWR_PKG_ENERGY    |   PWR0  |       0 |
|     PWR_PP0_ENERGY    |   PWR1  |  0.0067 |
|     PWR_PP1_ENERGY    |   PWR2  |       0 |
|    PWR_DRAM_ENERGY    |   PWR3  |       0 |
+-----------------------+---------+---------+

+----------------------+-----------+
|        Metric        |   Core 3  |
+----------------------+-----------+
|  Runtime (RDTSC) [s] |    0.0002 |
| Runtime unhalted [s] |    0.0002 |
|      Clock [MHz]     | 3678.0134 |
|          CPI         |    0.5199 |
|    Temperature [C]   |       215 |
|      Energy [J]      |         0 |
|       Power [W]      |         0 |
|    Energy PP0 [J]    |    0.0067 |
|     Power PP0 [W]    |   32.1665 |
|    Energy PP1 [J]    |         0 |
|     Power PP1 [W]    |         0 |
|    Energy DRAM [J]   |         0 |
|    Power DRAM [W]    |         0 |
+----------------------+-----------+

Region tempoMatMat, Group 1: ENERGY
+-------------------+----------+
|    Region Info    |  Core 3  |
+-------------------+----------+
| RDTSC Runtime [s] | 0.301236 |
|     call count    |        1 |
+-------------------+----------+

+-----------------------+---------+------------+
|         Event         | Counter |   Core 3   |
+-----------------------+---------+------------+
|   INSTR_RETIRED_ANY   |  FIXC0  |  942418100 |
| CPU_CLK_UNHALTED_CORE |  FIXC1  | 1119771000 |
|  CPU_CLK_UNHALTED_REF |  FIXC2  | 1010211000 |
|       TEMP_CORE       |   TMP0  |        215 |
|     PWR_PKG_ENERGY    |   PWR0  |     3.4681 |
|     PWR_PP0_ENERGY    |   PWR1  |     3.2740 |
|     PWR_PP1_ENERGY    |   PWR2  |     0.0663 |
|    PWR_DRAM_ENERGY    |   PWR3  |     0.1857 |
+-----------------------+---------+------------+

+----------------------+-----------+
|        Metric        |   Core 3  |
+----------------------+-----------+
|  Runtime (RDTSC) [s] |    0.3012 |
| Runtime unhalted [s] |    0.3286 |
|      Clock [MHz]     | 3777.5237 |
|          CPI         |    1.1882 |
|    Temperature [C]   |       215 |
|      Energy [J]      |    3.4681 |
|       Power [W]      |   11.5130 |
|    Energy PP0 [J]    |    3.2740 |
|     Power PP0 [W]    |   10.8685 |
|    Energy PP1 [J]    |    0.0663 |
|     Power PP1 [W]    |    0.2202 |
|    Energy DRAM [J]   |    0.1857 |
|    Power DRAM [W]    |    0.6164 |
+----------------------+-----------+

Region tempoMatMatOtimizado, Group 1: ENERGY
+-------------------+----------+
|    Region Info    |  Core 3  |
+-------------------+----------+
| RDTSC Runtime [s] | 0.146520 |
|     call count    |        1 |
+-------------------+----------+

+-----------------------+---------+-----------+
|         Event         | Counter |   Core 3  |
+-----------------------+---------+-----------+
|   INSTR_RETIRED_ANY   |  FIXC0  | 702507600 |
| CPU_CLK_UNHALTED_CORE |  FIXC1  | 549107500 |
|  CPU_CLK_UNHALTED_REF |  FIXC2  | 493715700 |
|       TEMP_CORE       |   TMP0  |       218 |
|     PWR_PKG_ENERGY    |   PWR0  |    1.6478 |
|     PWR_PP0_ENERGY    |   PWR1  |    1.6024 |
|     PWR_PP1_ENERGY    |   PWR2  |         0 |
|    PWR_DRAM_ENERGY    |   PWR3  |    0.0745 |
+-----------------------+---------+-----------+

+----------------------+-----------+
|        Metric        |   Core 3  |
+----------------------+-----------+
|  Runtime (RDTSC) [s] |    0.1465 |
| Runtime unhalted [s] |    0.1611 |
|      Clock [MHz]     | 3790.2732 |
|          CPI         |    0.7816 |
|    Temperature [C]   |       218 |
|      Energy [J]      |    1.6478 |
|       Power [W]      |   11.2460 |
|    Energy PP0 [J]    |    1.6024 |
|     Power PP0 [W]    |   10.9365 |
|    Energy PP1 [J]    |         0 |
|     Power PP1 [W]    |         0 |
|    Energy DRAM [J]   |    0.0745 |
|    Power DRAM [W]    |    0.5082 |
+----------------------+-----------+

--------------------------------------------------------------------------------
CPU name:	Intel(R) Core(TM) i5-7500 CPU @ 3.40GHz
CPU type:	Intel Coffeelake processor
CPU clock:	3.41 GHz
--------------------------------------------------------------------------------
Tempo matriz vetor: 0.375261
Tempo matriz matriz: 240.483130
Tempo matriz matriz(V2): 130.527686
--------------------------------------------------------------------------------
Region tempoMatVet, Group 1: ENERGY
+-------------------+----------+
|    Region Info    |  Core 3  |
+-------------------+----------+
| RDTSC Runtime [s] | 0.000377 |
|     call count    |        1 |
+-------------------+----------+

+-----------------------+---------+---------+
|         Event         | Counter |  Core 3 |
+-----------------------+---------+---------+
|   INSTR_RETIRED_ANY   |  FIXC0  | 2170597 |
| CPU_CLK_UNHALTED_CORE |  FIXC1  | 1446576 |
|  CPU_CLK_UNHALTED_REF |  FIXC2  | 1300294 |
|       TEMP_CORE       |   TMP0  |     216 |
|     PWR_PKG_ENERGY    |   PWR0  |       0 |
|     PWR_PP0_ENERGY    |   PWR1  |  0.0052 |
|     PWR_PP1_ENERGY    |   PWR2  |       0 |
|    PWR_DRAM_ENERGY    |   PWR3  |       0 |
+-----------------------+---------+---------+

+----------------------+-----------+
|        Metric        |   Core 3  |
+----------------------+-----------+
|  Runtime (RDTSC) [s] |    0.0004 |
| Runtime unhalted [s] |    0.0004 |
|      Clock [MHz]     | 3789.3414 |
|          CPI         |    0.6664 |
|    Temperature [C]   |       216 |
|      Energy [J]      |         0 |
|       Power [W]      |         0 |
|    Energy PP0 [J]    |    0.0052 |
|     Power PP0 [W]    |   13.7509 |
|    Energy PP1 [J]    |         0 |
|     Power PP1 [W]    |         0 |
|    Energy DRAM [J]   |         0 |
|    Power DRAM [W]    |         0 |
+----------------------+-----------+

Region tempoMatVetOtimizado, Group 1: ENERGY
+-------------------+----------+
|    Region Info    |  Core 3  |
+-------------------+----------+
| RDTSC Runtime [s] | 0.000246 |
|     call count    |        1 |
+-------------------+----------+

+-----------------------+---------+---------+
|         Event         | Counter |  Core 3 |
+-----------------------+---------+---------+
|   INSTR_RETIRED_ANY   |  FIXC0  | 1807419 |
| CPU_CLK_UNHALTED_CORE |  FIXC1  |  943454 |
|  CPU_CLK_UNHALTED_REF |  FIXC2  |  848592 |
|       TEMP_CORE       |   TMP0  |     216 |
|     PWR_PKG_ENERGY    |   PWR0  |  0.0116 |
|     PWR_PP0_ENERGY    |   PWR1  |  0.0038 |
|     PWR_PP1_ENERGY    |   PWR2  |       0 |
|    PWR_DRAM_ENERGY    |   PWR3  |  0.0010 |
+-----------------------+---------+---------+

+----------------------+-----------+
|        Metric        |   Core 3  |
+----------------------+-----------+
|  Runtime (RDTSC) [s] |    0.0002 |
| Runtime unhalted [s] |    0.0003 |
|      Clock [MHz]     | 3786.9174 |
|          CPI         |    0.5220 |
|    Temperature [C]   |       216 |
|      Energy [J]      |    0.0116 |
|       Power [W]      |   47.1809 |
|    Energy PP0 [J]    |    0.0038 |
|     Power PP0 [W]    |   15.6442 |
|    Energy PP1 [J]    |         0 |
|     Power PP1 [W]    |         0 |
|    Energy DRAM [J]   |    0.0010 |
|    Power DRAM [W]    |    3.9731 |
+----------------------+-----------+

Region tempoMatMat, Group 1: ENERGY
+-------------------+----------+
|    Region Info    |  Core 3  |
+-------------------+----------+
| RDTSC Runtime [s] | 0.240563 |
|     call count    |        1 |
+-------------------+----------+

+-----------------------+---------+------------+
|         Event         | Counter |   Core 3   |
+-----------------------+---------+------------+
|   INSTR_RETIRED_ANY   |  FIXC0  | 1515972000 |
| CPU_CLK_UNHALTED_CORE |  FIXC1  |  898059300 |
|  CPU_CLK_UNHALTED_REF |  FIXC2  |  807471400 |
|       TEMP_CORE       |   TMP0  |        218 |
|     PWR_PKG_ENERGY    |   PWR0  |     2.8585 |
|     PWR_PP0_ENERGY    |   PWR1  |     2.7803 |
|     PWR_PP1_ENERGY    |   PWR2  |          0 |
|    PWR_DRAM_ENERGY    |   PWR3  |     0.1328 |
+-----------------------+---------+------------+

+----------------------+-----------+
|        Metric        |   Core 3  |
+----------------------+-----------+
|  Runtime (RDTSC) [s] |    0.2406 |
| Runtime unhalted [s] |    0.2637 |
|      Clock [MHz]     | 3788.2785 |
|          CPI         |    0.5924 |
|    Temperature [C]   |       218 |
|      Energy [J]      |    2.8585 |
|       Power [W]      |   11.8824 |
|    Energy PP0 [J]    |    2.7803 |
|     Power PP0 [W]    |   11.5576 |
|    Energy PP1 [J]    |         0 |
|     Power PP1 [W]    |         0 |
|    Energy DRAM [J]   |    0.1328 |
|    Power DRAM [W]    |    0.5521 |
+----------------------+-----------+

Region tempoMatMatOtimizado, Group 1: ENERGY
+-------------------+----------+
|    Region Info    |  Core 3  |
+-------------------+----------+
| RDTSC Runtime [s] | 0.130571 |
|     call count    |        1 |
+-------------------+----------+

+-----------------------+---------+------------+
|         Event         | Counter |   Core 3   |
+-----------------------+---------+------------+
|   INSTR_RETIRED_ANY   |  FIXC0  | 1131432000 |
| CPU_CLK_UNHALTED_CORE |  FIXC1  |  489979000 |
|  CPU_CLK_UNHALTED_REF |  FIXC2  |  440512000 |
|       TEMP_CORE       |   TMP0  |        221 |
|     PWR_PKG_ENERGY    |   PWR0  |     1.5563 |
|     PWR_PP0_ENERGY    |   PWR1  |     1.5177 |
|     PWR_PP1_ENERGY    |   PWR2  |          0 |
|    PWR_DRAM_ENERGY    |   PWR3  |     0.0684 |
+-----------------------+---------+------------+

+----------------------+-----------+
|        Metric        |   Core 3  |
+----------------------+-----------+
|  Runtime (RDTSC) [s] |    0.1306 |
| Runtime unhalted [s] |    0.1439 |
|      Clock [MHz]     | 3788.6437 |
|          CPI         |    0.4331 |
|    Temperature [C]   |       221 |
|      Energy [J]      |    1.5563 |
|       Power [W]      |   11.9190 |
|    Energy PP0 [J]    |    1.5177 |
|     Power PP0 [W]    |   11.6236 |
|    Energy PP1 [J]    |         0 |
|     Power PP1 [W]    |         0 |
|    Energy DRAM [J]   |    0.0684 |
|    Power DRAM [W]    |    0.5235 |
+----------------------+-----------+

--------------------------------------------------------------------------------
CPU name:	Intel(R) Core(TM) i5-7500 CPU @ 3.40GHz
CPU type:	Intel Coffeelake processor
CPU clock:	3.41 GHz
--------------------------------------------------------------------------------
Tempo matriz vetor: 0.981618
Tempo matriz matriz: 929.194430
Tempo matriz matriz(V2): 437.482377
--------------------------------------------------------------------------------
Region tempoMatVet, Group 1: ENERGY
+-------------------+----------+
|    Region Info    |  Core 3  |
+-------------------+----------+
| RDTSC Runtime [s] | 0.000984 |
|     call count    |        1 |
+-------------------+----------+

+-----------------------+---------+---------+
|         Event         | Counter |  Core 3 |
+-----------------------+---------+---------+
|   INSTR_RETIRED_ANY   |  FIXC0  | 4872684 |
| CPU_CLK_UNHALTED_CORE |  FIXC1  | 3303285 |
|  CPU_CLK_UNHALTED_REF |  FIXC2  | 3017926 |
|       TEMP_CORE       |   TMP0  |     218 |
|     PWR_PKG_ENERGY    |   PWR0  |  0.0110 |
|     PWR_PP0_ENERGY    |   PWR1  |  0.0154 |
|     PWR_PP1_ENERGY    |   PWR2  |       0 |
|    PWR_DRAM_ENERGY    |   PWR3  |  0.0011 |
+-----------------------+---------+---------+

+----------------------+-----------+
|        Metric        |   Core 3  |
+----------------------+-----------+
|  Runtime (RDTSC) [s] |    0.0010 |
| Runtime unhalted [s] |    0.0010 |
|      Clock [MHz]     | 3730.0965 |
|          CPI         |    0.6779 |
|    Temperature [C]   |       218 |
|      Energy [J]      |    0.0110 |
|       Power [W]      |   11.1651 |
|    Energy PP0 [J]    |    0.0154 |
|     Power PP0 [W]    |   15.6312 |
|    Energy PP1 [J]    |         0 |
|     Power PP1 [W]    |         0 |
|    Energy DRAM [J]   |    0.0011 |
|    Power DRAM [W]    |    1.1165 |
+----------------------+-----------+

Region tempoMatVetOtimizado, Group 1: ENERGY
+-------------------+----------+
|    Region Info    |  Core 3  |
+-------------------+----------+
| RDTSC Runtime [s] | 0.000580 |
|     call count    |        1 |
+-------------------+----------+

+-----------------------+---------+---------+
|         Event         | Counter |  Core 3 |
+-----------------------+---------+---------+
|   INSTR_RETIRED_ANY   |  FIXC0  | 4059000 |
| CPU_CLK_UNHALTED_CORE |  FIXC1  | 2153563 |
|  CPU_CLK_UNHALTED_REF |  FIXC2  | 1988568 |
|       TEMP_CORE       |   TMP0  |     217 |
|     PWR_PKG_ENERGY    |   PWR0  |  0.0165 |
|     PWR_PP0_ENERGY    |   PWR1  |  0.0128 |
|     PWR_PP1_ENERGY    |   PWR2  |       0 |
|    PWR_DRAM_ENERGY    |   PWR3  |  0.0017 |
+-----------------------+---------+---------+

+----------------------+-----------+
|        Metric        |   Core 3  |
+----------------------+-----------+
|  Runtime (RDTSC) [s] |    0.0006 |
| Runtime unhalted [s] |    0.0006 |
|      Clock [MHz]     | 3690.6235 |
|          CPI         |    0.5306 |
|    Temperature [C]   |       217 |
|      Energy [J]      |    0.0165 |
|       Power [W]      |   28.4141 |
|    Energy PP0 [J]    |    0.0128 |
|     Power PP0 [W]    |   22.0999 |
|    Energy PP1 [J]    |         0 |
|     Power PP1 [W]    |         0 |
|    Energy DRAM [J]   |    0.0017 |
|    Power DRAM [W]    |    2.9467 |
+----------------------+-----------+

Region tempoMatMat, Group 1: ENERGY
+-------------------+----------+
|    Region Info    |  Core 3  |
+-------------------+----------+
| RDTSC Runtime [s] | 0.929193 |
|     call count    |        1 |
+-------------------+----------+

+-----------------------+---------+------------+
|         Event         | Counter |   Core 3   |
+-----------------------+---------+------------+
|   INSTR_RETIRED_ANY   |  FIXC0  | 5111925000 |
| CPU_CLK_UNHALTED_CORE |  FIXC1  | 3475348000 |
|  CPU_CLK_UNHALTED_REF |  FIXC2  | 3125703000 |
|       TEMP_CORE       |   TMP0  |        217 |
|     PWR_PKG_ENERGY    |   PWR0  |    10.0275 |
|     PWR_PP0_ENERGY    |   PWR1  |     9.5903 |
|     PWR_PP1_ENERGY    |   PWR2  |     0.0674 |
|    PWR_DRAM_ENERGY    |   PWR3  |     0.7402 |
+-----------------------+---------+------------+

+----------------------+-----------+
|        Metric        |   Core 3  |
+----------------------+-----------+
|  Runtime (RDTSC) [s] |    0.9292 |
| Runtime unhalted [s] |    1.0198 |
|      Clock [MHz]     | 3789.0750 |
|          CPI         |    0.6799 |
|    Temperature [C]   |       217 |
|      Energy [J]      |   10.0275 |
|       Power [W]      |   10.7917 |
|    Energy PP0 [J]    |    9.5903 |
|     Power PP0 [W]    |   10.3211 |
|    Energy PP1 [J]    |    0.0674 |
|     Power PP1 [W]    |    0.0725 |
|    Energy DRAM [J]   |    0.7402 |
|    Power DRAM [W]    |    0.7966 |
+----------------------+-----------+

Region tempoMatMatOtimizado, Group 1: ENERGY
+-------------------+----------+
|    Region Info    |  Core 3  |
+-------------------+----------+
| RDTSC Runtime [s] | 0.437482 |
|     call count    |        1 |
+-------------------+----------+

+-----------------------+---------+------------+
|         Event         | Counter |   Core 3   |
+-----------------------+---------+------------+
|   INSTR_RETIRED_ANY   |  FIXC0  | 3818433000 |
| CPU_CLK_UNHALTED_CORE |  FIXC1  | 1642251000 |
|  CPU_CLK_UNHALTED_REF |  FIXC2  | 1476525000 |
|       TEMP_CORE       |   TMP0  |        221 |
|     PWR_PKG_ENERGY    |   PWR0  |     5.2872 |
|     PWR_PP0_ENERGY    |   PWR1  |     5.1357 |
|     PWR_PP1_ENERGY    |   PWR2  |          0 |
|    PWR_DRAM_ENERGY    |   PWR3  |     0.2638 |
+-----------------------+---------+------------+

+----------------------+-----------+
|        Metric        |   Core 3  |
+----------------------+-----------+
|  Runtime (RDTSC) [s] |    0.4375 |
| Runtime unhalted [s] |    0.4819 |
|      Clock [MHz]     | 3790.3677 |
|          CPI         |    0.4301 |
|    Temperature [C]   |       221 |
|      Energy [J]      |    5.2872 |
|       Power [W]      |   12.0855 |
|    Energy PP0 [J]    |    5.1357 |
|     Power PP0 [W]    |   11.7393 |
|    Energy PP1 [J]    |         0 |
|     Power PP1 [W]    |         0 |
|    Energy DRAM [J]   |    0.2638 |
|    Power DRAM [W]    |    0.6030 |
+----------------------+-----------+

--------------------------------------------------------------------------------
CPU name:	Intel(R) Core(TM) i5-7500 CPU @ 3.40GHz
CPU type:	Intel Coffeelake processor
CPU clock:	3.41 GHz
--------------------------------------------------------------------------------
Tempo matriz vetor: 1.192817
Tempo matriz matriz: 5555.195916
Tempo matriz matriz(V2): 1203.669824
--------------------------------------------------------------------------------
Region tempoMatVet, Group 1: ENERGY
+-------------------+----------+
|    Region Info    |  Core 3  |
+-------------------+----------+
| RDTSC Runtime [s] | 0.001195 |
|     call count    |        1 |
+-------------------+----------+

+-----------------------+---------+---------+
|         Event         | Counter |  Core 3 |
+-----------------------+---------+---------+
|   INSTR_RETIRED_ANY   |  FIXC0  | 6305022 |
| CPU_CLK_UNHALTED_CORE |  FIXC1  | 4247682 |
|  CPU_CLK_UNHALTED_REF |  FIXC2  | 3818522 |
|       TEMP_CORE       |   TMP0  |     218 |
|     PWR_PKG_ENERGY    |   PWR0  |  0.0117 |
|     PWR_PP0_ENERGY    |   PWR1  |  0.0139 |
|     PWR_PP1_ENERGY    |   PWR2  |       0 |
|    PWR_DRAM_ENERGY    |   PWR3  |  0.0012 |
+-----------------------+---------+---------+

+----------------------+-----------+
|        Metric        |   Core 3  |
+----------------------+-----------+
|  Runtime (RDTSC) [s] |    0.0012 |
| Runtime unhalted [s] |    0.0012 |
|      Clock [MHz]     | 3790.8735 |
|          CPI         |    0.6737 |
|    Temperature [C]   |       218 |
|      Energy [J]      |    0.0117 |
|       Power [W]      |    9.7516 |
|    Energy PP0 [J]    |    0.0139 |
|     Power PP0 [W]    |   11.5897 |
|    Energy PP1 [J]    |         0 |
|     Power PP1 [W]    |         0 |
|    Energy DRAM [J]   |    0.0012 |
|    Power DRAM [W]    |    1.0211 |
+----------------------+-----------+

Region tempoMatVetOtimizado, Group 1: ENERGY
+-------------------+----------+
|    Region Info    |  Core 3  |
+-------------------+----------+
| RDTSC Runtime [s] | 0.000687 |
|     call count    |        1 |
+-------------------+----------+

+-----------------------+---------+---------+
|         Event         | Counter |  Core 3 |
+-----------------------+---------+---------+
|   INSTR_RETIRED_ANY   |  FIXC0  | 5252525 |
| CPU_CLK_UNHALTED_CORE |  FIXC1  | 2616308 |
|  CPU_CLK_UNHALTED_REF |  FIXC2  | 2351804 |
|       TEMP_CORE       |   TMP0  |     218 |
|     PWR_PKG_ENERGY    |   PWR0  |  0.0113 |
|     PWR_PP0_ENERGY    |   PWR1  |  0.0101 |
|     PWR_PP1_ENERGY    |   PWR2  |       0 |
|    PWR_DRAM_ENERGY    |   PWR3  |  0.0013 |
+-----------------------+---------+---------+

+----------------------+-----------+
|        Metric        |   Core 3  |
+----------------------+-----------+
|  Runtime (RDTSC) [s] |    0.0007 |
| Runtime unhalted [s] |    0.0008 |
|      Clock [MHz]     | 3791.1445 |
|          CPI         |    0.4981 |
|    Temperature [C]   |       218 |
|      Energy [J]      |    0.0113 |
|       Power [W]      |   16.4351 |
|    Energy PP0 [J]    |    0.0101 |
|     Power PP0 [W]    |   14.6584 |
|    Energy PP1 [J]    |         0 |
|     Power PP1 [W]    |         0 |
|    Energy DRAM [J]   |    0.0013 |
|    Power DRAM [W]    |    1.8656 |
+----------------------+-----------+

Region tempoMatMat, Group 1: ENERGY
+-------------------+----------+
|    Region Info    |  Core 3  |
+-------------------+----------+
| RDTSC Runtime [s] | 5.555189 |
|     call count    |        1 |
+-------------------+----------+

+-----------------------+---------+-------------+
|         Event         | Counter |    Core 3   |
+-----------------------+---------+-------------+
|   INSTR_RETIRED_ANY   |  FIXC0  |  7527747000 |
| CPU_CLK_UNHALTED_CORE |  FIXC1  | 20712810000 |
|  CPU_CLK_UNHALTED_REF |  FIXC2  | 18664150000 |
|       TEMP_CORE       |   TMP0  |         212 |
|     PWR_PKG_ENERGY    |   PWR0  |     55.6865 |
|     PWR_PP0_ENERGY    |   PWR1  |     51.0096 |
|     PWR_PP1_ENERGY    |   PWR2  |      0.6394 |
|    PWR_DRAM_ENERGY    |   PWR3  |     11.5420 |
+-----------------------+---------+-------------+

+----------------------+-----------+
|        Metric        |   Core 3  |
+----------------------+-----------+
|  Runtime (RDTSC) [s] |    5.5552 |
| Runtime unhalted [s] |    6.0779 |
|      Clock [MHz]     | 3781.9292 |
|          CPI         |    2.7515 |
|    Temperature [C]   |       212 |
|      Energy [J]      |   55.6865 |
|       Power [W]      |   10.0242 |
|    Energy PP0 [J]    |   51.0096 |
|     Power PP0 [W]    |    9.1823 |
|    Energy PP1 [J]    |    0.6394 |
|     Power PP1 [W]    |    0.1151 |
|    Energy DRAM [J]   |   11.5420 |
|    Power DRAM [W]    |    2.0777 |
+----------------------+-----------+

Region tempoMatMatOtimizado, Group 1: ENERGY
+-------------------+----------+
|    Region Info    |  Core 3  |
+-------------------+----------+
| RDTSC Runtime [s] | 1.203669 |
|     call count    |        1 |
+-------------------+----------+

+-----------------------+---------+------------+
|         Event         | Counter |   Core 3   |
+-----------------------+---------+------------+
|   INSTR_RETIRED_ANY   |  FIXC0  | 5619936000 |
| CPU_CLK_UNHALTED_CORE |  FIXC1  | 4522469000 |
|  CPU_CLK_UNHALTED_REF |  FIXC2  | 4066256000 |
|       TEMP_CORE       |   TMP0  |        218 |
|     PWR_PKG_ENERGY    |   PWR0  |    13.9853 |
|     PWR_PP0_ENERGY    |   PWR1  |    13.4675 |
|     PWR_PP1_ENERGY    |   PWR2  |          0 |
|    PWR_DRAM_ENERGY    |   PWR3  |     1.0510 |
+-----------------------+---------+------------+

+----------------------+-----------+
|        Metric        |   Core 3  |
+----------------------+-----------+
|  Runtime (RDTSC) [s] |    1.2037 |
| Runtime unhalted [s] |    1.3271 |
|      Clock [MHz]     | 3790.2118 |
|          CPI         |    0.8047 |
|    Temperature [C]   |       218 |
|      Energy [J]      |   13.9853 |
|       Power [W]      |   11.6189 |
|    Energy PP0 [J]    |   13.4675 |
|     Power PP0 [W]    |   11.1887 |
|    Energy PP1 [J]    |         0 |
|     Power PP1 [W]    |         0 |
|    Energy DRAM [J]   |    1.0510 |
|    Power DRAM [W]    |    0.8732 |
+----------------------+-----------+

--------------------------------------------------------------------------------
CPU name:	Intel(R) Core(TM) i5-7500 CPU @ 3.40GHz
CPU type:	Intel Coffeelake processor
CPU clock:	3.41 GHz
--------------------------------------------------------------------------------
Tempo matriz vetor: 4.402743
Tempo matriz matriz: 13117.344654
Tempo matriz matriz(V2): 4954.794402
--------------------------------------------------------------------------------
Region tempoMatVet, Group 1: ENERGY
+-------------------+----------+
|    Region Info    |  Core 3  |
+-------------------+----------+
| RDTSC Runtime [s] | 0.004405 |
|     call count    |        1 |
+-------------------+----------+

+-----------------------+---------+----------+
|         Event         | Counter |  Core 3  |
+-----------------------+---------+----------+
|   INSTR_RETIRED_ANY   |  FIXC0  | 24020400 |
| CPU_CLK_UNHALTED_CORE |  FIXC1  | 16247230 |
|  CPU_CLK_UNHALTED_REF |  FIXC2  | 14620890 |
|       TEMP_CORE       |   TMP0  |      218 |
|     PWR_PKG_ENERGY    |   PWR0  |   0.0451 |
|     PWR_PP0_ENERGY    |   PWR1  |   0.0485 |
|     PWR_PP1_ENERGY    |   PWR2  |        0 |
|    PWR_DRAM_ENERGY    |   PWR3  |   0.0059 |
+-----------------------+---------+----------+

+----------------------+-----------+
|        Metric        |   Core 3  |
+----------------------+-----------+
|  Runtime (RDTSC) [s] |    0.0044 |
| Runtime unhalted [s] |    0.0048 |
|      Clock [MHz]     | 3787.0612 |
|          CPI         |    0.6764 |
|    Temperature [C]   |       218 |
|      Energy [J]      |    0.0451 |
|       Power [W]      |   10.2385 |
|    Energy PP0 [J]    |    0.0485 |
|     Power PP0 [W]    |   11.0144 |
|    Energy PP1 [J]    |         0 |
|     Power PP1 [W]    |         0 |
|    Energy DRAM [J]   |    0.0059 |
|    Power DRAM [W]    |    1.3300 |
+----------------------+-----------+

Region tempoMatVetOtimizado, Group 1: ENERGY
+-------------------+----------+
|    Region Info    |  Core 3  |
+-------------------+----------+
| RDTSC Runtime [s] | 0.002774 |
|     call count    |        1 |
+-------------------+----------+

+-----------------------+---------+----------+
|         Event         | Counter |  Core 3  |
+-----------------------+---------+----------+
|   INSTR_RETIRED_ANY   |  FIXC0  | 20014770 |
| CPU_CLK_UNHALTED_CORE |  FIXC1  | 10305880 |
|  CPU_CLK_UNHALTED_REF |  FIXC2  |  9267772 |
|       TEMP_CORE       |   TMP0  |      217 |
|     PWR_PKG_ENERGY    |   PWR0  |   0.0358 |
|     PWR_PP0_ENERGY    |   PWR1  |   0.0338 |
|     PWR_PP1_ENERGY    |   PWR2  |        0 |
|    PWR_DRAM_ENERGY    |   PWR3  |   0.0051 |
+-----------------------+---------+----------+

+----------------------+-----------+
|        Metric        |   Core 3  |
+----------------------+-----------+
|  Runtime (RDTSC) [s] |    0.0028 |
| Runtime unhalted [s] |    0.0030 |
|      Clock [MHz]     | 3789.7149 |
|          CPI         |    0.5149 |
|    Temperature [C]   |       217 |
|      Energy [J]      |    0.0358 |
|       Power [W]      |   12.9155 |
|    Energy PP0 [J]    |    0.0338 |
|     Power PP0 [W]    |   12.1894 |
|    Energy PP1 [J]    |         0 |
|     Power PP1 [W]    |         0 |
|    Energy DRAM [J]   |    0.0051 |
|    Power DRAM [W]    |    1.8482 |
+----------------------+-----------+

Region tempoMatMat, Group 1: ENERGY
+-------------------+-----------+
|    Region Info    |   Core 3  |
+-------------------+-----------+
| RDTSC Runtime [s] | 13.117310 |
|     call count    |         1 |
+-------------------+-----------+

+-----------------------+---------+-------------+
|         Event         | Counter |    Core 3   |
+-----------------------+---------+-------------+
|   INSTR_RETIRED_ANY   |  FIXC0  | 56044040000 |
| CPU_CLK_UNHALTED_CORE |  FIXC1  | 49009890000 |
|  CPU_CLK_UNHALTED_REF |  FIXC2  | 44106160000 |
|       TEMP_CORE       |   TMP0  |         217 |
|     PWR_PKG_ENERGY    |   PWR0  |    144.1274 |
|     PWR_PP0_ENERGY    |   PWR1  |    136.5977 |
|     PWR_PP1_ENERGY    |   PWR2  |      0.4360 |
|    PWR_DRAM_ENERGY    |   PWR3  |     18.3201 |
+-----------------------+---------+-------------+

+----------------------+-----------+
|        Metric        |   Core 3  |
+----------------------+-----------+
|  Runtime (RDTSC) [s] |   13.1173 |
| Runtime unhalted [s] |   14.3809 |
|      Clock [MHz]     | 3786.8777 |
|          CPI         |    0.8745 |
|    Temperature [C]   |       217 |
|      Energy [J]      |  144.1274 |
|       Power [W]      |   10.9876 |
|    Energy PP0 [J]    |  136.5977 |
|     Power PP0 [W]    |   10.4135 |
|    Energy PP1 [J]    |    0.4360 |
|     Power PP1 [W]    |    0.0332 |
|    Energy DRAM [J]   |   18.3201 |
|    Power DRAM [W]    |    1.3966 |
+----------------------+-----------+

Region tempoMatMatOtimizado, Group 1: ENERGY
+-------------------+----------+
|    Region Info    |  Core 3  |
+-------------------+----------+
| RDTSC Runtime [s] | 4.954780 |
|     call count    |        1 |
+-------------------+----------+

+-----------------------+---------+-------------+
|         Event         | Counter |    Core 3   |
+-----------------------+---------+-------------+
|   INSTR_RETIRED_ANY   |  FIXC0  | 41871430000 |
| CPU_CLK_UNHALTED_CORE |  FIXC1  | 18531930000 |
|  CPU_CLK_UNHALTED_REF |  FIXC2  | 16686250000 |
|       TEMP_CORE       |   TMP0  |         222 |
|     PWR_PKG_ENERGY    |   PWR0  |     61.5263 |
|     PWR_PP0_ENERGY    |   PWR1  |     59.3591 |
|     PWR_PP1_ENERGY    |   PWR2  |      0.2136 |
|    PWR_DRAM_ENERGY    |   PWR3  |      3.4995 |
+-----------------------+---------+-------------+

+----------------------+-----------+
|        Metric        |   Core 3  |
+----------------------+-----------+
|  Runtime (RDTSC) [s] |    4.9548 |
| Runtime unhalted [s] |    5.4378 |
|      Clock [MHz]     | 3784.9375 |
|          CPI         |    0.4426 |
|    Temperature [C]   |       222 |
|      Energy [J]      |   61.5263 |
|       Power [W]      |   12.4176 |
|    Energy PP0 [J]    |   59.3591 |
|     Power PP0 [W]    |   11.9802 |
|    Energy PP1 [J]    |    0.2136 |
|     Power PP1 [W]    |    0.0431 |
|    Energy DRAM [J]   |    3.4995 |
|    Power DRAM [W]    |    0.7063 |
+----------------------+-----------+

--------------------------------------------------------------------------------
CPU name:	Intel(R) Core(TM) i5-7500 CPU @ 3.40GHz
CPU type:	Intel Coffeelake processor
CPU clock:	3.41 GHz
--------------------------------------------------------------------------------
Tempo matriz vetor: 4.697664
Tempo matriz matriz: 57088.157986
Tempo matriz matriz(V2): 10232.853468
--------------------------------------------------------------------------------
Region tempoMatVet, Group 1: ENERGY
+-------------------+----------+
|    Region Info    |  Core 3  |
+-------------------+----------+
| RDTSC Runtime [s] | 0.004701 |
|     call count    |        1 |
+-------------------+----------+

+-----------------------+---------+----------+
|         Event         | Counter |  Core 3  |
+-----------------------+---------+----------+
|   INSTR_RETIRED_ANY   |  FIXC0  | 25186560 |
| CPU_CLK_UNHALTED_CORE |  FIXC1  | 17104720 |
|  CPU_CLK_UNHALTED_REF |  FIXC2  | 15575130 |
|       TEMP_CORE       |   TMP0  |      218 |
|     PWR_PKG_ENERGY    |   PWR0  |   0.0689 |
|     PWR_PP0_ENERGY    |   PWR1  |   0.0649 |
|     PWR_PP1_ENERGY    |   PWR2  |        0 |
|    PWR_DRAM_ENERGY    |   PWR3  |   0.0071 |
+-----------------------+---------+----------+

+----------------------+-----------+
|        Metric        |   Core 3  |
+----------------------+-----------+
|  Runtime (RDTSC) [s] |    0.0047 |
| Runtime unhalted [s] |    0.0050 |
|      Clock [MHz]     | 3742.6475 |
|          CPI         |    0.6791 |
|    Temperature [C]   |       218 |
|      Energy [J]      |    0.0689 |
|       Power [W]      |   14.6591 |
|    Energy PP0 [J]    |    0.0649 |
|     Power PP0 [W]    |   13.8021 |
|    Energy PP1 [J]    |         0 |
|     Power PP1 [W]    |         0 |
|    Energy DRAM [J]   |    0.0071 |
|    Power DRAM [W]    |    1.5191 |
+----------------------+-----------+

Region tempoMatVetOtimizado, Group 1: ENERGY
+-------------------+----------+
|    Region Info    |  Core 3  |
+-------------------+----------+
| RDTSC Runtime [s] | 0.002893 |
|     call count    |        1 |
+-------------------+----------+

+-----------------------+---------+----------+
|         Event         | Counter |  Core 3  |
+-----------------------+---------+----------+
|   INSTR_RETIRED_ANY   |  FIXC0  | 20986540 |
| CPU_CLK_UNHALTED_CORE |  FIXC1  | 10747990 |
|  CPU_CLK_UNHALTED_REF |  FIXC2  |  9686388 |
|       TEMP_CORE       |   TMP0  |      217 |
|     PWR_PKG_ENERGY    |   PWR0  |   0.0374 |
|     PWR_PP0_ENERGY    |   PWR1  |   0.0350 |
|     PWR_PP1_ENERGY    |   PWR2  |        0 |
|    PWR_DRAM_ENERGY    |   PWR3  |   0.0051 |
+-----------------------+---------+----------+

+----------------------+-----------+
|        Metric        |   Core 3  |
+----------------------+-----------+
|  Runtime (RDTSC) [s] |    0.0029 |
| Runtime unhalted [s] |    0.0032 |
|      Clock [MHz]     | 3781.4645 |
|          CPI         |    0.5121 |
|    Temperature [C]   |       217 |
|      Energy [J]      |    0.0374 |
|       Power [W]      |   12.9335 |
|    Energy PP0 [J]    |    0.0350 |
|     Power PP0 [W]    |   12.1107 |
|    Energy PP1 [J]    |         0 |
|     Power PP1 [W]    |         0 |
|    Energy DRAM [J]   |    0.0051 |
|    Power DRAM [W]    |    1.7723 |
+----------------------+-----------+

Region tempoMatMat, Group 1: ENERGY
+-------------------+-----------+
|    Region Info    |   Core 3  |
+-------------------+-----------+
| RDTSC Runtime [s] | 57.087930 |
|     call count    |         1 |
+-------------------+-----------+

+-----------------------+---------+--------------+
|         Event         | Counter |    Core 3    |
+-----------------------+---------+--------------+
|   INSTR_RETIRED_ANY   |  FIXC0  |  60175800000 |
| CPU_CLK_UNHALTED_CORE |  FIXC1  | 213260000000 |
|  CPU_CLK_UNHALTED_REF |  FIXC2  | 192169100000 |
|       TEMP_CORE       |   TMP0  |          213 |
|     PWR_PKG_ENERGY    |   PWR0  |     565.5871 |
|     PWR_PP0_ENERGY    |   PWR1  |     511.6266 |
|     PWR_PP1_ENERGY    |   PWR2  |      10.1068 |
|    PWR_DRAM_ENERGY    |   PWR3  |     124.5494 |
+-----------------------+---------+--------------+

+----------------------+-----------+
|        Metric        |   Core 3  |
+----------------------+-----------+
|  Runtime (RDTSC) [s] |   57.0879 |
| Runtime unhalted [s] |   62.5770 |
|      Clock [MHz]     | 3781.9910 |
|          CPI         |    3.5439 |
|    Temperature [C]   |       213 |
|      Energy [J]      |  565.5871 |
|       Power [W]      |    9.9073 |
|    Energy PP0 [J]    |  511.6266 |
|     Power PP0 [W]    |    8.9621 |
|    Energy PP1 [J]    |   10.1068 |
|     Power PP1 [W]    |    0.1770 |
|    Energy DRAM [J]   |  124.5494 |
|    Power DRAM [W]    |    2.1817 |
+----------------------+-----------+

Region tempoMatMatOtimizado, Group 1: ENERGY
+-------------------+-----------+
|    Region Info    |   Core 3  |
+-------------------+-----------+
| RDTSC Runtime [s] | 10.232810 |
|     call count    |         1 |
+-------------------+-----------+

+-----------------------+---------+-------------+
|         Event         | Counter |    Core 3   |
+-----------------------+---------+-------------+
|   INSTR_RETIRED_ANY   |  FIXC0  | 44959100000 |
| CPU_CLK_UNHALTED_CORE |  FIXC1  | 38194410000 |
|  CPU_CLK_UNHALTED_REF |  FIXC2  | 34433280000 |
|       TEMP_CORE       |   TMP0  |         219 |
|     PWR_PKG_ENERGY    |   PWR0  |    125.1595 |
|     PWR_PP0_ENERGY    |   PWR1  |    116.8593 |
|     PWR_PP1_ENERGY    |   PWR2  |      2.5750 |
|    PWR_DRAM_ENERGY    |   PWR3  |     13.4912 |
+-----------------------+---------+-------------+

+----------------------+-----------+
|        Metric        |   Core 3  |
+----------------------+-----------+
|  Runtime (RDTSC) [s] |   10.2328 |
| Runtime unhalted [s] |   11.2074 |
|      Clock [MHz]     | 3780.2111 |
|          CPI         |    0.8495 |
|    Temperature [C]   |       219 |
|      Energy [J]      |  125.1595 |
|       Power [W]      |   12.2312 |
|    Energy PP0 [J]    |  116.8593 |
|     Power PP0 [W]    |   11.4201 |
|    Energy PP1 [J]    |    2.5750 |
|     Power PP1 [W]    |    0.2516 |
|    Energy DRAM [J]   |   13.4912 |
|    Power DRAM [W]    |    1.3184 |
+----------------------+-----------+

--------------------------------------------------------------------------------
CPU name:	Intel(R) Core(TM) i5-7500 CPU @ 3.40GHz
CPU type:	Intel Coffeelake processor
CPU clock:	3.41 GHz
--------------------------------------------------------------------------------
Tempo matriz vetor: 10.630868
Tempo matriz matriz: 44769.230452
Tempo matriz matriz(V2): 16672.948497
--------------------------------------------------------------------------------
Region tempoMatVet, Group 1: ENERGY
+-------------------+----------+
|    Region Info    |  Core 3  |
+-------------------+----------+
| RDTSC Runtime [s] | 0.010651 |
|     call count    |        1 |
+-------------------+----------+

+-----------------------+---------+----------+
|         Event         | Counter |  Core 3  |
+-----------------------+---------+----------+
|   INSTR_RETIRED_ANY   |  FIXC0  | 54027400 |
| CPU_CLK_UNHALTED_CORE |  FIXC1  | 38233980 |
|  CPU_CLK_UNHALTED_REF |  FIXC2  | 34605260 |
|       TEMP_CORE       |   TMP0  |      218 |
|     PWR_PKG_ENERGY    |   PWR0  |   0.1810 |
|     PWR_PP0_ENERGY    |   PWR1  |   0.1425 |
|     PWR_PP1_ENERGY    |   PWR2  |   0.0276 |
|    PWR_DRAM_ENERGY    |   PWR3  |   0.0234 |
+-----------------------+---------+----------+

+----------------------+-----------+
|        Metric        |   Core 3  |
+----------------------+-----------+
|  Runtime (RDTSC) [s] |    0.0107 |
| Runtime unhalted [s] |    0.0112 |
|      Clock [MHz]     | 3765.3080 |
|          CPI         |    0.7077 |
|    Temperature [C]   |       218 |
|      Energy [J]      |    0.1810 |
|       Power [W]      |   16.9904 |
|    Energy PP0 [J]    |    0.1425 |
|     Power PP0 [W]    |   13.3803 |
|    Energy PP1 [J]    |    0.0276 |
|     Power PP1 [W]    |    2.5958 |
|    Energy DRAM [J]   |    0.0234 |
|    Power DRAM [W]    |    2.1947 |
+----------------------+-----------+

Region tempoMatVetOtimizado, Group 1: ENERGY
+-------------------+----------+
|    Region Info    |  Core 3  |
+-------------------+----------+
| RDTSC Runtime [s] | 0.006497 |
|     call count    |        1 |
+-------------------+----------+

+-----------------------+---------+----------+
|         Event         | Counter |  Core 3  |
+-----------------------+---------+----------+
|   INSTR_RETIRED_ANY   |  FIXC0  | 45020020 |
| CPU_CLK_UNHALTED_CORE |  FIXC1  | 23688080 |
|  CPU_CLK_UNHALTED_REF |  FIXC2  | 21568240 |
|       TEMP_CORE       |   TMP0  |      219 |
|     PWR_PKG_ENERGY    |   PWR0  |   0.1147 |
|     PWR_PP0_ENERGY    |   PWR1  |   0.0996 |
|     PWR_PP1_ENERGY    |   PWR2  |   0.0009 |
|    PWR_DRAM_ENERGY    |   PWR3  |   0.0147 |
+-----------------------+---------+----------+

+----------------------+-----------+
|        Metric        |   Core 3  |
+----------------------+-----------+
|  Runtime (RDTSC) [s] |    0.0065 |
| Runtime unhalted [s] |    0.0070 |
|      Clock [MHz]     | 3742.9004 |
|          CPI         |    0.5262 |
|    Temperature [C]   |       219 |
|      Energy [J]      |    0.1147 |
|       Power [W]      |   17.6521 |
|    Energy PP0 [J]    |    0.0996 |
|     Power PP0 [W]    |   15.3316 |
|    Energy PP1 [J]    |    0.0009 |
|     Power PP1 [W]    |    0.1409 |
|    Energy DRAM [J]   |    0.0147 |
|    Power DRAM [W]    |    2.2640 |
+----------------------+-----------+

Region tempoMatMat, Group 1: ENERGY
+-------------------+-----------+
|    Region Info    |   Core 3  |
+-------------------+-----------+
| RDTSC Runtime [s] | 44.769170 |
|     call count    |         1 |
+-------------------+-----------+

+-----------------------+---------+--------------+
|         Event         | Counter |    Core 3    |
+-----------------------+---------+--------------+
|   INSTR_RETIRED_ANY   |  FIXC0  | 189099100000 |
| CPU_CLK_UNHALTED_CORE |  FIXC1  | 166774600000 |
|  CPU_CLK_UNHALTED_REF |  FIXC2  | 150333800000 |
|       TEMP_CORE       |   TMP0  |          217 |
|     PWR_PKG_ENERGY    |   PWR0  |     514.2002 |
|     PWR_PP0_ENERGY    |   PWR1  |     481.6993 |
|     PWR_PP1_ENERGY    |   PWR2  |       7.6863 |
|    PWR_DRAM_ENERGY    |   PWR3  |      62.8312 |
+-----------------------+---------+--------------+

+----------------------+-----------+
|        Metric        |   Core 3  |
+----------------------+-----------+
|  Runtime (RDTSC) [s] |   44.7692 |
| Runtime unhalted [s] |   48.9369 |
|      Clock [MHz]     | 3780.6492 |
|          CPI         |    0.8819 |
|    Temperature [C]   |       217 |
|      Energy [J]      |  514.2002 |
|       Power [W]      |   11.4856 |
|    Energy PP0 [J]    |  481.6993 |
|     Power PP0 [W]    |   10.7596 |
|    Energy PP1 [J]    |    7.6863 |
|     Power PP1 [W]    |    0.1717 |
|    Energy DRAM [J]   |   62.8312 |
|    Power DRAM [W]    |    1.4034 |
+----------------------+-----------+

Region tempoMatMatOtimizado, Group 1: ENERGY
+-------------------+-----------+
|    Region Info    |   Core 3  |
+-------------------+-----------+
| RDTSC Runtime [s] | 16.672920 |
|     call count    |         1 |
+-------------------+-----------+

+-----------------------+---------+--------------+
|         Event         | Counter |    Core 3    |
+-----------------------+---------+--------------+
|   INSTR_RETIRED_ANY   |  FIXC0  | 141337500000 |
| CPU_CLK_UNHALTED_CORE |  FIXC1  |  62533160000 |
|  CPU_CLK_UNHALTED_REF |  FIXC2  |  56274020000 |
|       TEMP_CORE       |   TMP0  |          224 |
|     PWR_PKG_ENERGY    |   PWR0  |     208.5992 |
|     PWR_PP0_ENERGY    |   PWR1  |     200.6501 |
|     PWR_PP1_ENERGY    |   PWR2  |       1.1837 |
|    PWR_DRAM_ENERGY    |   PWR3  |      12.4336 |
+-----------------------+---------+--------------+

+----------------------+-----------+
|        Metric        |   Core 3  |
+----------------------+-----------+
|  Runtime (RDTSC) [s] |   16.6729 |
| Runtime unhalted [s] |   18.3492 |
|      Clock [MHz]     | 3787.0021 |
|          CPI         |    0.4424 |
|    Temperature [C]   |       224 |
|      Energy [J]      |  208.5992 |
|       Power [W]      |   12.5113 |
|    Energy PP0 [J]    |  200.6501 |
|     Power PP0 [W]    |   12.0345 |
|    Energy PP1 [J]    |    1.1837 |
|     Power PP1 [W]    |    0.0710 |
|    Energy DRAM [J]   |   12.4336 |
|    Power DRAM [W]    |    0.7457 |
+----------------------+-----------+

--------------------------------------------------------------------------------
CPU name:	Intel(R) Core(TM) i5-7500 CPU @ 3.40GHz
CPU type:	Intel Coffeelake processor
CPU clock:	3.41 GHz
--------------------------------------------------------------------------------
Tempo matriz vetor: 17.365242
Tempo matriz matriz: 127034.809627
Tempo matriz matriz(V2): 43429.503544
--------------------------------------------------------------------------------
Region tempoMatVet, Group 1: ENERGY
+-------------------+----------+
|    Region Info    |  Core 3  |
+-------------------+----------+
| RDTSC Runtime [s] | 0.017368 |
|     call count    |        1 |
+-------------------+----------+

+-----------------------+---------+----------+
|         Event         | Counter |  Core 3  |
+-----------------------+---------+----------+
|   INSTR_RETIRED_ANY   |  FIXC0  | 96034400 |
| CPU_CLK_UNHALTED_CORE |  FIXC1  | 65289110 |
|  CPU_CLK_UNHALTED_REF |  FIXC2  | 58699680 |
|       TEMP_CORE       |   TMP0  |      220 |
|     PWR_PKG_ENERGY    |   PWR0  |   0.2003 |
|     PWR_PP0_ENERGY    |   PWR1  |   0.1850 |
|     PWR_PP1_ENERGY    |   PWR2  |        0 |
|    PWR_DRAM_ENERGY    |   PWR3  |   0.0251 |
+-----------------------+---------+----------+

+----------------------+-----------+
|        Metric        |   Core 3  |
+----------------------+-----------+
|  Runtime (RDTSC) [s] |    0.0174 |
| Runtime unhalted [s] |    0.0192 |
|      Clock [MHz]     | 3789.5162 |
|          CPI         |    0.6799 |
|    Temperature [C]   |       220 |
|      Energy [J]      |    0.2003 |
|       Power [W]      |   11.5339 |
|    Energy PP0 [J]    |    0.1850 |
|     Power PP0 [W]    |   10.6518 |
|    Energy PP1 [J]    |         0 |
|     Power PP1 [W]    |         0 |
|    Energy DRAM [J]   |    0.0251 |
|    Power DRAM [W]    |    1.4479 |
+----------------------+-----------+

Region tempoMatVetOtimizado, Group 1: ENERGY
+-------------------+----------+
|    Region Info    |  Core 3  |
+-------------------+----------+
| RDTSC Runtime [s] | 0.011080 |
|     call count    |        1 |
+-------------------+----------+

+-----------------------+---------+----------+
|         Event         | Counter |  Core 3  |
+-----------------------+---------+----------+
|   INSTR_RETIRED_ANY   |  FIXC0  | 80025270 |
| CPU_CLK_UNHALTED_CORE |  FIXC1  | 41690630 |
|  CPU_CLK_UNHALTED_REF |  FIXC2  | 37482460 |
|       TEMP_CORE       |   TMP0  |      220 |
|     PWR_PKG_ENERGY    |   PWR0  |   0.1328 |
|     PWR_PP0_ENERGY    |   PWR1  |   0.1287 |
|     PWR_PP1_ENERGY    |   PWR2  |        0 |
|    PWR_DRAM_ENERGY    |   PWR3  |   0.0215 |
+-----------------------+---------+----------+

+----------------------+-----------+
|        Metric        |   Core 3  |
+----------------------+-----------+
|  Runtime (RDTSC) [s] |    0.0111 |
| Runtime unhalted [s] |    0.0122 |
|      Clock [MHz]     | 3789.5629 |
|          CPI         |    0.5210 |
|    Temperature [C]   |       220 |
|      Energy [J]      |    0.1328 |
|       Power [W]      |   11.9867 |
|    Energy PP0 [J]    |    0.1287 |
|     Power PP0 [W]    |   11.6121 |
|    Energy PP1 [J]    |         0 |
|     Power PP1 [W]    |         0 |
|    Energy DRAM [J]   |    0.0215 |
|    Power DRAM [W]    |    1.9390 |
+----------------------+-----------+

Region tempoMatMat, Group 1: ENERGY
+-------------------+------------+
|    Region Info    |   Core 3   |
+-------------------+------------+
| RDTSC Runtime [s] | 127.034500 |
|     call count    |          1 |
+-------------------+------------+

+-----------------------+---------+--------------+
|         Event         | Counter |    Core 3    |
+-----------------------+---------+--------------+
|   INSTR_RETIRED_ANY   |  FIXC0  | 448374700000 |
| CPU_CLK_UNHALTED_CORE |  FIXC1  | 471473500000 |
|  CPU_CLK_UNHALTED_REF |  FIXC2  | 425619900000 |
|       TEMP_CORE       |   TMP0  |          217 |
|     PWR_PKG_ENERGY    |   PWR0  |    1535.7880 |
|     PWR_PP0_ENERGY    |   PWR1  |    1434.2810 |
|     PWR_PP1_ENERGY    |   PWR2  |      31.5635 |
|    PWR_DRAM_ENERGY    |   PWR3  |     188.1101 |
+-----------------------+---------+--------------+

+----------------------+-----------+
|        Metric        |   Core 3  |
+----------------------+-----------+
|  Runtime (RDTSC) [s] |  127.0345 |
| Runtime unhalted [s] |  138.3817 |
|      Clock [MHz]     | 3774.1061 |
|          CPI         |    1.0515 |
|    Temperature [C]   |       217 |
|      Energy [J]      | 1535.7880 |
|       Power [W]      |   12.0895 |
|    Energy PP0 [J]    | 1434.2810 |
|     Power PP0 [W]    |   11.2905 |
|    Energy PP1 [J]    |   31.5635 |
|     Power PP1 [W]    |    0.2485 |
|    Energy DRAM [J]   |  188.1101 |
|    Power DRAM [W]    |    1.4808 |
+----------------------+-----------+

Region tempoMatMatOtimizado, Group 1: ENERGY
+-------------------+-----------+
|    Region Info    |   Core 3  |
+-------------------+-----------+
| RDTSC Runtime [s] | 43.429410 |
|     call count    |         1 |
+-------------------+-----------+

+-----------------------+---------+--------------+
|         Event         | Counter |    Core 3    |
+-----------------------+---------+--------------+
|   INSTR_RETIRED_ANY   |  FIXC0  | 335018700000 |
| CPU_CLK_UNHALTED_CORE |  FIXC1  | 161602000000 |
|  CPU_CLK_UNHALTED_REF |  FIXC2  | 145834200000 |
|       TEMP_CORE       |   TMP0  |          224 |
|     PWR_PKG_ENERGY    |   PWR0  |     575.6696 |
|     PWR_PP0_ENERGY    |   PWR1  |     548.1007 |
|     PWR_PP1_ENERGY    |   PWR2  |       7.8480 |
|    PWR_DRAM_ENERGY    |   PWR3  |      41.1937 |
+-----------------------+---------+--------------+

+----------------------+-----------+
|        Metric        |   Core 3  |
+----------------------+-----------+
|  Runtime (RDTSC) [s] |   43.4294 |
| Runtime unhalted [s] |   47.4316 |
|      Clock [MHz]     | 3775.4272 |
|          CPI         |    0.4824 |
|    Temperature [C]   |       224 |
|      Energy [J]      |  575.6696 |
|       Power [W]      |   13.2553 |
|    Energy PP0 [J]    |  548.1007 |
|     Power PP0 [W]    |   12.6205 |
|    Energy PP1 [J]    |    7.8480 |
|     Power PP1 [W]    |    0.1807 |
|    Energy DRAM [J]   |   41.1937 |
|    Power DRAM [W]    |    0.9485 |
+----------------------+-----------+

