--------------------------------------------------------------------------------
CPU name:	Intel(R) Core(TM) i5-7500 CPU @ 3.40GHz
CPU type:	Intel Coffeelake processor
CPU clock:	3.41 GHz
--------------------------------------------------------------------------------
Tempo matriz vetor: 0.002951
Tempo matriz matriz: 0.211123
Tempo matriz matriz(V2): 0.156591
--------------------------------------------------------------------------------
Region tempoMatVet, Group 1: FLOPS_DP
+-------------------+----------+
|    Region Info    |  Core 3  |
+-------------------+----------+
| RDTSC Runtime [s] | 0.000004 |
|     call count    |        1 |
+-------------------+----------+

+------------------------------------------+---------+--------+
|                   Event                  | Counter | Core 3 |
+------------------------------------------+---------+--------+
|             INSTR_RETIRED_ANY            |  FIXC0  |  30500 |
|           CPU_CLK_UNHALTED_CORE          |  FIXC1  |  26788 |
|           CPU_CLK_UNHALTED_REF           |  FIXC2  |  24282 |
| FP_ARITH_INST_RETIRED_128B_PACKED_DOUBLE |   PMC0  |      0 |
|    FP_ARITH_INST_RETIRED_SCALAR_DOUBLE   |   PMC1  |   8209 |
| FP_ARITH_INST_RETIRED_256B_PACKED_DOUBLE |   PMC2  |      0 |
+------------------------------------------+---------+--------+

+----------------------+--------------+
|        Metric        |    Core 3    |
+----------------------+--------------+
|  Runtime (RDTSC) [s] | 4.197789e-06 |
| Runtime unhalted [s] | 7.860358e-06 |
|      Clock [MHz]     |    3759.7055 |
|          CPI         |       0.8783 |
|      DP MFLOP/s      |    1955.5533 |
|    AVX DP MFLOP/s    |            0 |
|    Packed MUOPS/s    |            0 |
|    Scalar MUOPS/s    |    1955.5533 |
|  Vectorization ratio |            0 |
+----------------------+--------------+

Region tempoMatVetOtimizado, Group 1: FLOPS_DP
+-------------------+----------+
|    Region Info    |  Core 3  |
+-------------------+----------+
| RDTSC Runtime [s] | 0.000003 |
|     call count    |        1 |
+-------------------+----------+

+------------------------------------------+---------+--------+
|                   Event                  | Counter | Core 3 |
+------------------------------------------+---------+--------+
|             INSTR_RETIRED_ANY            |  FIXC0  |  24767 |
|           CPU_CLK_UNHALTED_CORE          |  FIXC1  |  19751 |
|           CPU_CLK_UNHALTED_REF           |  FIXC2  |  17608 |
| FP_ARITH_INST_RETIRED_128B_PACKED_DOUBLE |   PMC0  |      0 |
|    FP_ARITH_INST_RETIRED_SCALAR_DOUBLE   |   PMC1  |   8208 |
| FP_ARITH_INST_RETIRED_256B_PACKED_DOUBLE |   PMC2  |      0 |
+------------------------------------------+---------+--------+

+----------------------+--------------+
|        Metric        |    Core 3    |
+----------------------+--------------+
|  Runtime (RDTSC) [s] | 2.927243e-06 |
| Runtime unhalted [s] | 5.795503e-06 |
|      Clock [MHz]     |    3822.7601 |
|          CPI         |       0.7975 |
|      DP MFLOP/s      |    2804.0036 |
|    AVX DP MFLOP/s    |            0 |
|    Packed MUOPS/s    |            0 |
|    Scalar MUOPS/s    |    2804.0036 |
|  Vectorization ratio |            0 |
+----------------------+--------------+

Region tempoMatMat, Group 1: FLOPS_DP
+-------------------+----------+
|    Region Info    |  Core 3  |
+-------------------+----------+
| RDTSC Runtime [s] | 0.000211 |
|     call count    |        1 |
+-------------------+----------+

+------------------------------------------+---------+---------+
|                   Event                  | Counter |  Core 3 |
+------------------------------------------+---------+---------+
|             INSTR_RETIRED_ANY            |  FIXC0  | 1884568 |
|           CPU_CLK_UNHALTED_CORE          |  FIXC1  |  810145 |
|           CPU_CLK_UNHALTED_REF           |  FIXC2  |  728602 |
| FP_ARITH_INST_RETIRED_128B_PACKED_DOUBLE |   PMC0  |       0 |
|    FP_ARITH_INST_RETIRED_SCALAR_DOUBLE   |   PMC1  |  524305 |
| FP_ARITH_INST_RETIRED_256B_PACKED_DOUBLE |   PMC2  |       0 |
+------------------------------------------+---------+---------+

+----------------------+-----------+
|        Metric        |   Core 3  |
+----------------------+-----------+
|  Runtime (RDTSC) [s] |    0.0002 |
| Runtime unhalted [s] |    0.0002 |
|      Clock [MHz]     | 3789.3994 |
|          CPI         |    0.4299 |
|      DP MFLOP/s      | 2480.9412 |
|    AVX DP MFLOP/s    |         0 |
|    Packed MUOPS/s    |         0 |
|    Scalar MUOPS/s    | 2480.9412 |
|  Vectorization ratio |         0 |
+----------------------+-----------+

Region tempoMatMatOtimizado, Group 1: FLOPS_DP
+-------------------+----------+
|    Region Info    |  Core 3  |
+-------------------+----------+
| RDTSC Runtime [s] | 0.000157 |
|     call count    |        1 |
+-------------------+----------+

+------------------------------------------+---------+---------+
|                   Event                  | Counter |  Core 3 |
+------------------------------------------+---------+---------+
|             INSTR_RETIRED_ANY            |  FIXC0  | 1376424 |
|           CPU_CLK_UNHALTED_CORE          |  FIXC1  |  602772 |
|           CPU_CLK_UNHALTED_REF           |  FIXC2  |  542298 |
| FP_ARITH_INST_RETIRED_128B_PACKED_DOUBLE |   PMC0  |       0 |
|    FP_ARITH_INST_RETIRED_SCALAR_DOUBLE   |   PMC1  |  524305 |
| FP_ARITH_INST_RETIRED_256B_PACKED_DOUBLE |   PMC2  |       0 |
+------------------------------------------+---------+---------+

+----------------------+-----------+
|        Metric        |   Core 3  |
+----------------------+-----------+
|  Runtime (RDTSC) [s] |    0.0002 |
| Runtime unhalted [s] |    0.0002 |
|      Clock [MHz]     | 3788.0269 |
|          CPI         |    0.4379 |
|      DP MFLOP/s      | 3344.7077 |
|    AVX DP MFLOP/s    |         0 |
|    Packed MUOPS/s    |         0 |
|    Scalar MUOPS/s    | 3344.7077 |
|  Vectorization ratio |         0 |
+----------------------+-----------+

--------------------------------------------------------------------------------
CPU name:	Intel(R) Core(TM) i5-7500 CPU @ 3.40GHz
CPU type:	Intel Coffeelake processor
CPU clock:	3.41 GHz
--------------------------------------------------------------------------------
Tempo matriz vetor: 0.008559
Tempo matriz matriz: 0.880055
Tempo matriz matriz(V2): 0.585783
--------------------------------------------------------------------------------
Region tempoMatVet, Group 1: FLOPS_DP
+-------------------+----------+
|    Region Info    |  Core 3  |
+-------------------+----------+
| RDTSC Runtime [s] | 0.000010 |
|     call count    |        1 |
+-------------------+----------+

+------------------------------------------+---------+--------+
|                   Event                  | Counter | Core 3 |
+------------------------------------------+---------+--------+
|             INSTR_RETIRED_ANY            |  FIXC0  |  66176 |
|           CPU_CLK_UNHALTED_CORE          |  FIXC1  |  48629 |
|           CPU_CLK_UNHALTED_REF           |  FIXC2  |  43168 |
| FP_ARITH_INST_RETIRED_128B_PACKED_DOUBLE |   PMC0  |      0 |
|    FP_ARITH_INST_RETIRED_SCALAR_DOUBLE   |   PMC1  |  20017 |
| FP_ARITH_INST_RETIRED_256B_PACKED_DOUBLE |   PMC2  |      0 |
+------------------------------------------+---------+--------+

+----------------------+--------------+
|        Metric        |    Core 3    |
+----------------------+--------------+
|  Runtime (RDTSC) [s] | 9.723810e-06 |
| Runtime unhalted [s] | 1.426924e-05 |
|      Clock [MHz]     |    3839.0863 |
|          CPI         |       0.7348 |
|      DP MFLOP/s      |    2058.5552 |
|    AVX DP MFLOP/s    |            0 |
|    Packed MUOPS/s    |            0 |
|    Scalar MUOPS/s    |    2058.5552 |
|  Vectorization ratio |            0 |
+----------------------+--------------+

Region tempoMatVetOtimizado, Group 1: FLOPS_DP
+-------------------+----------+
|    Region Info    |  Core 3  |
+-------------------+----------+
| RDTSC Runtime [s] | 0.000007 |
|     call count    |        1 |
+-------------------+----------+

+------------------------------------------+---------+--------+
|                   Event                  | Counter | Core 3 |
+------------------------------------------+---------+--------+
|             INSTR_RETIRED_ANY            |  FIXC0  |  54476 |
|           CPU_CLK_UNHALTED_CORE          |  FIXC1  |  34010 |
|           CPU_CLK_UNHALTED_REF           |  FIXC2  |  30814 |
| FP_ARITH_INST_RETIRED_128B_PACKED_DOUBLE |   PMC0  |      0 |
|    FP_ARITH_INST_RETIRED_SCALAR_DOUBLE   |   PMC1  |  20016 |
| FP_ARITH_INST_RETIRED_256B_PACKED_DOUBLE |   PMC2  |      0 |
+------------------------------------------+---------+--------+

+----------------------+--------------+
|        Metric        |    Core 3    |
+----------------------+--------------+
|  Runtime (RDTSC) [s] | 6.579373e-06 |
| Runtime unhalted [s] | 9.979578e-06 |
|      Clock [MHz]     |    3761.4303 |
|          CPI         |       0.6243 |
|      DP MFLOP/s      |    3042.2352 |
|    AVX DP MFLOP/s    |            0 |
|    Packed MUOPS/s    |            0 |
|    Scalar MUOPS/s    |    3042.2352 |
|  Vectorization ratio |            0 |
+----------------------+--------------+

Region tempoMatMat, Group 1: FLOPS_DP
+-------------------+----------+
|    Region Info    |  Core 3  |
+-------------------+----------+
| RDTSC Runtime [s] | 0.000880 |
|     call count    |        1 |
+-------------------+----------+

+------------------------------------------+---------+---------+
|                   Event                  | Counter |  Core 3 |
+------------------------------------------+---------+---------+
|             INSTR_RETIRED_ANY            |  FIXC0  | 7114864 |
|           CPU_CLK_UNHALTED_CORE          |  FIXC1  | 3346443 |
|           CPU_CLK_UNHALTED_REF           |  FIXC2  | 3008412 |
| FP_ARITH_INST_RETIRED_128B_PACKED_DOUBLE |   PMC0  |       0 |
|    FP_ARITH_INST_RETIRED_SCALAR_DOUBLE   |   PMC1  | 2000017 |
| FP_ARITH_INST_RETIRED_256B_PACKED_DOUBLE |   PMC2  |       0 |
+------------------------------------------+---------+---------+

+----------------------+-----------+
|        Metric        |   Core 3  |
+----------------------+-----------+
|  Runtime (RDTSC) [s] |    0.0009 |
| Runtime unhalted [s] |    0.0010 |
|      Clock [MHz]     | 3790.8848 |
|          CPI         |    0.4703 |
|      DP MFLOP/s      | 2272.1181 |
|    AVX DP MFLOP/s    |         0 |
|    Packed MUOPS/s    |         0 |
|    Scalar MUOPS/s    | 2272.1181 |
|  Vectorization ratio |         0 |
+----------------------+-----------+

Region tempoMatMatOtimizado, Group 1: FLOPS_DP
+-------------------+----------+
|    Region Info    |  Core 3  |
+-------------------+----------+
| RDTSC Runtime [s] | 0.000586 |
|     call count    |        1 |
+-------------------+----------+

+------------------------------------------+---------+---------+
|                   Event                  | Counter |  Core 3 |
+------------------------------------------+---------+---------+
|             INSTR_RETIRED_ANY            |  FIXC0  | 5275158 |
|           CPU_CLK_UNHALTED_CORE          |  FIXC1  | 2222337 |
|           CPU_CLK_UNHALTED_REF           |  FIXC2  | 1997798 |
| FP_ARITH_INST_RETIRED_128B_PACKED_DOUBLE |   PMC0  |       0 |
|    FP_ARITH_INST_RETIRED_SCALAR_DOUBLE   |   PMC1  | 2000017 |
| FP_ARITH_INST_RETIRED_256B_PACKED_DOUBLE |   PMC2  |       0 |
+------------------------------------------+---------+---------+

+----------------------+-----------+
|        Metric        |   Core 3  |
+----------------------+-----------+
|  Runtime (RDTSC) [s] |    0.0006 |
| Runtime unhalted [s] |    0.0007 |
|      Clock [MHz]     | 3790.9915 |
|          CPI         |    0.4213 |
|      DP MFLOP/s      | 3413.4171 |
|    AVX DP MFLOP/s    |         0 |
|    Packed MUOPS/s    |         0 |
|    Scalar MUOPS/s    | 3413.4171 |
|  Vectorization ratio |         0 |
+----------------------+-----------+

--------------------------------------------------------------------------------
CPU name:	Intel(R) Core(TM) i5-7500 CPU @ 3.40GHz
CPU type:	Intel Coffeelake processor
CPU clock:	3.41 GHz
--------------------------------------------------------------------------------
Tempo matriz vetor: 0.016073
Tempo matriz matriz: 2.573702
Tempo matriz matriz(V2): 1.570886
--------------------------------------------------------------------------------
Region tempoMatVet, Group 1: FLOPS_DP
+-------------------+----------+
|    Region Info    |  Core 3  |
+-------------------+----------+
| RDTSC Runtime [s] | 0.000018 |
|     call count    |        1 |
+-------------------+----------+

+------------------------------------------+---------+--------+
|                   Event                  | Counter | Core 3 |
+------------------------------------------+---------+--------+
|             INSTR_RETIRED_ANY            |  FIXC0  | 104676 |
|           CPU_CLK_UNHALTED_CORE          |  FIXC1  |  73884 |
|           CPU_CLK_UNHALTED_REF           |  FIXC2  |  72562 |
| FP_ARITH_INST_RETIRED_128B_PACKED_DOUBLE |   PMC0  |      0 |
|    FP_ARITH_INST_RETIRED_SCALAR_DOUBLE   |   PMC1  |  32785 |
| FP_ARITH_INST_RETIRED_256B_PACKED_DOUBLE |   PMC2  |      0 |
+------------------------------------------+---------+--------+

+----------------------+--------------+
|        Metric        |    Core 3    |
+----------------------+--------------+
|  Runtime (RDTSC) [s] | 1.758225e-05 |
| Runtime unhalted [s] | 2.167989e-05 |
|      Clock [MHz]     |    3470.0403 |
|          CPI         |       0.7058 |
|      DP MFLOP/s      |    1864.6646 |
|    AVX DP MFLOP/s    |            0 |
|    Packed MUOPS/s    |            0 |
|    Scalar MUOPS/s    |    1864.6646 |
|  Vectorization ratio |            0 |
+----------------------+--------------+

Region tempoMatVetOtimizado, Group 1: FLOPS_DP
+-------------------+----------+
|    Region Info    |  Core 3  |
+-------------------+----------+
| RDTSC Runtime [s] | 0.000012 |
|     call count    |        1 |
+-------------------+----------+

+------------------------------------------+---------+--------+
|                   Event                  | Counter | Core 3 |
+------------------------------------------+---------+--------+
|             INSTR_RETIRED_ANY            |  FIXC0  |  86543 |
|           CPU_CLK_UNHALTED_CORE          |  FIXC1  |  50140 |
|           CPU_CLK_UNHALTED_REF           |  FIXC2  |  49132 |
| FP_ARITH_INST_RETIRED_128B_PACKED_DOUBLE |   PMC0  |      0 |
|    FP_ARITH_INST_RETIRED_SCALAR_DOUBLE   |   PMC1  |  32784 |
| FP_ARITH_INST_RETIRED_256B_PACKED_DOUBLE |   PMC2  |      0 |
+------------------------------------------+---------+--------+

+----------------------+--------------+
|        Metric        |    Core 3    |
+----------------------+--------------+
|  Runtime (RDTSC) [s] | 1.154408e-05 |
| Runtime unhalted [s] | 1.471265e-05 |
|      Clock [MHz]     |    3477.8692 |
|          CPI         |       0.5794 |
|      DP MFLOP/s      |    2839.8972 |
|    AVX DP MFLOP/s    |            0 |
|    Packed MUOPS/s    |            0 |
|    Scalar MUOPS/s    |    2839.8972 |
|  Vectorization ratio |            0 |
+----------------------+--------------+

Region tempoMatMat, Group 1: FLOPS_DP
+-------------------+----------+
|    Region Info    |  Core 3  |
+-------------------+----------+
| RDTSC Runtime [s] | 0.002574 |
|     call count    |        1 |
+-------------------+----------+

+------------------------------------------+---------+----------+
|                   Event                  | Counter |  Core 3  |
+------------------------------------------+---------+----------+
|             INSTR_RETIRED_ANY            |  FIXC0  | 14865500 |
|           CPU_CLK_UNHALTED_CORE          |  FIXC1  |  8769794 |
|           CPU_CLK_UNHALTED_REF           |  FIXC2  |  8558908 |
| FP_ARITH_INST_RETIRED_128B_PACKED_DOUBLE |   PMC0  |        0 |
|    FP_ARITH_INST_RETIRED_SCALAR_DOUBLE   |   PMC1  |  4194321 |
| FP_ARITH_INST_RETIRED_256B_PACKED_DOUBLE |   PMC2  |        0 |
+------------------------------------------+---------+----------+

+----------------------+-----------+
|        Metric        |   Core 3  |
+----------------------+-----------+
|  Runtime (RDTSC) [s] |    0.0026 |
| Runtime unhalted [s] |    0.0026 |
|      Clock [MHz]     | 3491.9209 |
|          CPI         |    0.5899 |
|      DP MFLOP/s      | 1629.5593 |
|    AVX DP MFLOP/s    |         0 |
|    Packed MUOPS/s    |         0 |
|    Scalar MUOPS/s    | 1629.5593 |
|  Vectorization ratio |         0 |
+----------------------+-----------+

Region tempoMatMatOtimizado, Group 1: FLOPS_DP
+-------------------+----------+
|    Region Info    |  Core 3  |
+-------------------+----------+
| RDTSC Runtime [s] | 0.001571 |
|     call count    |        1 |
+-------------------+----------+

+------------------------------------------+---------+----------+
|                   Event                  | Counter |  Core 3  |
+------------------------------------------+---------+----------+
|             INSTR_RETIRED_ANY            |  FIXC0  | 10981800 |
|           CPU_CLK_UNHALTED_CORE          |  FIXC1  |  5368425 |
|           CPU_CLK_UNHALTED_REF           |  FIXC2  |  5239658 |
| FP_ARITH_INST_RETIRED_128B_PACKED_DOUBLE |   PMC0  |        0 |
|    FP_ARITH_INST_RETIRED_SCALAR_DOUBLE   |   PMC1  |  4194321 |
| FP_ARITH_INST_RETIRED_256B_PACKED_DOUBLE |   PMC2  |        0 |
+------------------------------------------+---------+----------+

+----------------------+-----------+
|        Metric        |   Core 3  |
+----------------------+-----------+
|  Runtime (RDTSC) [s] |    0.0016 |
| Runtime unhalted [s] |    0.0016 |
|      Clock [MHz]     | 3491.7031 |
|          CPI         |    0.4888 |
|      DP MFLOP/s      | 2669.6852 |
|    AVX DP MFLOP/s    |         0 |
|    Packed MUOPS/s    |         0 |
|    Scalar MUOPS/s    | 2669.6852 |
|  Vectorization ratio |         0 |
+----------------------+-----------+

--------------------------------------------------------------------------------
CPU name:	Intel(R) Core(TM) i5-7500 CPU @ 3.40GHz
CPU type:	Intel Coffeelake processor
CPU clock:	3.41 GHz
--------------------------------------------------------------------------------
Tempo matriz vetor: 0.085328
Tempo matriz matriz: 13.731362
Tempo matriz matriz(V2): 5.949425
--------------------------------------------------------------------------------
Region tempoMatVet, Group 1: FLOPS_DP
+-------------------+----------+
|    Region Info    |  Core 3  |
+-------------------+----------+
| RDTSC Runtime [s] | 0.000088 |
|     call count    |        1 |
+-------------------+----------+

+------------------------------------------+---------+--------+
|                   Event                  | Counter | Core 3 |
+------------------------------------------+---------+--------+
|             INSTR_RETIRED_ANY            |  FIXC0  | 246876 |
|           CPU_CLK_UNHALTED_CORE          |  FIXC1  | 160538 |
|           CPU_CLK_UNHALTED_REF           |  FIXC2  | 322482 |
| FP_ARITH_INST_RETIRED_128B_PACKED_DOUBLE |   PMC0  |      0 |
|    FP_ARITH_INST_RETIRED_SCALAR_DOUBLE   |   PMC1  |  80017 |
| FP_ARITH_INST_RETIRED_256B_PACKED_DOUBLE |   PMC2  |      0 |
+------------------------------------------+---------+--------+

+----------------------+--------------+
|        Metric        |    Core 3    |
+----------------------+--------------+
|  Runtime (RDTSC) [s] |       0.0001 |
| Runtime unhalted [s] | 4.710646e-05 |
|      Clock [MHz]     |    1696.5620 |
|          CPI         |       0.6503 |
|      DP MFLOP/s      |     907.3910 |
|    AVX DP MFLOP/s    |            0 |
|    Packed MUOPS/s    |            0 |
|    Scalar MUOPS/s    |     907.3910 |
|  Vectorization ratio |            0 |
+----------------------+--------------+

Region tempoMatVetOtimizado, Group 1: FLOPS_DP
+-------------------+----------+
|    Region Info    |  Core 3  |
+-------------------+----------+
| RDTSC Runtime [s] | 0.000057 |
|     call count    |        1 |
+-------------------+----------+

+------------------------------------------+---------+--------+
|                   Event                  | Counter | Core 3 |
+------------------------------------------+---------+--------+
|             INSTR_RETIRED_ANY            |  FIXC0  | 205001 |
|           CPU_CLK_UNHALTED_CORE          |  FIXC1  | 106480 |
|           CPU_CLK_UNHALTED_REF           |  FIXC2  | 213994 |
| FP_ARITH_INST_RETIRED_128B_PACKED_DOUBLE |   PMC0  |      0 |
|    FP_ARITH_INST_RETIRED_SCALAR_DOUBLE   |   PMC1  |  80016 |
| FP_ARITH_INST_RETIRED_256B_PACKED_DOUBLE |   PMC2  |      0 |
+------------------------------------------+---------+--------+

+----------------------+--------------+
|        Metric        |    Core 3    |
+----------------------+--------------+
|  Runtime (RDTSC) [s] |       0.0001 |
| Runtime unhalted [s] | 3.124429e-05 |
|      Clock [MHz]     |    1695.7577 |
|          CPI         |       0.5194 |
|      DP MFLOP/s      |    1396.3635 |
|    AVX DP MFLOP/s    |            0 |
|    Packed MUOPS/s    |            0 |
|    Scalar MUOPS/s    |    1396.3635 |
|  Vectorization ratio |            0 |
+----------------------+--------------+

Region tempoMatMat, Group 1: FLOPS_DP
+-------------------+----------+
|    Region Info    |  Core 3  |
+-------------------+----------+
| RDTSC Runtime [s] | 0.013732 |
|     call count    |        1 |
+-------------------+----------+

+------------------------------------------+---------+----------+
|                   Event                  | Counter |  Core 3  |
+------------------------------------------+---------+----------+
|             INSTR_RETIRED_ANY            |  FIXC0  | 56446010 |
|           CPU_CLK_UNHALTED_CORE          |  FIXC1  | 30278720 |
|           CPU_CLK_UNHALTED_REF           |  FIXC2  | 45535570 |
| FP_ARITH_INST_RETIRED_128B_PACKED_DOUBLE |   PMC0  |        0 |
|    FP_ARITH_INST_RETIRED_SCALAR_DOUBLE   |   PMC1  | 16000020 |
| FP_ARITH_INST_RETIRED_256B_PACKED_DOUBLE |   PMC2  |        0 |
+------------------------------------------+---------+----------+

+----------------------+-----------+
|        Metric        |   Core 3  |
+----------------------+-----------+
|  Runtime (RDTSC) [s] |    0.0137 |
| Runtime unhalted [s] |    0.0089 |
|      Clock [MHz]     | 2266.1262 |
|          CPI         |    0.5364 |
|      DP MFLOP/s      | 1165.1606 |
|    AVX DP MFLOP/s    |         0 |
|    Packed MUOPS/s    |         0 |
|    Scalar MUOPS/s    | 1165.1606 |
|  Vectorization ratio |         0 |
+----------------------+-----------+

Region tempoMatMatOtimizado, Group 1: FLOPS_DP
+-------------------+----------+
|    Region Info    |  Core 3  |
+-------------------+----------+
| RDTSC Runtime [s] | 0.005950 |
|     call count    |        1 |
+-------------------+----------+

+------------------------------------------+---------+----------+
|                   Event                  | Counter |  Core 3  |
+------------------------------------------+---------+----------+
|             INSTR_RETIRED_ANY            |  FIXC0  | 41977040 |
|           CPU_CLK_UNHALTED_CORE          |  FIXC1  | 17998300 |
|           CPU_CLK_UNHALTED_REF           |  FIXC2  | 19908260 |
| FP_ARITH_INST_RETIRED_128B_PACKED_DOUBLE |   PMC0  |        0 |
|    FP_ARITH_INST_RETIRED_SCALAR_DOUBLE   |   PMC1  | 16000020 |
| FP_ARITH_INST_RETIRED_256B_PACKED_DOUBLE |   PMC2  |        0 |
+------------------------------------------+---------+----------+

+----------------------+-----------+
|        Metric        |   Core 3  |
+----------------------+-----------+
|  Runtime (RDTSC) [s] |    0.0059 |
| Runtime unhalted [s] |    0.0053 |
|      Clock [MHz]     | 3081.0273 |
|          CPI         |    0.4288 |
|      DP MFLOP/s      | 2689.1631 |
|    AVX DP MFLOP/s    |         0 |
|    Packed MUOPS/s    |         0 |
|    Scalar MUOPS/s    | 2689.1631 |
|  Vectorization ratio |         0 |
+----------------------+-----------+

