--------------------------------------------------------------------------------
CPU name:	Intel(R) Core(TM) i5-7500 CPU @ 3.40GHz
CPU type:	Intel Coffeelake processor
CPU clock:	3.41 GHz
--------------------------------------------------------------------------------
Tempo matriz vetor: 0.003094
Tempo matriz matriz: 0.218460
Tempo matriz matriz(V2): 0.160844
--------------------------------------------------------------------------------
Region tempoMatVet, Group 1: L2CACHE
+-------------------+----------+
|    Region Info    |  Core 3  |
+-------------------+----------+
| RDTSC Runtime [s] | 0.000004 |
|     call count    |        1 |
+-------------------+----------+

+-----------------------+---------+--------+
|         Event         | Counter | Core 3 |
+-----------------------+---------+--------+
|   INSTR_RETIRED_ANY   |  FIXC0  |  30410 |
| CPU_CLK_UNHALTED_CORE |  FIXC1  |  27572 |
|  CPU_CLK_UNHALTED_REF |  FIXC2  |  24708 |
| L2_TRANS_ALL_REQUESTS |   PMC0  |   5002 |
|     L2_RQSTS_MISS     |   PMC1  |   1668 |
+-----------------------+---------+--------+

+----------------------+--------------+
|        Metric        |    Core 3    |
+----------------------+--------------+
|  Runtime (RDTSC) [s] | 4.378034e-06 |
| Runtime unhalted [s] | 8.090438e-06 |
|      Clock [MHz]     |    3803.0052 |
|          CPI         |       0.9067 |
|    L2 request rate   |       0.1645 |
|     L2 miss rate     |       0.0549 |
|     L2 miss ratio    |       0.3335 |
+----------------------+--------------+

Region tempoMatVetOtimizado, Group 1: L2CACHE
+-------------------+----------+
|    Region Info    |  Core 3  |
+-------------------+----------+
| RDTSC Runtime [s] | 0.000003 |
|     call count    |        1 |
+-------------------+----------+

+-----------------------+---------+--------+
|         Event         | Counter | Core 3 |
+-----------------------+---------+--------+
|   INSTR_RETIRED_ANY   |  FIXC0  |  24742 |
| CPU_CLK_UNHALTED_CORE |  FIXC1  |  19953 |
|  CPU_CLK_UNHALTED_REF |  FIXC2  |  18602 |
| L2_TRANS_ALL_REQUESTS |   PMC0  |   3759 |
|     L2_RQSTS_MISS     |   PMC1  |   1033 |
+-----------------------+---------+--------+

+----------------------+--------------+
|        Metric        |    Core 3    |
+----------------------+--------------+
|  Runtime (RDTSC) [s] | 2.892085e-06 |
| Runtime unhalted [s] | 5.854799e-06 |
|      Clock [MHz]     |    3655.4833 |
|          CPI         |       0.8064 |
|    L2 request rate   |       0.1519 |
|     L2 miss rate     |       0.0418 |
|     L2 miss ratio    |       0.2748 |
+----------------------+--------------+

Region tempoMatMat, Group 1: L2CACHE
+-------------------+----------+
|    Region Info    |  Core 3  |
+-------------------+----------+
| RDTSC Runtime [s] | 0.000219 |
|     call count    |        1 |
+-------------------+----------+

+-----------------------+---------+---------+
|         Event         | Counter |  Core 3 |
+-----------------------+---------+---------+
|   INSTR_RETIRED_ANY   |  FIXC0  | 1884478 |
| CPU_CLK_UNHALTED_CORE |  FIXC1  |  816328 |
|  CPU_CLK_UNHALTED_REF |  FIXC2  |  753310 |
| L2_TRANS_ALL_REQUESTS |   PMC0  |  111038 |
|     L2_RQSTS_MISS     |   PMC1  |    2681 |
+-----------------------+---------+---------+

+----------------------+-----------+
|        Metric        |   Core 3  |
+----------------------+-----------+
|  Runtime (RDTSC) [s] |    0.0002 |
| Runtime unhalted [s] |    0.0002 |
|      Clock [MHz]     | 3693.0671 |
|          CPI         |    0.4332 |
|    L2 request rate   |    0.0589 |
|     L2 miss rate     |    0.0014 |
|     L2 miss ratio    |    0.0241 |
+----------------------+-----------+

Region tempoMatMatOtimizado, Group 1: L2CACHE
+-------------------+----------+
|    Region Info    |  Core 3  |
+-------------------+----------+
| RDTSC Runtime [s] | 0.000161 |
|     call count    |        1 |
+-------------------+----------+

+-----------------------+---------+---------+
|         Event         | Counter |  Core 3 |
+-----------------------+---------+---------+
|   INSTR_RETIRED_ANY   |  FIXC0  | 1376334 |
| CPU_CLK_UNHALTED_CORE |  FIXC1  |  603608 |
|  CPU_CLK_UNHALTED_REF |  FIXC2  |  557634 |
| L2_TRANS_ALL_REQUESTS |   PMC0  |   13339 |
|     L2_RQSTS_MISS     |   PMC1  |    2280 |
+-----------------------+---------+---------+

+----------------------+-----------+
|        Metric        |   Core 3  |
+----------------------+-----------+
|  Runtime (RDTSC) [s] |    0.0002 |
| Runtime unhalted [s] |    0.0002 |
|      Clock [MHz]     | 3688.9433 |
|          CPI         |    0.4386 |
|    L2 request rate   |    0.0097 |
|     L2 miss rate     |    0.0017 |
|     L2 miss ratio    |    0.1709 |
+----------------------+-----------+

--------------------------------------------------------------------------------
CPU name:	Intel(R) Core(TM) i5-7500 CPU @ 3.40GHz
CPU type:	Intel Coffeelake processor
CPU clock:	3.41 GHz
--------------------------------------------------------------------------------
Tempo matriz vetor: 0.012519
Tempo matriz matriz: 1.284876
Tempo matriz matriz(V2): 0.861462
--------------------------------------------------------------------------------
Region tempoMatVet, Group 1: L2CACHE
+-------------------+----------+
|    Region Info    |  Core 3  |
+-------------------+----------+
| RDTSC Runtime [s] | 0.000014 |
|     call count    |        1 |
+-------------------+----------+

+-----------------------+---------+--------+
|         Event         | Counter | Core 3 |
+-----------------------+---------+--------+
|   INSTR_RETIRED_ANY   |  FIXC0  |  66086 |
| CPU_CLK_UNHALTED_CORE |  FIXC1  |  47992 |
|  CPU_CLK_UNHALTED_REF |  FIXC2  |  63048 |
| L2_TRANS_ALL_REQUESTS |   PMC0  |   7742 |
|     L2_RQSTS_MISS     |   PMC1  |   2761 |
+-----------------------+---------+--------+

+----------------------+--------------+
|        Metric        |    Core 3    |
+----------------------+--------------+
|  Runtime (RDTSC) [s] | 1.416279e-05 |
| Runtime unhalted [s] | 1.408235e-05 |
|      Clock [MHz]     |    2594.1270 |
|          CPI         |       0.7262 |
|    L2 request rate   |       0.1172 |
|     L2 miss rate     |       0.0418 |
|     L2 miss ratio    |       0.3566 |
+----------------------+--------------+

Region tempoMatVetOtimizado, Group 1: L2CACHE
+-------------------+----------+
|    Region Info    |  Core 3  |
+-------------------+----------+
| RDTSC Runtime [s] | 0.000010 |
|     call count    |        1 |
+-------------------+----------+

+-----------------------+---------+--------+
|         Event         | Counter | Core 3 |
+-----------------------+---------+--------+
|   INSTR_RETIRED_ANY   |  FIXC0  |  54451 |
| CPU_CLK_UNHALTED_CORE |  FIXC1  |  34174 |
|  CPU_CLK_UNHALTED_REF |  FIXC2  |  45014 |
| L2_TRANS_ALL_REQUESTS |   PMC0  |   6727 |
|     L2_RQSTS_MISS     |   PMC1  |   1929 |
+-----------------------+---------+--------+

+----------------------+--------------+
|        Metric        |    Core 3    |
+----------------------+--------------+
|  Runtime (RDTSC) [s] | 9.715936e-06 |
| Runtime unhalted [s] | 1.002772e-05 |
|      Clock [MHz]     |    2587.2709 |
|          CPI         |       0.6276 |
|    L2 request rate   |       0.1235 |
|     L2 miss rate     |       0.0354 |
|     L2 miss ratio    |       0.2868 |
+----------------------+--------------+

Region tempoMatMat, Group 1: L2CACHE
+-------------------+----------+
|    Region Info    |  Core 3  |
+-------------------+----------+
| RDTSC Runtime [s] | 0.001285 |
|     call count    |        1 |
+-------------------+----------+

+-----------------------+---------+---------+
|         Event         | Counter |  Core 3 |
+-----------------------+---------+---------+
|   INSTR_RETIRED_ANY   |  FIXC0  | 7114774 |
| CPU_CLK_UNHALTED_CORE |  FIXC1  | 3342344 |
|  CPU_CLK_UNHALTED_REF |  FIXC2  | 4391208 |
| L2_TRANS_ALL_REQUESTS |   PMC0  |  218056 |
|     L2_RQSTS_MISS     |   PMC1  |    5698 |
+-----------------------+---------+---------+

+----------------------+-----------+
|        Metric        |   Core 3  |
+----------------------+-----------+
|  Runtime (RDTSC) [s] |    0.0013 |
| Runtime unhalted [s] |    0.0010 |
|      Clock [MHz]     | 2593.9454 |
|          CPI         |    0.4698 |
|    L2 request rate   |    0.0306 |
|     L2 miss rate     |    0.0008 |
|     L2 miss ratio    |    0.0261 |
+----------------------+-----------+

Region tempoMatMatOtimizado, Group 1: L2CACHE
+-------------------+----------+
|    Region Info    |  Core 3  |
+-------------------+----------+
| RDTSC Runtime [s] | 0.000862 |
|     call count    |        1 |
+-------------------+----------+

+-----------------------+---------+---------+
|         Event         | Counter |  Core 3 |
+-----------------------+---------+---------+
|   INSTR_RETIRED_ANY   |  FIXC0  | 5275069 |
| CPU_CLK_UNHALTED_CORE |  FIXC1  | 2222121 |
|  CPU_CLK_UNHALTED_REF |  FIXC2  | 2919662 |
| L2_TRANS_ALL_REQUESTS |   PMC0  |   45405 |
|     L2_RQSTS_MISS     |   PMC1  |    6033 |
+-----------------------+---------+---------+

+----------------------+-----------+
|        Metric        |   Core 3  |
+----------------------+-----------+
|  Runtime (RDTSC) [s] |    0.0009 |
| Runtime unhalted [s] |    0.0007 |
|      Clock [MHz]     | 2593.7542 |
|          CPI         |    0.4212 |
|    L2 request rate   |    0.0086 |
|     L2 miss rate     |    0.0011 |
|     L2 miss ratio    |    0.1329 |
+----------------------+-----------+

--------------------------------------------------------------------------------
CPU name:	Intel(R) Core(TM) i5-7500 CPU @ 3.40GHz
CPU type:	Intel Coffeelake processor
CPU clock:	3.41 GHz
--------------------------------------------------------------------------------
Tempo matriz vetor: 0.014806
Tempo matriz matriz: 2.418431
Tempo matriz matriz(V2): 1.443068
--------------------------------------------------------------------------------
Region tempoMatVet, Group 1: L2CACHE
+-------------------+----------+
|    Region Info    |  Core 3  |
+-------------------+----------+
| RDTSC Runtime [s] | 0.000016 |
|     call count    |        1 |
+-------------------+----------+

+-----------------------+---------+--------+
|         Event         | Counter | Core 3 |
+-----------------------+---------+--------+
|   INSTR_RETIRED_ANY   |  FIXC0  | 104586 |
| CPU_CLK_UNHALTED_CORE |  FIXC1  |  72336 |
|  CPU_CLK_UNHALTED_REF |  FIXC2  |  65320 |
| L2_TRANS_ALL_REQUESTS |   PMC0  |  10523 |
|     L2_RQSTS_MISS     |   PMC1  |   3981 |
+-----------------------+---------+--------+

+----------------------+--------------+
|        Metric        |    Core 3    |
+----------------------+--------------+
|  Runtime (RDTSC) [s] | 1.606894e-05 |
| Runtime unhalted [s] | 2.122550e-05 |
|      Clock [MHz]     |    3774.0259 |
|          CPI         |       0.6916 |
|    L2 request rate   |       0.1006 |
|     L2 miss rate     |       0.0381 |
|     L2 miss ratio    |       0.3783 |
+----------------------+--------------+

Region tempoMatVetOtimizado, Group 1: L2CACHE
+-------------------+----------+
|    Region Info    |  Core 3  |
+-------------------+----------+
| RDTSC Runtime [s] | 0.000011 |
|     call count    |        1 |
+-------------------+----------+

+-----------------------+---------+--------+
|         Event         | Counter | Core 3 |
+-----------------------+---------+--------+
|   INSTR_RETIRED_ANY   |  FIXC0  |  86518 |
| CPU_CLK_UNHALTED_CORE |  FIXC1  |  50523 |
|  CPU_CLK_UNHALTED_REF |  FIXC2  |  45440 |
| L2_TRANS_ALL_REQUESTS |   PMC0  |   9831 |
|     L2_RQSTS_MISS     |   PMC1  |   2773 |
+-----------------------+---------+--------+

+----------------------+--------------+
|        Metric        |    Core 3    |
+----------------------+--------------+
|  Runtime (RDTSC) [s] | 1.060108e-05 |
| Runtime unhalted [s] | 1.482493e-05 |
|      Clock [MHz]     |    3789.1986 |
|          CPI         |       0.5840 |
|    L2 request rate   |       0.1136 |
|     L2 miss rate     |       0.0321 |
|     L2 miss ratio    |       0.2821 |
+----------------------+--------------+

Region tempoMatMat, Group 1: L2CACHE
+-------------------+----------+
|    Region Info    |  Core 3  |
+-------------------+----------+
| RDTSC Runtime [s] | 0.002420 |
|     call count    |        1 |
+-------------------+----------+

+-----------------------+---------+----------+
|         Event         | Counter |  Core 3  |
+-----------------------+---------+----------+
|   INSTR_RETIRED_ANY   |  FIXC0  | 14865420 |
| CPU_CLK_UNHALTED_CORE |  FIXC1  |  8749028 |
|  CPU_CLK_UNHALTED_REF |  FIXC2  |  7868788 |
| L2_TRANS_ALL_REQUESTS |   PMC0  |  3759423 |
|     L2_RQSTS_MISS     |   PMC1  |    35446 |
+-----------------------+---------+----------+

+----------------------+-----------+
|        Metric        |   Core 3  |
+----------------------+-----------+
|  Runtime (RDTSC) [s] |    0.0024 |
| Runtime unhalted [s] |    0.0026 |
|      Clock [MHz]     | 3789.2087 |
|          CPI         |    0.5885 |
|    L2 request rate   |    0.2529 |
|     L2 miss rate     |    0.0024 |
|     L2 miss ratio    |    0.0094 |
+----------------------+-----------+

Region tempoMatMatOtimizado, Group 1: L2CACHE
+-------------------+----------+
|    Region Info    |  Core 3  |
+-------------------+----------+
| RDTSC Runtime [s] | 0.001444 |
|     call count    |        1 |
+-------------------+----------+

+-----------------------+---------+----------+
|         Event         | Counter |  Core 3  |
+-----------------------+---------+----------+
|   INSTR_RETIRED_ANY   |  FIXC0  | 10981720 |
| CPU_CLK_UNHALTED_CORE |  FIXC1  |  5361884 |
|  CPU_CLK_UNHALTED_REF |  FIXC2  |  4819906 |
| L2_TRANS_ALL_REQUESTS |   PMC0  |   169489 |
|     L2_RQSTS_MISS     |   PMC1  |    16255 |
+-----------------------+---------+----------+

+----------------------+-----------+
|        Metric        |   Core 3  |
+----------------------+-----------+
|  Runtime (RDTSC) [s] |    0.0014 |
| Runtime unhalted [s] |    0.0016 |
|      Clock [MHz]     | 3791.1887 |
|          CPI         |    0.4883 |
|    L2 request rate   |    0.0154 |
|     L2 miss rate     |    0.0015 |
|     L2 miss ratio    |    0.0959 |
+----------------------+-----------+

--------------------------------------------------------------------------------
CPU name:	Intel(R) Core(TM) i5-7500 CPU @ 3.40GHz
CPU type:	Intel Coffeelake processor
CPU clock:	3.41 GHz
--------------------------------------------------------------------------------
Tempo matriz vetor: 0.039082
Tempo matriz matriz: 8.451167
Tempo matriz matriz(V2): 4.986576
--------------------------------------------------------------------------------
Region tempoMatVet, Group 1: L2CACHE
+-------------------+----------+
|    Region Info    |  Core 3  |
+-------------------+----------+
| RDTSC Runtime [s] | 0.000041 |
|     call count    |        1 |
+-------------------+----------+

+-----------------------+---------+--------+
|         Event         | Counter | Core 3 |
+-----------------------+---------+--------+
|   INSTR_RETIRED_ANY   |  FIXC0  | 246786 |
| CPU_CLK_UNHALTED_CORE |  FIXC1  | 161990 |
|  CPU_CLK_UNHALTED_REF |  FIXC2  | 149526 |
| L2_TRANS_ALL_REQUESTS |   PMC0  |  21145 |
|     L2_RQSTS_MISS     |   PMC1  |   8147 |
+-----------------------+---------+--------+

+----------------------+--------------+
|        Metric        |    Core 3    |
+----------------------+--------------+
|  Runtime (RDTSC) [s] | 4.054536e-05 |
| Runtime unhalted [s] | 4.753307e-05 |
|      Clock [MHz]     |    3692.0185 |
|          CPI         |       0.6564 |
|    L2 request rate   |       0.0857 |
|     L2 miss rate     |       0.0330 |
|     L2 miss ratio    |       0.3853 |
+----------------------+--------------+

Region tempoMatVetOtimizado, Group 1: L2CACHE
+-------------------+----------+
|    Region Info    |  Core 3  |
+-------------------+----------+
| RDTSC Runtime [s] | 0.000026 |
|     call count    |        1 |
+-------------------+----------+

+-----------------------+---------+--------+
|         Event         | Counter | Core 3 |
+-----------------------+---------+--------+
|   INSTR_RETIRED_ANY   |  FIXC0  | 204976 |
| CPU_CLK_UNHALTED_CORE |  FIXC1  | 107040 |
|  CPU_CLK_UNHALTED_REF |  FIXC2  |  98974 |
| L2_TRANS_ALL_REQUESTS |   PMC0  |  21717 |
|     L2_RQSTS_MISS     |   PMC1  |   6808 |
+-----------------------+---------+--------+

+----------------------+--------------+
|        Metric        |    Core 3    |
+----------------------+--------------+
|  Runtime (RDTSC) [s] | 2.599013e-05 |
| Runtime unhalted [s] | 3.140897e-05 |
|      Clock [MHz]     |    3685.6777 |
|          CPI         |       0.5222 |
|    L2 request rate   |       0.1059 |
|     L2 miss rate     |       0.0332 |
|     L2 miss ratio    |       0.3135 |
+----------------------+--------------+

Region tempoMatMat, Group 1: L2CACHE
+-------------------+----------+
|    Region Info    |  Core 3  |
+-------------------+----------+
| RDTSC Runtime [s] | 0.008452 |
|     call count    |        1 |
+-------------------+----------+

+-----------------------+---------+----------+
|         Event         | Counter |  Core 3  |
+-----------------------+---------+----------+
|   INSTR_RETIRED_ANY   |  FIXC0  | 56445930 |
| CPU_CLK_UNHALTED_CORE |  FIXC1  | 30238320 |
|  CPU_CLK_UNHALTED_REF |  FIXC2  | 27919760 |
| L2_TRANS_ALL_REQUESTS |   PMC0  |  2574823 |
|     L2_RQSTS_MISS     |   PMC1  |  1070407 |
+-----------------------+---------+----------+

+----------------------+-----------+
|        Metric        |   Core 3  |
+----------------------+-----------+
|  Runtime (RDTSC) [s] |    0.0085 |
| Runtime unhalted [s] |    0.0089 |
|      Clock [MHz]     | 3690.9517 |
|          CPI         |    0.5357 |
|    L2 request rate   |    0.0456 |
|     L2 miss rate     |    0.0190 |
|     L2 miss ratio    |    0.4157 |
+----------------------+-----------+

Region tempoMatMatOtimizado, Group 1: L2CACHE
+-------------------+----------+
|    Region Info    |  Core 3  |
+-------------------+----------+
| RDTSC Runtime [s] | 0.004987 |
|     call count    |        1 |
+-------------------+----------+

+-----------------------+---------+----------+
|         Event         | Counter |  Core 3  |
+-----------------------+---------+----------+
|   INSTR_RETIRED_ANY   |  FIXC0  | 41976930 |
| CPU_CLK_UNHALTED_CORE |  FIXC1  | 17987450 |
|  CPU_CLK_UNHALTED_REF |  FIXC2  | 16607040 |
| L2_TRANS_ALL_REQUESTS |   PMC0  |   445043 |
|     L2_RQSTS_MISS     |   PMC1  |   104511 |
+-----------------------+---------+----------+

+----------------------+-----------+
|        Metric        |   Core 3  |
+----------------------+-----------+
|  Runtime (RDTSC) [s] |    0.0050 |
| Runtime unhalted [s] |    0.0053 |
|      Clock [MHz]     | 3691.2185 |
|          CPI         |    0.4285 |
|    L2 request rate   |    0.0106 |
|     L2 miss rate     |    0.0025 |
|     L2 miss ratio    |    0.2348 |
+----------------------+-----------+

