--------------------------------------------------------------------------------
CPU name:	Intel(R) Core(TM) i5-7500 CPU @ 3.40GHz
CPU type:	Intel Coffeelake processor
CPU clock:	3.41 GHz
--------------------------------------------------------------------------------
TempoGerarSistema: 0.283777
TempoResolverSistema: 0.176796
TempoCalularResiduo: 0.099030
--------------------------------------------------------------------------------
Region GerarSistema, Group 1: L2CACHE
+-------------------+----------+
|    Region Info    |  Core 3  |
+-------------------+----------+
| RDTSC Runtime [s] | 0.000084 |
|     call count    |        1 |
+-------------------+----------+

+-----------------------+---------+--------+
|         Event         | Counter | Core 3 |
+-----------------------+---------+--------+
|   INSTR_RETIRED_ANY   |  FIXC0  | 567419 |
| CPU_CLK_UNHALTED_CORE |  FIXC1  | 302211 |
|  CPU_CLK_UNHALTED_REF |  FIXC2  | 271362 |
| L2_TRANS_ALL_REQUESTS |   PMC0  |   4221 |
|     L2_RQSTS_MISS     |   PMC1  |   1501 |
+-----------------------+---------+--------+

+----------------------+-----------+
|        Metric        |   Core 3  |
+----------------------+-----------+
|  Runtime (RDTSC) [s] |    0.0001 |
| Runtime unhalted [s] |    0.0001 |
|      Clock [MHz]     | 3795.3190 |
|          CPI         |    0.5326 |
|    L2 request rate   |    0.0074 |
|     L2 miss rate     |    0.0026 |
|     L2 miss ratio    |    0.3556 |
+----------------------+-----------+

Region ResolverSistema, Group 1: L2CACHE
+-------------------+----------+
|    Region Info    |  Core 3  |
+-------------------+----------+
| RDTSC Runtime [s] | 0.000002 |
|     call count    |        1 |
+-------------------+----------+

+-----------------------+---------+--------+
|         Event         | Counter | Core 3 |
+-----------------------+---------+--------+
|   INSTR_RETIRED_ANY   |  FIXC0  |   8634 |
| CPU_CLK_UNHALTED_CORE |  FIXC1  |  15358 |
|  CPU_CLK_UNHALTED_REF |  FIXC2  |  13774 |
| L2_TRANS_ALL_REQUESTS |   PMC0  |   1606 |
|     L2_RQSTS_MISS     |   PMC1  |    463 |
+-----------------------+---------+--------+

+----------------------+--------------+
|        Metric        |    Core 3    |
+----------------------+--------------+
|  Runtime (RDTSC) [s] | 1.724969e-06 |
| Runtime unhalted [s] | 4.506585e-06 |
|      Clock [MHz]     |    3799.8078 |
|          CPI         |       1.7788 |
|    L2 request rate   |       0.1860 |
|     L2 miss rate     |       0.0536 |
|     L2 miss ratio    |       0.2883 |
+----------------------+--------------+

Region CalcularResiduo, Group 1: L2CACHE
+-------------------+----------+
|    Region Info    |  Core 3  |
+-------------------+----------+
| RDTSC Runtime [s] | 0.000013 |
|     call count    |        1 |
+-------------------+----------+

+-----------------------+---------+--------+
|         Event         | Counter | Core 3 |
+-----------------------+---------+--------+
|   INSTR_RETIRED_ANY   |  FIXC0  |  97583 |
| CPU_CLK_UNHALTED_CORE |  FIXC1  |  58108 |
|  CPU_CLK_UNHALTED_REF |  FIXC2  |  52540 |
| L2_TRANS_ALL_REQUESTS |   PMC0  |   2492 |
|     L2_RQSTS_MISS     |   PMC1  |    766 |
+-----------------------+---------+--------+

+----------------------+--------------+
|        Metric        |    Core 3    |
+----------------------+--------------+
|  Runtime (RDTSC) [s] | 1.302240e-05 |
| Runtime unhalted [s] | 1.705096e-05 |
|      Clock [MHz]     |    3769.0588 |
|          CPI         |       0.5955 |
|    L2 request rate   |       0.0255 |
|     L2 miss rate     |       0.0078 |
|     L2 miss ratio    |       0.3074 |
+----------------------+--------------+

--------------------------------------------------------------------------------
CPU name:	Intel(R) Core(TM) i5-7500 CPU @ 3.40GHz
CPU type:	Intel Coffeelake processor
CPU clock:	3.41 GHz
--------------------------------------------------------------------------------
TempoGerarSistema: 0.415844
TempoResolverSistema: 0.181134
TempoCalularResiduo: 0.114966
--------------------------------------------------------------------------------
Region GerarSistema, Group 1: L2CACHE
+-------------------+----------+
|    Region Info    |  Core 3  |
+-------------------+----------+
| RDTSC Runtime [s] | 0.000162 |
|     call count    |        1 |
+-------------------+----------+

+-----------------------+---------+---------+
|         Event         | Counter |  Core 3 |
+-----------------------+---------+---------+
|   INSTR_RETIRED_ANY   |  FIXC0  | 1129275 |
| CPU_CLK_UNHALTED_CORE |  FIXC1  |  582077 |
|  CPU_CLK_UNHALTED_REF |  FIXC2  |  537470 |
| L2_TRANS_ALL_REQUESTS |   PMC0  |    4695 |
|     L2_RQSTS_MISS     |   PMC1  |    1404 |
+-----------------------+---------+---------+

+----------------------+-----------+
|        Metric        |   Core 3  |
+----------------------+-----------+
|  Runtime (RDTSC) [s] |    0.0002 |
| Runtime unhalted [s] |    0.0002 |
|      Clock [MHz]     | 3690.8255 |
|          CPI         |    0.5154 |
|    L2 request rate   |    0.0042 |
|     L2 miss rate     |    0.0012 |
|     L2 miss ratio    |    0.2990 |
+----------------------+-----------+

Region ResolverSistema, Group 1: L2CACHE
+-------------------+----------+
|    Region Info    |  Core 3  |
+-------------------+----------+
| RDTSC Runtime [s] | 0.000002 |
|     call count    |        1 |
+-------------------+----------+

+-----------------------+---------+--------+
|         Event         | Counter | Core 3 |
+-----------------------+---------+--------+
|   INSTR_RETIRED_ANY   |  FIXC0  |   8574 |
| CPU_CLK_UNHALTED_CORE |  FIXC1  |  15234 |
|  CPU_CLK_UNHALTED_REF |  FIXC2  |  13916 |
| L2_TRANS_ALL_REQUESTS |   PMC0  |   1771 |
|     L2_RQSTS_MISS     |   PMC1  |    512 |
+-----------------------+---------+--------+

+----------------------+--------------+
|        Metric        |    Core 3    |
+----------------------+--------------+
|  Runtime (RDTSC) [s] | 1.747654e-06 |
| Runtime unhalted [s] | 4.470094e-06 |
|      Clock [MHz]     |    3730.7558 |
|          CPI         |       1.7768 |
|    L2 request rate   |       0.2066 |
|     L2 miss rate     |       0.0597 |
|     L2 miss ratio    |       0.2891 |
+----------------------+--------------+

Region CalcularResiduo, Group 1: L2CACHE
+-------------------+----------+
|    Region Info    |  Core 3  |
+-------------------+----------+
| RDTSC Runtime [s] | 0.000027 |
|     call count    |        1 |
+-------------------+----------+

+-----------------------+---------+--------+
|         Event         | Counter | Core 3 |
+-----------------------+---------+--------+
|   INSTR_RETIRED_ANY   |  FIXC0  | 191455 |
| CPU_CLK_UNHALTED_CORE |  FIXC1  | 108426 |
|  CPU_CLK_UNHALTED_REF |  FIXC2  |  99968 |
| L2_TRANS_ALL_REQUESTS |   PMC0  |   2694 |
|     L2_RQSTS_MISS     |   PMC1  |    769 |
+-----------------------+---------+--------+

+----------------------+--------------+
|        Metric        |    Core 3    |
+----------------------+--------------+
|  Runtime (RDTSC) [s] | 2.702761e-05 |
| Runtime unhalted [s] | 3.181531e-05 |
|      Clock [MHz]     |    3696.3214 |
|          CPI         |       0.5663 |
|    L2 request rate   |       0.0141 |
|     L2 miss rate     |       0.0040 |
|     L2 miss ratio    |       0.2854 |
+----------------------+--------------+

--------------------------------------------------------------------------------
CPU name:	Intel(R) Core(TM) i5-7500 CPU @ 3.40GHz
CPU type:	Intel Coffeelake processor
CPU clock:	3.41 GHz
--------------------------------------------------------------------------------
TempoGerarSistema: 0.428607
TempoResolverSistema: 0.178562
TempoCalularResiduo: 0.126246
--------------------------------------------------------------------------------
Region GerarSistema, Group 1: L2CACHE
+-------------------+----------+
|    Region Info    |  Core 3  |
+-------------------+----------+
| RDTSC Runtime [s] | 0.000238 |
|     call count    |        1 |
+-------------------+----------+

+-----------------------+---------+---------+
|         Event         | Counter |  Core 3 |
+-----------------------+---------+---------+
|   INSTR_RETIRED_ANY   |  FIXC0  | 1761364 |
| CPU_CLK_UNHALTED_CORE |  FIXC1  |  884719 |
|  CPU_CLK_UNHALTED_REF |  FIXC2  |  795200 |
| L2_TRANS_ALL_REQUESTS |   PMC0  |    4146 |
|     L2_RQSTS_MISS     |   PMC1  |    1451 |
+-----------------------+---------+---------+

+----------------------+-----------+
|        Metric        |   Core 3  |
+----------------------+-----------+
|  Runtime (RDTSC) [s] |    0.0002 |
| Runtime unhalted [s] |    0.0003 |
|      Clock [MHz]     | 3791.6476 |
|          CPI         |    0.5023 |
|    L2 request rate   |    0.0024 |
|     L2 miss rate     |    0.0008 |
|     L2 miss ratio    |    0.3500 |
+----------------------+-----------+

Region ResolverSistema, Group 1: L2CACHE
+-------------------+----------+
|    Region Info    |  Core 3  |
+-------------------+----------+
| RDTSC Runtime [s] | 0.000002 |
|     call count    |        1 |
+-------------------+----------+

+-----------------------+---------+--------+
|         Event         | Counter | Core 3 |
+-----------------------+---------+--------+
|   INSTR_RETIRED_ANY   |  FIXC0  |   8622 |
| CPU_CLK_UNHALTED_CORE |  FIXC1  |  15438 |
|  CPU_CLK_UNHALTED_REF |  FIXC2  |  13774 |
| L2_TRANS_ALL_REQUESTS |   PMC0  |   1853 |
|     L2_RQSTS_MISS     |   PMC1  |    571 |
+-----------------------+---------+--------+

+----------------------+--------------+
|        Metric        |    Core 3    |
+----------------------+--------------+
|  Runtime (RDTSC) [s] | 1.732906e-06 |
| Runtime unhalted [s] | 4.529936e-06 |
|      Clock [MHz]     |    3819.7060 |
|          CPI         |       1.7905 |
|    L2 request rate   |       0.2149 |
|     L2 miss rate     |       0.0662 |
|     L2 miss ratio    |       0.3081 |
+----------------------+--------------+

Region CalcularResiduo, Group 1: L2CACHE
+-------------------+----------+
|    Region Info    |  Core 3  |
+-------------------+----------+
| RDTSC Runtime [s] | 0.000040 |
|     call count    |        1 |
+-------------------+----------+

+-----------------------+---------+--------+
|         Event         | Counter | Core 3 |
+-----------------------+---------+--------+
|   INSTR_RETIRED_ANY   |  FIXC0  | 297051 |
| CPU_CLK_UNHALTED_CORE |  FIXC1  | 159654 |
|  CPU_CLK_UNHALTED_REF |  FIXC2  | 143278 |
| L2_TRANS_ALL_REQUESTS |   PMC0  |   2798 |
|     L2_RQSTS_MISS     |   PMC1  |    840 |
+-----------------------+---------+--------+

+----------------------+--------------+
|        Metric        |    Core 3    |
+----------------------+--------------+
|  Runtime (RDTSC) [s] | 3.988561e-05 |
| Runtime unhalted [s] | 4.684690e-05 |
|      Clock [MHz]     |    3797.5131 |
|          CPI         |       0.5375 |
|    L2 request rate   |       0.0094 |
|     L2 miss rate     |       0.0028 |
|     L2 miss ratio    |       0.3002 |
+----------------------+--------------+

--------------------------------------------------------------------------------
CPU name:	Intel(R) Core(TM) i5-7500 CPU @ 3.40GHz
CPU type:	Intel Coffeelake processor
CPU clock:	3.41 GHz
--------------------------------------------------------------------------------
TempoGerarSistema: 0.489961
TempoResolverSistema: 0.175444
TempoCalularResiduo: 0.135739
--------------------------------------------------------------------------------
Region GerarSistema, Group 1: L2CACHE
+-------------------+----------+
|    Region Info    |  Core 3  |
+-------------------+----------+
| RDTSC Runtime [s] | 0.000300 |
|     call count    |        1 |
+-------------------+----------+

+-----------------------+---------+---------+
|         Event         | Counter |  Core 3 |
+-----------------------+---------+---------+
|   INSTR_RETIRED_ANY   |  FIXC0  | 2252987 |
| CPU_CLK_UNHALTED_CORE |  FIXC1  | 1124145 |
|  CPU_CLK_UNHALTED_REF |  FIXC2  | 1010046 |
| L2_TRANS_ALL_REQUESTS |   PMC0  |    4378 |
|     L2_RQSTS_MISS     |   PMC1  |    1457 |
+-----------------------+---------+---------+

+----------------------+-----------+
|        Metric        |   Core 3  |
+----------------------+-----------+
|  Runtime (RDTSC) [s] |    0.0003 |
| Runtime unhalted [s] |    0.0003 |
|      Clock [MHz]     | 3792.9404 |
|          CPI         |    0.4990 |
|    L2 request rate   |    0.0019 |
|     L2 miss rate     |    0.0006 |
|     L2 miss ratio    |    0.3328 |
+----------------------+-----------+

Region ResolverSistema, Group 1: L2CACHE
+-------------------+----------+
|    Region Info    |  Core 3  |
+-------------------+----------+
| RDTSC Runtime [s] | 0.000002 |
|     call count    |        1 |
+-------------------+----------+

+-----------------------+---------+--------+
|         Event         | Counter | Core 3 |
+-----------------------+---------+--------+
|   INSTR_RETIRED_ANY   |  FIXC0  |   8606 |
| CPU_CLK_UNHALTED_CORE |  FIXC1  |  16213 |
|  CPU_CLK_UNHALTED_REF |  FIXC2  |  14484 |
| L2_TRANS_ALL_REQUESTS |   PMC0  |   1700 |
|     L2_RQSTS_MISS     |   PMC1  |    496 |
+-----------------------+---------+--------+

+----------------------+--------------+
|        Metric        |    Core 3    |
+----------------------+--------------+
|  Runtime (RDTSC) [s] | 2.010569e-06 |
| Runtime unhalted [s] | 4.757388e-06 |
|      Clock [MHz]     |    3814.7818 |
|          CPI         |       1.8839 |
|    L2 request rate   |       0.1975 |
|     L2 miss rate     |       0.0576 |
|     L2 miss ratio    |       0.2918 |
+----------------------+--------------+

Region CalcularResiduo, Group 1: L2CACHE
+-------------------+----------+
|    Region Info    |  Core 3  |
+-------------------+----------+
| RDTSC Runtime [s] | 0.000051 |
|     call count    |        1 |
+-------------------+----------+

+-----------------------+---------+--------+
|         Event         | Counter | Core 3 |
+-----------------------+---------+--------+
|   INSTR_RETIRED_ANY   |  FIXC0  | 379195 |
| CPU_CLK_UNHALTED_CORE |  FIXC1  | 202346 |
|  CPU_CLK_UNHALTED_REF |  FIXC2  | 181902 |
| L2_TRANS_ALL_REQUESTS |   PMC0  |   3050 |
|     L2_RQSTS_MISS     |   PMC1  |    914 |
+-----------------------+---------+--------+

+----------------------+-----------+
|        Metric        |   Core 3  |
+----------------------+-----------+
|  Runtime (RDTSC) [s] |    0.0001 |
| Runtime unhalted [s] |    0.0001 |
|      Clock [MHz]     | 3790.9843 |
|          CPI         |    0.5336 |
|    L2 request rate   |    0.0080 |
|     L2 miss rate     |    0.0024 |
|     L2 miss ratio    |    0.2997 |
+----------------------+-----------+

--------------------------------------------------------------------------------
CPU name:	Intel(R) Core(TM) i5-7500 CPU @ 3.40GHz
CPU type:	Intel Coffeelake processor
CPU clock:	3.41 GHz
--------------------------------------------------------------------------------
TempoGerarSistema: 0.782846
TempoResolverSistema: 0.176990
TempoCalularResiduo: 0.190389
--------------------------------------------------------------------------------
Region GerarSistema, Group 1: L2CACHE
+-------------------+----------+
|    Region Info    |  Core 3  |
+-------------------+----------+
| RDTSC Runtime [s] | 0.000590 |
|     call count    |        1 |
+-------------------+----------+

+-----------------------+---------+---------+
|         Event         | Counter |  Core 3 |
+-----------------------+---------+---------+
|   INSTR_RETIRED_ANY   |  FIXC0  | 4500411 |
| CPU_CLK_UNHALTED_CORE |  FIXC1  | 2221099 |
|  CPU_CLK_UNHALTED_REF |  FIXC2  | 1996662 |
| L2_TRANS_ALL_REQUESTS |   PMC0  |    4947 |
|     L2_RQSTS_MISS     |   PMC1  |    1578 |
+-----------------------+---------+---------+

+----------------------+-----------+
|        Metric        |   Core 3  |
+----------------------+-----------+
|  Runtime (RDTSC) [s] |    0.0006 |
| Runtime unhalted [s] |    0.0007 |
|      Clock [MHz]     | 3791.0687 |
|          CPI         |    0.4935 |
|    L2 request rate   |    0.0011 |
|     L2 miss rate     |    0.0004 |
|     L2 miss ratio    |    0.3190 |
+----------------------+-----------+

Region ResolverSistema, Group 1: L2CACHE
+-------------------+----------+
|    Region Info    |  Core 3  |
+-------------------+----------+
| RDTSC Runtime [s] | 0.000002 |
|     call count    |        1 |
+-------------------+----------+

+-----------------------+---------+--------+
|         Event         | Counter | Core 3 |
+-----------------------+---------+--------+
|   INSTR_RETIRED_ANY   |  FIXC0  |   8576 |
| CPU_CLK_UNHALTED_CORE |  FIXC1  |  16998 |
|  CPU_CLK_UNHALTED_REF |  FIXC2  |  15052 |
| L2_TRANS_ALL_REQUESTS |   PMC0  |   1663 |
|     L2_RQSTS_MISS     |   PMC1  |    487 |
+-----------------------+---------+--------+

+----------------------+--------------+
|        Metric        |    Core 3    |
+----------------------+--------------+
|  Runtime (RDTSC) [s] | 2.140853e-06 |
| Runtime unhalted [s] | 4.987691e-06 |
|      Clock [MHz]     |    3848.5923 |
|          CPI         |       1.9820 |
|    L2 request rate   |       0.1939 |
|     L2 miss rate     |       0.0568 |
|     L2 miss ratio    |       0.2928 |
+----------------------+--------------+

Region CalcularResiduo, Group 1: L2CACHE
+-------------------+----------+
|    Region Info    |  Core 3  |
+-------------------+----------+
| RDTSC Runtime [s] | 0.000103 |
|     call count    |        1 |
+-------------------+----------+

+-----------------------+---------+--------+
|         Event         | Counter | Core 3 |
+-----------------------+---------+--------+
|   INSTR_RETIRED_ANY   |  FIXC0  | 754504 |
| CPU_CLK_UNHALTED_CORE |  FIXC1  | 392834 |
|  CPU_CLK_UNHALTED_REF |  FIXC2  | 353154 |
| L2_TRANS_ALL_REQUESTS |   PMC0  |   3626 |
|     L2_RQSTS_MISS     |   PMC1  |   1103 |
+-----------------------+---------+--------+

+----------------------+-----------+
|        Metric        |   Core 3  |
+----------------------+-----------+
|  Runtime (RDTSC) [s] |    0.0001 |
| Runtime unhalted [s] |    0.0001 |
|      Clock [MHz]     | 3790.9078 |
|          CPI         |    0.5207 |
|    L2 request rate   |    0.0048 |
|     L2 miss rate     |    0.0015 |
|     L2 miss ratio    |    0.3042 |
+----------------------+-----------+

--------------------------------------------------------------------------------
CPU name:	Intel(R) Core(TM) i5-7500 CPU @ 3.40GHz
CPU type:	Intel Coffeelake processor
CPU clock:	3.41 GHz
--------------------------------------------------------------------------------
TempoGerarSistema: 0.880069
TempoResolverSistema: 0.175002
TempoCalularResiduo: 0.207589
--------------------------------------------------------------------------------
Region GerarSistema, Group 1: L2CACHE
+-------------------+----------+
|    Region Info    |  Core 3  |
+-------------------+----------+
| RDTSC Runtime [s] | 0.000688 |
|     call count    |        1 |
+-------------------+----------+

+-----------------------+---------+---------+
|         Event         | Counter |  Core 3 |
+-----------------------+---------+---------+
|   INSTR_RETIRED_ANY   |  FIXC0  | 5272963 |
| CPU_CLK_UNHALTED_CORE |  FIXC1  | 2594247 |
|  CPU_CLK_UNHALTED_REF |  FIXC2  | 2332208 |
| L2_TRANS_ALL_REQUESTS |   PMC0  |    5330 |
|     L2_RQSTS_MISS     |   PMC1  |    1712 |
+-----------------------+---------+---------+

+----------------------+-----------+
|        Metric        |   Core 3  |
+----------------------+-----------+
|  Runtime (RDTSC) [s] |    0.0007 |
| Runtime unhalted [s] |    0.0008 |
|      Clock [MHz]     | 3790.8954 |
|          CPI         |    0.4920 |
|    L2 request rate   |    0.0010 |
|     L2 miss rate     |    0.0003 |
|     L2 miss ratio    |    0.3212 |
+----------------------+-----------+

Region ResolverSistema, Group 1: L2CACHE
+-------------------+----------+
|    Region Info    |  Core 3  |
+-------------------+----------+
| RDTSC Runtime [s] | 0.000002 |
|     call count    |        1 |
+-------------------+----------+

+-----------------------+---------+--------+
|         Event         | Counter | Core 3 |
+-----------------------+---------+--------+
|   INSTR_RETIRED_ANY   |  FIXC0  |   8658 |
| CPU_CLK_UNHALTED_CORE |  FIXC1  |  15012 |
|  CPU_CLK_UNHALTED_REF |  FIXC2  |  13490 |
| L2_TRANS_ALL_REQUESTS |   PMC0  |   1687 |
|     L2_RQSTS_MISS     |   PMC1  |    504 |
+-----------------------+---------+--------+

+----------------------+--------------+
|        Metric        |    Core 3    |
+----------------------+--------------+
|  Runtime (RDTSC) [s] | 1.630873e-06 |
| Runtime unhalted [s] | 4.404948e-06 |
|      Clock [MHz]     |    3792.4893 |
|          CPI         |       1.7339 |
|    L2 request rate   |       0.1948 |
|     L2 miss rate     |       0.0582 |
|     L2 miss ratio    |       0.2988 |
+----------------------+--------------+

Region CalcularResiduo, Group 1: L2CACHE
+-------------------+----------+
|    Region Info    |  Core 3  |
+-------------------+----------+
| RDTSC Runtime [s] | 0.000120 |
|     call count    |        1 |
+-------------------+----------+

+-----------------------+---------+--------+
|         Event         | Counter | Core 3 |
+-----------------------+---------+--------+
|   INSTR_RETIRED_ANY   |  FIXC0  | 883660 |
| CPU_CLK_UNHALTED_CORE |  FIXC1  | 458232 |
|  CPU_CLK_UNHALTED_REF |  FIXC2  | 411800 |
| L2_TRANS_ALL_REQUESTS |   PMC0  |   4288 |
|     L2_RQSTS_MISS     |   PMC1  |   1422 |
+-----------------------+---------+--------+

+----------------------+-----------+
|        Metric        |   Core 3  |
+----------------------+-----------+
|  Runtime (RDTSC) [s] |    0.0001 |
| Runtime unhalted [s] |    0.0001 |
|      Clock [MHz]     | 3792.2489 |
|          CPI         |    0.5186 |
|    L2 request rate   |    0.0049 |
|     L2 miss rate     |    0.0016 |
|     L2 miss ratio    |    0.3316 |
+----------------------+-----------+

--------------------------------------------------------------------------------
CPU name:	Intel(R) Core(TM) i5-7500 CPU @ 3.40GHz
CPU type:	Intel Coffeelake processor
CPU clock:	3.41 GHz
--------------------------------------------------------------------------------
TempoGerarSistema: 1.105090
TempoResolverSistema: 0.176880
TempoCalularResiduo: 0.248226
--------------------------------------------------------------------------------
Region GerarSistema, Group 1: L2CACHE
+-------------------+----------+
|    Region Info    |  Core 3  |
+-------------------+----------+
| RDTSC Runtime [s] | 0.000914 |
|     call count    |        1 |
+-------------------+----------+

+-----------------------+---------+---------+
|         Event         | Counter |  Core 3 |
+-----------------------+---------+---------+
|   INSTR_RETIRED_ANY   |  FIXC0  | 7028763 |
| CPU_CLK_UNHALTED_CORE |  FIXC1  | 3452132 |
|  CPU_CLK_UNHALTED_REF |  FIXC2  | 3103126 |
| L2_TRANS_ALL_REQUESTS |   PMC0  |    7160 |
|     L2_RQSTS_MISS     |   PMC1  |    1937 |
+-----------------------+---------+---------+

+----------------------+-----------+
|        Metric        |   Core 3  |
+----------------------+-----------+
|  Runtime (RDTSC) [s] |    0.0009 |
| Runtime unhalted [s] |    0.0010 |
|      Clock [MHz]     | 3791.2837 |
|          CPI         |    0.4911 |
|    L2 request rate   |    0.0010 |
|     L2 miss rate     |    0.0003 |
|     L2 miss ratio    |    0.2705 |
+----------------------+-----------+

Region ResolverSistema, Group 1: L2CACHE
+-------------------+----------+
|    Region Info    |  Core 3  |
+-------------------+----------+
| RDTSC Runtime [s] | 0.000002 |
|     call count    |        1 |
+-------------------+----------+

+-----------------------+---------+--------+
|         Event         | Counter | Core 3 |
+-----------------------+---------+--------+
|   INSTR_RETIRED_ANY   |  FIXC0  |   8650 |
| CPU_CLK_UNHALTED_CORE |  FIXC1  |  15058 |
|  CPU_CLK_UNHALTED_REF |  FIXC2  |  13348 |
| L2_TRANS_ALL_REQUESTS |   PMC0  |   1548 |
|     L2_RQSTS_MISS     |   PMC1  |    438 |
+-----------------------+---------+--------+

+----------------------+--------------+
|        Metric        |    Core 3    |
+----------------------+--------------+
|  Runtime (RDTSC) [s] | 1.724770e-06 |
| Runtime unhalted [s] | 4.418440e-06 |
|      Clock [MHz]     |    3844.5844 |
|          CPI         |       1.7408 |
|    L2 request rate   |       0.1790 |
|     L2 miss rate     |       0.0506 |
|     L2 miss ratio    |       0.2829 |
+----------------------+--------------+

Region CalcularResiduo, Group 1: L2CACHE
+-------------------+----------+
|    Region Info    |  Core 3  |
+-------------------+----------+
| RDTSC Runtime [s] | 0.000161 |
|     call count    |        1 |
+-------------------+----------+

+-----------------------+---------+---------+
|         Event         | Counter |  Core 3 |
+-----------------------+---------+---------+
|   INSTR_RETIRED_ANY   |  FIXC0  | 1176821 |
| CPU_CLK_UNHALTED_CORE |  FIXC1  |  606775 |
|  CPU_CLK_UNHALTED_REF |  FIXC2  |  545564 |
| L2_TRANS_ALL_REQUESTS |   PMC0  |    4653 |
|     L2_RQSTS_MISS     |   PMC1  |    1445 |
+-----------------------+---------+---------+

+----------------------+-----------+
|        Metric        |   Core 3  |
+----------------------+-----------+
|  Runtime (RDTSC) [s] |    0.0002 |
| Runtime unhalted [s] |    0.0002 |
|      Clock [MHz]     | 3790.3584 |
|          CPI         |    0.5156 |
|    L2 request rate   |    0.0040 |
|     L2 miss rate     |    0.0012 |
|     L2 miss ratio    |    0.3106 |
+----------------------+-----------+

--------------------------------------------------------------------------------
CPU name:	Intel(R) Core(TM) i5-7500 CPU @ 3.40GHz
CPU type:	Intel Coffeelake processor
CPU clock:	3.41 GHz
--------------------------------------------------------------------------------
TempoGerarSistema: 1.365689
TempoResolverSistema: 0.177237
TempoCalularResiduo: 0.341713
--------------------------------------------------------------------------------
Region GerarSistema, Group 1: L2CACHE
+-------------------+----------+
|    Region Info    |  Core 3  |
+-------------------+----------+
| RDTSC Runtime [s] | 0.001172 |
|     call count    |        1 |
+-------------------+----------+

+-----------------------+---------+---------+
|         Event         | Counter |  Core 3 |
+-----------------------+---------+---------+
|   INSTR_RETIRED_ANY   |  FIXC0  | 8995260 |
| CPU_CLK_UNHALTED_CORE |  FIXC1  | 4422228 |
|  CPU_CLK_UNHALTED_REF |  FIXC2  | 3975290 |
| L2_TRANS_ALL_REQUESTS |   PMC0  |   10217 |
|     L2_RQSTS_MISS     |   PMC1  |    1992 |
+-----------------------+---------+---------+

+----------------------+-----------+
|        Metric        |   Core 3  |
+----------------------+-----------+
|  Runtime (RDTSC) [s] |    0.0012 |
| Runtime unhalted [s] |    0.0013 |
|      Clock [MHz]     | 3791.1180 |
|          CPI         |    0.4916 |
|    L2 request rate   |    0.0011 |
|     L2 miss rate     |    0.0002 |
|     L2 miss ratio    |    0.1950 |
+----------------------+-----------+

Region ResolverSistema, Group 1: L2CACHE
+-------------------+----------+
|    Region Info    |  Core 3  |
+-------------------+----------+
| RDTSC Runtime [s] | 0.000002 |
|     call count    |        1 |
+-------------------+----------+

+-----------------------+---------+--------+
|         Event         | Counter | Core 3 |
+-----------------------+---------+--------+
|   INSTR_RETIRED_ANY   |  FIXC0  |   8606 |
| CPU_CLK_UNHALTED_CORE |  FIXC1  |  15160 |
|  CPU_CLK_UNHALTED_REF |  FIXC2  |  13206 |
| L2_TRANS_ALL_REQUESTS |   PMC0  |   1685 |
|     L2_RQSTS_MISS     |   PMC1  |    480 |
+-----------------------+---------+--------+

+----------------------+--------------+
|        Metric        |    Core 3    |
+----------------------+--------------+
|  Runtime (RDTSC) [s] | 1.660933e-06 |
| Runtime unhalted [s] | 4.448404e-06 |
|      Clock [MHz]     |    3912.2167 |
|          CPI         |       1.7616 |
|    L2 request rate   |       0.1958 |
|     L2 miss rate     |       0.0558 |
|     L2 miss ratio    |       0.2849 |
+----------------------+--------------+

Region CalcularResiduo, Group 1: L2CACHE
+-------------------+----------+
|    Region Info    |  Core 3  |
+-------------------+----------+
| RDTSC Runtime [s] | 0.000255 |
|     call count    |        1 |
+-------------------+----------+

+-----------------------+---------+---------+
|         Event         | Counter |  Core 3 |
+-----------------------+---------+---------+
|   INSTR_RETIRED_ANY   |  FIXC0  | 1505475 |
| CPU_CLK_UNHALTED_CORE |  FIXC1  |  794404 |
|  CPU_CLK_UNHALTED_REF |  FIXC2  |  717526 |
| L2_TRANS_ALL_REQUESTS |   PMC0  |    5593 |
|     L2_RQSTS_MISS     |   PMC1  |    1567 |
+-----------------------+---------+---------+

+----------------------+-----------+
|        Metric        |   Core 3  |
+----------------------+-----------+
|  Runtime (RDTSC) [s] |    0.0003 |
| Runtime unhalted [s] |    0.0002 |
|      Clock [MHz]     | 3773.1040 |
|          CPI         |    0.5277 |
|    L2 request rate   |    0.0037 |
|     L2 miss rate     |    0.0010 |
|     L2 miss ratio    |    0.2802 |
+----------------------+-----------+

--------------------------------------------------------------------------------
CPU name:	Intel(R) Core(TM) i5-7500 CPU @ 3.40GHz
CPU type:	Intel Coffeelake processor
CPU clock:	3.41 GHz
--------------------------------------------------------------------------------
TempoGerarSistema: 2.523316
TempoResolverSistema: 0.177961
TempoCalularResiduo: 0.486864
--------------------------------------------------------------------------------
Region GerarSistema, Group 1: L2CACHE
+-------------------+----------+
|    Region Info    |  Core 3  |
+-------------------+----------+
| RDTSC Runtime [s] | 0.002325 |
|     call count    |        1 |
+-------------------+----------+

+-----------------------+---------+----------+
|         Event         | Counter |  Core 3  |
+-----------------------+---------+----------+
|   INSTR_RETIRED_ANY   |  FIXC0  | 17563560 |
| CPU_CLK_UNHALTED_CORE |  FIXC1  |  8597226 |
|  CPU_CLK_UNHALTED_REF |  FIXC2  |  7760158 |
| L2_TRANS_ALL_REQUESTS |   PMC0  |    36326 |
|     L2_RQSTS_MISS     |   PMC1  |     3309 |
+-----------------------+---------+----------+

+----------------------+-----------+
|        Metric        |   Core 3  |
+----------------------+-----------+
|  Runtime (RDTSC) [s] |    0.0023 |
| Runtime unhalted [s] |    0.0025 |
|      Clock [MHz]     | 3775.6032 |
|          CPI         |    0.4895 |
|    L2 request rate   |    0.0021 |
|     L2 miss rate     |    0.0002 |
|     L2 miss ratio    |    0.0911 |
+----------------------+-----------+

Region ResolverSistema, Group 1: L2CACHE
+-------------------+----------+
|    Region Info    |  Core 3  |
+-------------------+----------+
| RDTSC Runtime [s] | 0.000002 |
|     call count    |        1 |
+-------------------+----------+

+-----------------------+---------+--------+
|         Event         | Counter | Core 3 |
+-----------------------+---------+--------+
|   INSTR_RETIRED_ANY   |  FIXC0  |   8634 |
| CPU_CLK_UNHALTED_CORE |  FIXC1  |  15216 |
|  CPU_CLK_UNHALTED_REF |  FIXC2  |  13632 |
| L2_TRANS_ALL_REQUESTS |   PMC0  |   1759 |
|     L2_RQSTS_MISS     |   PMC1  |    560 |
+-----------------------+---------+--------+

+----------------------+--------------+
|        Metric        |    Core 3    |
+----------------------+--------------+
|  Runtime (RDTSC) [s] | 1.686639e-06 |
| Runtime unhalted [s] | 4.464799e-06 |
|      Clock [MHz]     |    3803.9911 |
|          CPI         |       1.7623 |
|    L2 request rate   |       0.2037 |
|     L2 miss rate     |       0.0649 |
|     L2 miss ratio    |       0.3184 |
+----------------------+--------------+

Region CalcularResiduo, Group 1: L2CACHE
+-------------------+----------+
|    Region Info    |  Core 3  |
+-------------------+----------+
| RDTSC Runtime [s] | 0.000399 |
|     call count    |        1 |
+-------------------+----------+

+-----------------------+---------+---------+
|         Event         | Counter |  Core 3 |
+-----------------------+---------+---------+
|   INSTR_RETIRED_ANY   |  FIXC0  | 2936070 |
| CPU_CLK_UNHALTED_CORE |  FIXC1  | 1497434 |
|  CPU_CLK_UNHALTED_REF |  FIXC2  | 1346302 |
| L2_TRANS_ALL_REQUESTS |   PMC0  |    6821 |
|     L2_RQSTS_MISS     |   PMC1  |    2157 |
+-----------------------+---------+---------+

+----------------------+-----------+
|        Metric        |   Core 3  |
+----------------------+-----------+
|  Runtime (RDTSC) [s] |    0.0004 |
| Runtime unhalted [s] |    0.0004 |
|      Clock [MHz]     | 3790.5634 |
|          CPI         |    0.5100 |
|    L2 request rate   |    0.0023 |
|     L2 miss rate     |    0.0007 |
|     L2 miss ratio    |    0.3162 |
+----------------------+-----------+

--------------------------------------------------------------------------------
CPU name:	Intel(R) Core(TM) i5-7500 CPU @ 3.40GHz
CPU type:	Intel Coffeelake processor
CPU clock:	3.41 GHz
--------------------------------------------------------------------------------
TempoGerarSistema: 3.826382
TempoResolverSistema: 0.179756
TempoCalularResiduo: 0.707166
--------------------------------------------------------------------------------
Region GerarSistema, Group 1: L2CACHE
+-------------------+----------+
|    Region Info    |  Core 3  |
+-------------------+----------+
| RDTSC Runtime [s] | 0.003628 |
|     call count    |        1 |
+-------------------+----------+

+-----------------------+---------+----------+
|         Event         | Counter |  Core 3  |
+-----------------------+---------+----------+
|   INSTR_RETIRED_ANY   |  FIXC0  | 26342560 |
| CPU_CLK_UNHALTED_CORE |  FIXC1  | 13265250 |
|  CPU_CLK_UNHALTED_REF |  FIXC2  | 12248640 |
| L2_TRANS_ALL_REQUESTS |   PMC0  |    53334 |
|     L2_RQSTS_MISS     |   PMC1  |     4124 |
+-----------------------+---------+----------+

+----------------------+-----------+
|        Metric        |   Core 3  |
+----------------------+-----------+
|  Runtime (RDTSC) [s] |    0.0036 |
| Runtime unhalted [s] |    0.0039 |
|      Clock [MHz]     | 3690.8401 |
|          CPI         |    0.5036 |
|    L2 request rate   |    0.0020 |
|     L2 miss rate     |    0.0002 |
|     L2 miss ratio    |    0.0773 |
+----------------------+-----------+

Region ResolverSistema, Group 1: L2CACHE
+-------------------+----------+
|    Region Info    |  Core 3  |
+-------------------+----------+
| RDTSC Runtime [s] | 0.000002 |
|     call count    |        1 |
+-------------------+----------+

+-----------------------+---------+--------+
|         Event         | Counter | Core 3 |
+-----------------------+---------+--------+
|   INSTR_RETIRED_ANY   |  FIXC0  |   8706 |
| CPU_CLK_UNHALTED_CORE |  FIXC1  |  15241 |
|  CPU_CLK_UNHALTED_REF |  FIXC2  |  14058 |
| L2_TRANS_ALL_REQUESTS |   PMC0  |   1633 |
|     L2_RQSTS_MISS     |   PMC1  |    473 |
+-----------------------+---------+--------+

+----------------------+--------------+
|        Metric        |    Core 3    |
+----------------------+--------------+
|  Runtime (RDTSC) [s] | 1.634983e-06 |
| Runtime unhalted [s] | 4.472144e-06 |
|      Clock [MHz]     |    3694.7715 |
|          CPI         |       1.7506 |
|    L2 request rate   |       0.1876 |
|     L2 miss rate     |       0.0543 |
|     L2 miss ratio    |       0.2897 |
+----------------------+--------------+

Region CalcularResiduo, Group 1: L2CACHE
+-------------------+----------+
|    Region Info    |  Core 3  |
+-------------------+----------+
| RDTSC Runtime [s] | 0.000617 |
|     call count    |        1 |
+-------------------+----------+

+-----------------------+---------+---------+
|         Event         | Counter |  Core 3 |
+-----------------------+---------+---------+
|   INSTR_RETIRED_ANY   |  FIXC0  | 4402806 |
| CPU_CLK_UNHALTED_CORE |  FIXC1  | 2248838 |
|  CPU_CLK_UNHALTED_REF |  FIXC2  | 2076750 |
| L2_TRANS_ALL_REQUESTS |   PMC0  |    9294 |
|     L2_RQSTS_MISS     |   PMC1  |    3093 |
+-----------------------+---------+---------+

+----------------------+-----------+
|        Metric        |   Core 3  |
+----------------------+-----------+
|  Runtime (RDTSC) [s] |    0.0006 |
| Runtime unhalted [s] |    0.0007 |
|      Clock [MHz]     | 3690.3845 |
|          CPI         |    0.5108 |
|    L2 request rate   |    0.0021 |
|     L2 miss rate     |    0.0007 |
|     L2 miss ratio    |    0.3328 |
+----------------------+-----------+

--------------------------------------------------------------------------------
CPU name:	Intel(R) Core(TM) i5-7500 CPU @ 3.40GHz
CPU type:	Intel Coffeelake processor
CPU clock:	3.41 GHz
--------------------------------------------------------------------------------
TempoGerarSistema: 5.065580
TempoResolverSistema: 0.162369
TempoCalularResiduo: 0.939969
--------------------------------------------------------------------------------
Region GerarSistema, Group 1: L2CACHE
+-------------------+----------+
|    Region Info    |  Core 3  |
+-------------------+----------+
| RDTSC Runtime [s] | 0.004869 |
|     call count    |        1 |
+-------------------+----------+

+-----------------------+---------+----------+
|         Event         | Counter |  Core 3  |
+-----------------------+---------+----------+
|   INSTR_RETIRED_ANY   |  FIXC0  | 35964350 |
| CPU_CLK_UNHALTED_CORE |  FIXC1  | 17577860 |
|  CPU_CLK_UNHALTED_REF |  FIXC2  | 16087320 |
| L2_TRANS_ALL_REQUESTS |   PMC0  |    80297 |
|     L2_RQSTS_MISS     |   PMC1  |     9024 |
+-----------------------+---------+----------+

+----------------------+-----------+
|        Metric        |   Core 3  |
+----------------------+-----------+
|  Runtime (RDTSC) [s] |    0.0049 |
| Runtime unhalted [s] |    0.0052 |
|      Clock [MHz]     | 3723.7397 |
|          CPI         |    0.4888 |
|    L2 request rate   |    0.0022 |
|     L2 miss rate     |    0.0003 |
|     L2 miss ratio    |    0.1124 |
+----------------------+-----------+

Region ResolverSistema, Group 1: L2CACHE
+-------------------+----------+
|    Region Info    |  Core 3  |
+-------------------+----------+
| RDTSC Runtime [s] | 0.000002 |
|     call count    |        1 |
+-------------------+----------+

+-----------------------+---------+--------+
|         Event         | Counter | Core 3 |
+-----------------------+---------+--------+
|   INSTR_RETIRED_ANY   |  FIXC0  |   8622 |
| CPU_CLK_UNHALTED_CORE |  FIXC1  |  14883 |
|  CPU_CLK_UNHALTED_REF |  FIXC2  |  13490 |
| L2_TRANS_ALL_REQUESTS |   PMC0  |   1716 |
|     L2_RQSTS_MISS     |   PMC1  |    540 |
+-----------------------+---------+--------+

+----------------------+--------------+
|        Metric        |    Core 3    |
+----------------------+--------------+
|  Runtime (RDTSC) [s] | 1.640851e-06 |
| Runtime unhalted [s] | 4.367103e-06 |
|      Clock [MHz]     |    3759.8935 |
|          CPI         |       1.7262 |
|    L2 request rate   |       0.1990 |
|     L2 miss rate     |       0.0626 |
|     L2 miss ratio    |       0.3147 |
+----------------------+--------------+

Region CalcularResiduo, Group 1: L2CACHE
+-------------------+----------+
|    Region Info    |  Core 3  |
+-------------------+----------+
| RDTSC Runtime [s] | 0.000857 |
|     call count    |        1 |
+-------------------+----------+

+-----------------------+---------+---------+
|         Event         | Counter |  Core 3 |
+-----------------------+---------+---------+
|   INSTR_RETIRED_ANY   |  FIXC0  | 6008874 |
| CPU_CLK_UNHALTED_CORE |  FIXC1  | 3057934 |
|  CPU_CLK_UNHALTED_REF |  FIXC2  | 2751676 |
| L2_TRANS_ALL_REQUESTS |   PMC0  |   12265 |
|     L2_RQSTS_MISS     |   PMC1  |    4013 |
+-----------------------+---------+---------+

+----------------------+-----------+
|        Metric        |   Core 3  |
+----------------------+-----------+
|  Runtime (RDTSC) [s] |    0.0009 |
| Runtime unhalted [s] |    0.0009 |
|      Clock [MHz]     | 3787.2836 |
|          CPI         |    0.5089 |
|    L2 request rate   |    0.0020 |
|     L2 miss rate     |    0.0007 |
|     L2 miss ratio    |    0.3272 |
+----------------------+-----------+

--------------------------------------------------------------------------------
CPU name:	Intel(R) Core(TM) i5-7500 CPU @ 3.40GHz
CPU type:	Intel Coffeelake processor
CPU clock:	3.41 GHz
--------------------------------------------------------------------------------
TempoGerarSistema: 7.297062
TempoResolverSistema: 0.164769
TempoCalularResiduo: 1.293587
--------------------------------------------------------------------------------
Region GerarSistema, Group 1: L2CACHE
+-------------------+----------+
|    Region Info    |  Core 3  |
+-------------------+----------+
| RDTSC Runtime [s] | 0.007006 |
|     call count    |        1 |
+-------------------+----------+

+-----------------------+---------+----------+
|         Event         | Counter |  Core 3  |
+-----------------------+---------+----------+
|   INSTR_RETIRED_ANY   |  FIXC0  | 52679560 |
| CPU_CLK_UNHALTED_CORE |  FIXC1  | 25728220 |
|  CPU_CLK_UNHALTED_REF |  FIXC2  | 23754610 |
| L2_TRANS_ALL_REQUESTS |   PMC0  |   108294 |
|     L2_RQSTS_MISS     |   PMC1  |    14415 |
+-----------------------+---------+----------+

+----------------------+-----------+
|        Metric        |   Core 3  |
+----------------------+-----------+
|  Runtime (RDTSC) [s] |    0.0070 |
| Runtime unhalted [s] |    0.0075 |
|      Clock [MHz]     | 3691.1305 |
|          CPI         |    0.4884 |
|    L2 request rate   |    0.0021 |
|     L2 miss rate     |    0.0003 |
|     L2 miss ratio    |    0.1331 |
+----------------------+-----------+

Region ResolverSistema, Group 1: L2CACHE
+-------------------+----------+
|    Region Info    |  Core 3  |
+-------------------+----------+
| RDTSC Runtime [s] | 0.000001 |
|     call count    |        1 |
+-------------------+----------+

+-----------------------+---------+--------+
|         Event         | Counter | Core 3 |
+-----------------------+---------+--------+
|   INSTR_RETIRED_ANY   |  FIXC0  |   8722 |
| CPU_CLK_UNHALTED_CORE |  FIXC1  |  14561 |
|  CPU_CLK_UNHALTED_REF |  FIXC2  |  13490 |
| L2_TRANS_ALL_REQUESTS |   PMC0  |   1623 |
|     L2_RQSTS_MISS     |   PMC1  |    479 |
+-----------------------+---------+--------+

+----------------------+--------------+
|        Metric        |    Core 3    |
+----------------------+--------------+
|  Runtime (RDTSC) [s] | 1.461269e-06 |
| Runtime unhalted [s] | 4.272614e-06 |
|      Clock [MHz]     |    3678.5513 |
|          CPI         |       1.6695 |
|    L2 request rate   |       0.1861 |
|     L2 miss rate     |       0.0549 |
|     L2 miss ratio    |       0.2951 |
+----------------------+--------------+

Region CalcularResiduo, Group 1: L2CACHE
+-------------------+----------+
|    Region Info    |  Core 3  |
+-------------------+----------+
| RDTSC Runtime [s] | 0.001212 |
|     call count    |        1 |
+-------------------+----------+

+-----------------------+---------+---------+
|         Event         | Counter |  Core 3 |
+-----------------------+---------+---------+
|   INSTR_RETIRED_ANY   |  FIXC0  | 8801193 |
| CPU_CLK_UNHALTED_CORE |  FIXC1  | 4509259 |
|  CPU_CLK_UNHALTED_REF |  FIXC2  | 4053958 |
| L2_TRANS_ALL_REQUESTS |   PMC0  |   16368 |
|     L2_RQSTS_MISS     |   PMC1  |    5443 |
+-----------------------+---------+---------+

+----------------------+-----------+
|        Metric        |   Core 3  |
+----------------------+-----------+
|  Runtime (RDTSC) [s] |    0.0012 |
| Runtime unhalted [s] |    0.0013 |
|      Clock [MHz]     | 3790.7357 |
|          CPI         |    0.5123 |
|    L2 request rate   |    0.0019 |
|     L2 miss rate     |    0.0006 |
|     L2 miss ratio    |    0.3325 |
+----------------------+-----------+

--------------------------------------------------------------------------------
CPU name:	Intel(R) Core(TM) i5-7500 CPU @ 3.40GHz
CPU type:	Intel Coffeelake processor
CPU clock:	3.41 GHz
--------------------------------------------------------------------------------
TempoGerarSistema: 8.343685
TempoResolverSistema: 0.173646
TempoCalularResiduo: 1.484974
--------------------------------------------------------------------------------
Region GerarSistema, Group 1: L2CACHE
+-------------------+----------+
|    Region Info    |  Core 3  |
+-------------------+----------+
| RDTSC Runtime [s] | 0.008145 |
|     call count    |        1 |
+-------------------+----------+

+-----------------------+---------+----------+
|         Event         | Counter |  Core 3  |
+-----------------------+---------+----------+
|   INSTR_RETIRED_ANY   |  FIXC0  | 61458560 |
| CPU_CLK_UNHALTED_CORE |  FIXC1  | 30015760 |
|  CPU_CLK_UNHALTED_REF |  FIXC2  | 27711160 |
| L2_TRANS_ALL_REQUESTS |   PMC0  |   135620 |
|     L2_RQSTS_MISS     |   PMC1  |    24495 |
+-----------------------+---------+----------+

+----------------------+-----------+
|        Metric        |   Core 3  |
+----------------------+-----------+
|  Runtime (RDTSC) [s] |    0.0081 |
| Runtime unhalted [s] |    0.0088 |
|      Clock [MHz]     | 3691.3912 |
|          CPI         |    0.4884 |
|    L2 request rate   |    0.0022 |
|     L2 miss rate     |    0.0004 |
|     L2 miss ratio    |    0.1806 |
+----------------------+-----------+

Region ResolverSistema, Group 1: L2CACHE
+-------------------+----------+
|    Region Info    |  Core 3  |
+-------------------+----------+
| RDTSC Runtime [s] | 0.000002 |
|     call count    |        1 |
+-------------------+----------+

+-----------------------+---------+--------+
|         Event         | Counter | Core 3 |
+-----------------------+---------+--------+
|   INSTR_RETIRED_ANY   |  FIXC0  |   8594 |
| CPU_CLK_UNHALTED_CORE |  FIXC1  |  14672 |
|  CPU_CLK_UNHALTED_REF |  FIXC2  |  13348 |
| L2_TRANS_ALL_REQUESTS |   PMC0  |   1781 |
|     L2_RQSTS_MISS     |   PMC1  |    529 |
+-----------------------+---------+--------+

+----------------------+--------------+
|        Metric        |    Core 3    |
+----------------------+--------------+
|  Runtime (RDTSC) [s] | 1.516441e-06 |
| Runtime unhalted [s] | 4.305205e-06 |
|      Clock [MHz]     |    3746.0067 |
|          CPI         |       1.7072 |
|    L2 request rate   |       0.2072 |
|     L2 miss rate     |       0.0616 |
|     L2 miss ratio    |       0.2970 |
+----------------------+--------------+

Region CalcularResiduo, Group 1: L2CACHE
+-------------------+----------+
|    Region Info    |  Core 3  |
+-------------------+----------+
| RDTSC Runtime [s] | 0.001395 |
|     call count    |        1 |
+-------------------+----------+

+-----------------------+---------+----------+
|         Event         | Counter |  Core 3  |
+-----------------------+---------+----------+
|   INSTR_RETIRED_ANY   |  FIXC0  | 10259370 |
| CPU_CLK_UNHALTED_CORE |  FIXC1  |  5201449 |
|  CPU_CLK_UNHALTED_REF |  FIXC2  |  4676344 |
| L2_TRANS_ALL_REQUESTS |   PMC0  |    17561 |
|     L2_RQSTS_MISS     |   PMC1  |     6104 |
+-----------------------+---------+----------+

+----------------------+-----------+
|        Metric        |   Core 3  |
+----------------------+-----------+
|  Runtime (RDTSC) [s] |    0.0014 |
| Runtime unhalted [s] |    0.0015 |
|      Clock [MHz]     | 3790.6468 |
|          CPI         |    0.5070 |
|    L2 request rate   |    0.0017 |
|     L2 miss rate     |    0.0006 |
|     L2 miss ratio    |    0.3476 |
+----------------------+-----------+

--------------------------------------------------------------------------------
CPU name:	Intel(R) Core(TM) i5-7500 CPU @ 3.40GHz
CPU type:	Intel Coffeelake processor
CPU clock:	3.41 GHz
--------------------------------------------------------------------------------
TempoGerarSistema: 11.926845
TempoResolverSistema: 0.179979
TempoCalularResiduo: 2.183507
--------------------------------------------------------------------------------
Region GerarSistema, Group 1: L2CACHE
+-------------------+----------+
|    Region Info    |  Core 3  |
+-------------------+----------+
| RDTSC Runtime [s] | 0.011723 |
|     call count    |        1 |
+-------------------+----------+

+-----------------------+---------+----------+
|         Event         | Counter |  Core 3  |
+-----------------------+---------+----------+
|   INSTR_RETIRED_ANY   |  FIXC0  | 87795550 |
| CPU_CLK_UNHALTED_CORE |  FIXC1  | 42867660 |
|  CPU_CLK_UNHALTED_REF |  FIXC2  | 39580230 |
| L2_TRANS_ALL_REQUESTS |   PMC0  |   212826 |
|     L2_RQSTS_MISS     |   PMC1  |    44069 |
+-----------------------+---------+----------+

+----------------------+-----------+
|        Metric        |   Core 3  |
+----------------------+-----------+
|  Runtime (RDTSC) [s] |    0.0117 |
| Runtime unhalted [s] |    0.0126 |
|      Clock [MHz]     | 3691.0304 |
|          CPI         |    0.4883 |
|    L2 request rate   |    0.0024 |
|     L2 miss rate     |    0.0005 |
|     L2 miss ratio    |    0.2071 |
+----------------------+-----------+

Region ResolverSistema, Group 1: L2CACHE
+-------------------+----------+
|    Region Info    |  Core 3  |
+-------------------+----------+
| RDTSC Runtime [s] | 0.000002 |
|     call count    |        1 |
+-------------------+----------+

+-----------------------+---------+--------+
|         Event         | Counter | Core 3 |
+-----------------------+---------+--------+
|   INSTR_RETIRED_ANY   |  FIXC0  |   8654 |
| CPU_CLK_UNHALTED_CORE |  FIXC1  |  14107 |
|  CPU_CLK_UNHALTED_REF |  FIXC2  |  12780 |
| L2_TRANS_ALL_REQUESTS |   PMC0  |   1605 |
|     L2_RQSTS_MISS     |   PMC1  |    495 |
+-----------------------+---------+--------+

+----------------------+--------------+
|        Metric        |    Core 3    |
+----------------------+--------------+
|  Runtime (RDTSC) [s] | 1.527010e-06 |
| Runtime unhalted [s] | 4.139411e-06 |
|      Clock [MHz]     |    3761.8370 |
|          CPI         |       1.6301 |
|    L2 request rate   |       0.1855 |
|     L2 miss rate     |       0.0572 |
|     L2 miss ratio    |       0.3084 |
+----------------------+--------------+

Region CalcularResiduo, Group 1: L2CACHE
+-------------------+----------+
|    Region Info    |  Core 3  |
+-------------------+----------+
| RDTSC Runtime [s] | 0.002091 |
|     call count    |        1 |
+-------------------+----------+

+-----------------------+---------+----------+
|         Event         | Counter |  Core 3  |
+-----------------------+---------+----------+
|   INSTR_RETIRED_ANY   |  FIXC0  | 14657630 |
| CPU_CLK_UNHALTED_CORE |  FIXC1  |  7443333 |
|  CPU_CLK_UNHALTED_REF |  FIXC2  |  6872374 |
| L2_TRANS_ALL_REQUESTS |   PMC0  |    25208 |
|     L2_RQSTS_MISS     |   PMC1  |     8639 |
+-----------------------+---------+----------+

+----------------------+-----------+
|        Metric        |   Core 3  |
+----------------------+-----------+
|  Runtime (RDTSC) [s] |    0.0021 |
| Runtime unhalted [s] |    0.0022 |
|      Clock [MHz]     | 3691.1086 |
|          CPI         |    0.5078 |
|    L2 request rate   |    0.0017 |
|     L2 miss rate     |    0.0006 |
|     L2 miss ratio    |    0.3427 |
+----------------------+-----------+

--------------------------------------------------------------------------------
CPU name:	Intel(R) Core(TM) i5-7500 CPU @ 3.40GHz
CPU type:	Intel Coffeelake processor
CPU clock:	3.41 GHz
--------------------------------------------------------------------------------
TempoGerarSistema: 57.185753
TempoResolverSistema: 0.180819
TempoCalularResiduo: 10.258830
--------------------------------------------------------------------------------
Region GerarSistema, Group 1: L2CACHE
+-------------------+----------+
|    Region Info    |  Core 3  |
+-------------------+----------+
| RDTSC Runtime [s] | 0.056984 |
|     call count    |        1 |
+-------------------+----------+

+-----------------------+---------+-----------+
|         Event         | Counter |   Core 3  |
+-----------------------+---------+-----------+
|   INSTR_RETIRED_ANY   |  FIXC0  | 438955600 |
| CPU_CLK_UNHALTED_CORE |  FIXC1  | 214253700 |
|  CPU_CLK_UNHALTED_REF |  FIXC2  | 192626300 |
| L2_TRANS_ALL_REQUESTS |   PMC0  |   1523379 |
|     L2_RQSTS_MISS     |   PMC1  |    589859 |
+-----------------------+---------+-----------+

+----------------------+-----------+
|        Metric        |   Core 3  |
+----------------------+-----------+
|  Runtime (RDTSC) [s] |    0.0570 |
| Runtime unhalted [s] |    0.0629 |
|      Clock [MHz]     | 3790.6267 |
|          CPI         |    0.4881 |
|    L2 request rate   |    0.0035 |
|     L2 miss rate     |    0.0013 |
|     L2 miss ratio    |    0.3872 |
+----------------------+-----------+

Region ResolverSistema, Group 1: L2CACHE
+-------------------+----------+
|    Region Info    |  Core 3  |
+-------------------+----------+
| RDTSC Runtime [s] | 0.000002 |
|     call count    |        1 |
+-------------------+----------+

+-----------------------+---------+--------+
|         Event         | Counter | Core 3 |
+-----------------------+---------+--------+
|   INSTR_RETIRED_ANY   |  FIXC0  |   8666 |
| CPU_CLK_UNHALTED_CORE |  FIXC1  |  15005 |
|  CPU_CLK_UNHALTED_REF |  FIXC2  |  13348 |
| L2_TRANS_ALL_REQUESTS |   PMC0  |   1711 |
|     L2_RQSTS_MISS     |   PMC1  |    497 |
+-----------------------+---------+--------+

+----------------------+--------------+
|        Metric        |    Core 3    |
+----------------------+--------------+
|  Runtime (RDTSC) [s] | 1.548715e-06 |
| Runtime unhalted [s] | 4.402889e-06 |
|      Clock [MHz]     |    3831.0522 |
|          CPI         |       1.7315 |
|    L2 request rate   |       0.1974 |
|     L2 miss rate     |       0.0574 |
|     L2 miss ratio    |       0.2905 |
+----------------------+--------------+

Region CalcularResiduo, Group 1: L2CACHE
+-------------------+----------+
|    Region Info    |  Core 3  |
+-------------------+----------+
| RDTSC Runtime [s] | 0.010166 |
|     call count    |        1 |
+-------------------+----------+

+-----------------------+---------+----------+
|         Event         | Counter |  Core 3  |
+-----------------------+---------+----------+
|   INSTR_RETIRED_ANY   |  FIXC0  | 73281720 |
| CPU_CLK_UNHALTED_CORE |  FIXC1  | 37155020 |
|  CPU_CLK_UNHALTED_REF |  FIXC2  | 33449380 |
| L2_TRANS_ALL_REQUESTS |   PMC0  |   125056 |
|     L2_RQSTS_MISS     |   PMC1  |    37529 |
+-----------------------+---------+----------+

+----------------------+-----------+
|        Metric        |   Core 3  |
+----------------------+-----------+
|  Runtime (RDTSC) [s] |    0.0102 |
| Runtime unhalted [s] |    0.0109 |
|      Clock [MHz]     | 3785.5387 |
|          CPI         |    0.5070 |
|    L2 request rate   |    0.0017 |
|     L2 miss rate     |    0.0005 |
|     L2 miss ratio    |    0.3001 |
+----------------------+-----------+

--------------------------------------------------------------------------------
CPU name:	Intel(R) Core(TM) i5-7500 CPU @ 3.40GHz
CPU type:	Intel Coffeelake processor
CPU clock:	3.41 GHz
--------------------------------------------------------------------------------
TempoGerarSistema: 114.099783
TempoResolverSistema: 0.176771
TempoCalularResiduo: 20.238151
--------------------------------------------------------------------------------
Region GerarSistema, Group 1: L2CACHE
+-------------------+----------+
|    Region Info    |  Core 3  |
+-------------------+----------+
| RDTSC Runtime [s] | 0.113862 |
|     call count    |        1 |
+-------------------+----------+

+-----------------------+---------+-----------+
|         Event         | Counter |   Core 3  |
+-----------------------+---------+-----------+
|   INSTR_RETIRED_ANY   |  FIXC0  | 877905600 |
| CPU_CLK_UNHALTED_CORE |  FIXC1  | 428429300 |
|  CPU_CLK_UNHALTED_REF |  FIXC2  | 385198300 |
| L2_TRANS_ALL_REQUESTS |   PMC0  |   3039537 |
|     L2_RQSTS_MISS     |   PMC1  |   1178008 |
+-----------------------+---------+-----------+

+----------------------+-----------+
|        Metric        |   Core 3  |
+----------------------+-----------+
|  Runtime (RDTSC) [s] |    0.1139 |
| Runtime unhalted [s] |    0.1257 |
|      Clock [MHz]     | 3790.4669 |
|          CPI         |    0.4880 |
|    L2 request rate   |    0.0035 |
|     L2 miss rate     |    0.0013 |
|     L2 miss ratio    |    0.3876 |
+----------------------+-----------+

Region ResolverSistema, Group 1: L2CACHE
+-------------------+----------+
|    Region Info    |  Core 3  |
+-------------------+----------+
| RDTSC Runtime [s] | 0.000002 |
|     call count    |        1 |
+-------------------+----------+

+-----------------------+---------+--------+
|         Event         | Counter | Core 3 |
+-----------------------+---------+--------+
|   INSTR_RETIRED_ANY   |  FIXC0  |   8694 |
| CPU_CLK_UNHALTED_CORE |  FIXC1  |  15377 |
|  CPU_CLK_UNHALTED_REF |  FIXC2  |  13490 |
| L2_TRANS_ALL_REQUESTS |   PMC0  |   1794 |
|     L2_RQSTS_MISS     |   PMC1  |    538 |
+-----------------------+---------+--------+

+----------------------+--------------+
|        Metric        |    Core 3    |
+----------------------+--------------+
|  Runtime (RDTSC) [s] | 1.570427e-06 |
| Runtime unhalted [s] | 4.512048e-06 |
|      Clock [MHz]     |    3884.7008 |
|          CPI         |       1.7687 |
|    L2 request rate   |       0.2063 |
|     L2 miss rate     |       0.0619 |
|     L2 miss ratio    |       0.2999 |
+----------------------+--------------+

Region CalcularResiduo, Group 1: L2CACHE
+-------------------+----------+
|    Region Info    |  Core 3  |
+-------------------+----------+
| RDTSC Runtime [s] | 0.020145 |
|     call count    |        1 |
+-------------------+----------+

+-----------------------+---------+-----------+
|         Event         | Counter |   Core 3  |
+-----------------------+---------+-----------+
|   INSTR_RETIRED_ANY   |  FIXC0  | 146568400 |
| CPU_CLK_UNHALTED_CORE |  FIXC1  |  74261080 |
|  CPU_CLK_UNHALTED_REF |  FIXC2  |  66766410 |
| L2_TRANS_ALL_REQUESTS |   PMC0  |    219671 |
|     L2_RQSTS_MISS     |   PMC1  |     73259 |
+-----------------------+---------+-----------+

+----------------------+-----------+
|        Metric        |   Core 3  |
+----------------------+-----------+
|  Runtime (RDTSC) [s] |    0.0201 |
| Runtime unhalted [s] |    0.0218 |
|      Clock [MHz]     | 3790.5405 |
|          CPI         |    0.5067 |
|    L2 request rate   |    0.0015 |
|     L2 miss rate     |    0.0005 |
|     L2 miss ratio    |    0.3335 |
+----------------------+-----------+

--------------------------------------------------------------------------------
CPU name:	Intel(R) Core(TM) i5-7500 CPU @ 3.40GHz
CPU type:	Intel Coffeelake processor
CPU clock:	3.41 GHz
--------------------------------------------------------------------------------
TempoGerarSistema: 1139.121827
TempoResolverSistema: 0.181608
TempoCalularResiduo: 198.064395
--------------------------------------------------------------------------------
Region GerarSistema, Group 1: L2CACHE
+-------------------+----------+
|    Region Info    |  Core 3  |
+-------------------+----------+
| RDTSC Runtime [s] | 1.138849 |
|     call count    |        1 |
+-------------------+----------+

+-----------------------+---------+------------+
|         Event         | Counter |   Core 3   |
+-----------------------+---------+------------+
|   INSTR_RETIRED_ANY   |  FIXC0  | 8779006000 |
| CPU_CLK_UNHALTED_CORE |  FIXC1  | 4284774000 |
|  CPU_CLK_UNHALTED_REF |  FIXC2  | 3852424000 |
| L2_TRANS_ALL_REQUESTS |   PMC0  |   36948150 |
|     L2_RQSTS_MISS     |   PMC1  |   11656830 |
+-----------------------+---------+------------+

+----------------------+-----------+
|        Metric        |   Core 3  |
+----------------------+-----------+
|  Runtime (RDTSC) [s] |    1.1388 |
| Runtime unhalted [s] |    1.2573 |
|      Clock [MHz]     | 3790.4639 |
|          CPI         |    0.4881 |
|    L2 request rate   |    0.0042 |
|     L2 miss rate     |    0.0013 |
|     L2 miss ratio    |    0.3155 |
+----------------------+-----------+

Region ResolverSistema, Group 1: L2CACHE
+-------------------+----------+
|    Region Info    |  Core 3  |
+-------------------+----------+
| RDTSC Runtime [s] | 0.000002 |
|     call count    |        1 |
+-------------------+----------+

+-----------------------+---------+--------+
|         Event         | Counter | Core 3 |
+-----------------------+---------+--------+
|   INSTR_RETIRED_ANY   |  FIXC0  |   8694 |
| CPU_CLK_UNHALTED_CORE |  FIXC1  |  16339 |
|  CPU_CLK_UNHALTED_REF |  FIXC2  |  14768 |
| L2_TRANS_ALL_REQUESTS |   PMC0  |   1767 |
|     L2_RQSTS_MISS     |   PMC1  |    509 |
+-----------------------+---------+--------+

+----------------------+--------------+
|        Metric        |    Core 3    |
+----------------------+--------------+
|  Runtime (RDTSC) [s] | 1.618550e-06 |
| Runtime unhalted [s] | 4.794319e-06 |
|      Clock [MHz]     |    3770.5293 |
|          CPI         |       1.8793 |
|    L2 request rate   |       0.2032 |
|     L2 miss rate     |       0.0585 |
|     L2 miss ratio    |       0.2881 |
+----------------------+--------------+

Region CalcularResiduo, Group 1: L2CACHE
+-------------------+----------+
|    Region Info    |  Core 3  |
+-------------------+----------+
| RDTSC Runtime [s] | 0.197949 |
|     call count    |        1 |
+-------------------+----------+

+-----------------------+---------+------------+
|         Event         | Counter |   Core 3   |
+-----------------------+---------+------------+
|   INSTR_RETIRED_ANY   |  FIXC0  | 1464931000 |
| CPU_CLK_UNHALTED_CORE |  FIXC1  |  739921700 |
|  CPU_CLK_UNHALTED_REF |  FIXC2  |  665253400 |
| L2_TRANS_ALL_REQUESTS |   PMC0  |    3431746 |
|     L2_RQSTS_MISS     |   PMC1  |     975474 |
+-----------------------+---------+------------+

+----------------------+-----------+
|        Metric        |   Core 3  |
+----------------------+-----------+
|  Runtime (RDTSC) [s] |    0.1979 |
| Runtime unhalted [s] |    0.2171 |
|      Clock [MHz]     | 3790.5060 |
|          CPI         |    0.5051 |
|    L2 request rate   |    0.0023 |
|     L2 miss rate     |    0.0007 |
|     L2 miss ratio    |    0.2843 |
+----------------------+-----------+

--------------------------------------------------------------------------------
CPU name:	Intel(R) Core(TM) i5-7500 CPU @ 3.40GHz
CPU type:	Intel Coffeelake processor
CPU clock:	3.41 GHz
--------------------------------------------------------------------------------
TempoGerarSistema: 11389.298217
TempoResolverSistema: 0.181016
TempoCalularResiduo: 1973.588533
--------------------------------------------------------------------------------
Region GerarSistema, Group 1: L2CACHE
+-------------------+-----------+
|    Region Info    |   Core 3  |
+-------------------+-----------+
| RDTSC Runtime [s] | 11.389050 |
|     call count    |         1 |
+-------------------+-----------+

+-----------------------+---------+-------------+
|         Event         | Counter |    Core 3   |
+-----------------------+---------+-------------+
|   INSTR_RETIRED_ANY   |  FIXC0  | 87790010000 |
| CPU_CLK_UNHALTED_CORE |  FIXC1  | 42848320000 |
|  CPU_CLK_UNHALTED_REF |  FIXC2  | 38525620000 |
| L2_TRANS_ALL_REQUESTS |   PMC0  |   379593700 |
|     L2_RQSTS_MISS     |   PMC1  |   116129300 |
+-----------------------+---------+-------------+

+----------------------+-----------+
|        Metric        |   Core 3  |
+----------------------+-----------+
|  Runtime (RDTSC) [s] |   11.3890 |
| Runtime unhalted [s] |   12.5729 |
|      Clock [MHz]     | 3790.3687 |
|          CPI         |    0.4881 |
|    L2 request rate   |    0.0043 |
|     L2 miss rate     |    0.0013 |
|     L2 miss ratio    |    0.3059 |
+----------------------+-----------+

Region ResolverSistema, Group 1: L2CACHE
+-------------------+----------+
|    Region Info    |  Core 3  |
+-------------------+----------+
| RDTSC Runtime [s] | 0.000002 |
|     call count    |        1 |
+-------------------+----------+

+-----------------------+---------+--------+
|         Event         | Counter | Core 3 |
+-----------------------+---------+--------+
|   INSTR_RETIRED_ANY   |  FIXC0  |   8710 |
| CPU_CLK_UNHALTED_CORE |  FIXC1  |  15931 |
|  CPU_CLK_UNHALTED_REF |  FIXC2  |  14484 |
| L2_TRANS_ALL_REQUESTS |   PMC0  |   1967 |
|     L2_RQSTS_MISS     |   PMC1  |    616 |
+-----------------------+---------+--------+

+----------------------+--------------+
|        Metric        |    Core 3    |
+----------------------+--------------+
|  Runtime (RDTSC) [s] | 1.586873e-06 |
| Runtime unhalted [s] | 4.674614e-06 |
|      Clock [MHz]     |    3748.4508 |
|          CPI         |       1.8290 |
|    L2 request rate   |       0.2258 |
|     L2 miss rate     |       0.0707 |
|     L2 miss ratio    |       0.3132 |
+----------------------+--------------+

Region CalcularResiduo, Group 1: L2CACHE
+-------------------+----------+
|    Region Info    |  Core 3  |
+-------------------+----------+
| RDTSC Runtime [s] | 1.973170 |
|     call count    |        1 |
+-------------------+----------+

+-----------------------+---------+-------------+
|         Event         | Counter |    Core 3   |
+-----------------------+---------+-------------+
|   INSTR_RETIRED_ANY   |  FIXC0  | 14653460000 |
| CPU_CLK_UNHALTED_CORE |  FIXC1  |  7397664000 |
|  CPU_CLK_UNHALTED_REF |  FIXC2  |  6651742000 |
| L2_TRANS_ALL_REQUESTS |   PMC0  |    34850440 |
|     L2_RQSTS_MISS     |   PMC1  |     9974211 |
+-----------------------+---------+-------------+

+----------------------+-----------+
|        Metric        |   Core 3  |
+----------------------+-----------+
|  Runtime (RDTSC) [s] |    1.9732 |
| Runtime unhalted [s] |    2.1707 |
|      Clock [MHz]     | 3790.1509 |
|          CPI         |    0.5048 |
|    L2 request rate   |    0.0024 |
|     L2 miss rate     |    0.0007 |
|     L2 miss ratio    |    0.2862 |
+----------------------+-----------+

--------------------------------------------------------------------------------
CPU name:	Intel(R) Core(TM) i5-7500 CPU @ 3.40GHz
CPU type:	Intel Coffeelake processor
CPU clock:	3.41 GHz
--------------------------------------------------------------------------------
TempoGerarSistema: 114056.136555
TempoResolverSistema: 0.184852
TempoCalularResiduo: 20093.962088
--------------------------------------------------------------------------------
Region GerarSistema, Group 1: L2CACHE
+-------------------+------------+
|    Region Info    |   Core 3   |
+-------------------+------------+
| RDTSC Runtime [s] | 114.086300 |
|     call count    |          1 |
+-------------------+------------+

+-----------------------+---------+--------------+
|         Event         | Counter |    Core 3    |
+-----------------------+---------+--------------+
|   INSTR_RETIRED_ANY   |  FIXC0  | 877900100000 |
| CPU_CLK_UNHALTED_CORE |  FIXC1  | 428470700000 |
|  CPU_CLK_UNHALTED_REF |  FIXC2  | 385516200000 |
| L2_TRANS_ALL_REQUESTS |   PMC0  |   3806435000 |
|     L2_RQSTS_MISS     |   PMC1  |   1161603000 |
+-----------------------+---------+--------------+

+----------------------+-----------+
|        Metric        |   Core 3  |
+----------------------+-----------+
|  Runtime (RDTSC) [s] |  114.0863 |
| Runtime unhalted [s] |  125.7254 |
|      Clock [MHz]     | 3787.7100 |
|          CPI         |    0.4881 |
|    L2 request rate   |    0.0043 |
|     L2 miss rate     |    0.0013 |
|     L2 miss ratio    |    0.3052 |
+----------------------+-----------+

Region ResolverSistema, Group 1: L2CACHE
+-------------------+----------+
|    Region Info    |  Core 3  |
+-------------------+----------+
| RDTSC Runtime [s] | 0.000002 |
|     call count    |        1 |
+-------------------+----------+

+-----------------------+---------+--------+
|         Event         | Counter | Core 3 |
+-----------------------+---------+--------+
|   INSTR_RETIRED_ANY   |  FIXC0  |   8638 |
| CPU_CLK_UNHALTED_CORE |  FIXC1  |  16181 |
|  CPU_CLK_UNHALTED_REF |  FIXC2  |  14626 |
| L2_TRANS_ALL_REQUESTS |   PMC0  |   1924 |
|     L2_RQSTS_MISS     |   PMC1  |    630 |
+-----------------------+---------+--------+

+----------------------+--------------+
|        Metric        |    Core 3    |
+----------------------+--------------+
|  Runtime (RDTSC) [s] | 1.569106e-06 |
| Runtime unhalted [s] | 4.747961e-06 |
|      Clock [MHz]     |    3770.3183 |
|          CPI         |       1.8732 |
|    L2 request rate   |       0.2227 |
|     L2 miss rate     |       0.0729 |
|     L2 miss ratio    |       0.3274 |
+----------------------+--------------+

Region CalcularResiduo, Group 1: L2CACHE
+-------------------+-----------+
|    Region Info    |   Core 3  |
+-------------------+-----------+
| RDTSC Runtime [s] | 20.095350 |
|     call count    |         1 |
+-------------------+-----------+

+-----------------------+---------+--------------+
|         Event         | Counter |    Core 3    |
+-----------------------+---------+--------------+
|   INSTR_RETIRED_ANY   |  FIXC0  | 146503600000 |
| CPU_CLK_UNHALTED_CORE |  FIXC1  |  74179820000 |
|  CPU_CLK_UNHALTED_REF |  FIXC2  |  66719690000 |
| L2_TRANS_ALL_REQUESTS |   PMC0  |    254301900 |
|     L2_RQSTS_MISS     |   PMC1  |     72293530 |
+-----------------------+---------+--------------+

+----------------------+-----------+
|        Metric        |   Core 3  |
+----------------------+-----------+
|  Runtime (RDTSC) [s] |   20.0953 |
| Runtime unhalted [s] |   21.7664 |
|      Clock [MHz]     | 3789.0469 |
|          CPI         |    0.5063 |
|    L2 request rate   |    0.0017 |
|     L2 miss rate     |    0.0005 |
|     L2 miss ratio    |    0.2843 |
+----------------------+-----------+

